{"/Users/squidwardsus/Developer/Code/sawangan_api/src/main.js": {"path":"/Users/squidwardsus/Developer/Code/sawangan_api/src/main.js","statementMap":{"0":{"start":{"line":5,"column":0},"end":{"line":7,"column":3}},"1":{"start":{"line":6,"column":2},"end":{"line":6,"column":48}}},"fnMap":{"0":{"name":"(anonymous_0)","decl":{"start":{"line":5,"column":17},"end":{"line":5,"column":18}},"loc":{"start":{"line":5,"column":23},"end":{"line":7,"column":1}},"line":5}},"branchMap":{},"s":{"0":0,"1":0},"f":{"0":0},"b":{}}
,"/Users/squidwardsus/Developer/Code/sawangan_api/src/application/database.js": {"path":"/Users/squidwardsus/Developer/Code/sawangan_api/src/application/database.js","statementMap":{"0":{"start":{"line":5,"column":21},"end":{"line":24,"column":2}},"1":{"start":{"line":26,"column":0},"end":{"line":28,"column":3}},"2":{"start":{"line":27,"column":2},"end":{"line":27,"column":20}},"3":{"start":{"line":30,"column":0},"end":{"line":32,"column":3}},"4":{"start":{"line":31,"column":2},"end":{"line":31,"column":21}},"5":{"start":{"line":34,"column":0},"end":{"line":36,"column":3}},"6":{"start":{"line":35,"column":2},"end":{"line":35,"column":20}},"7":{"start":{"line":38,"column":0},"end":{"line":40,"column":3}},"8":{"start":{"line":39,"column":2},"end":{"line":39,"column":20}}},"fnMap":{"0":{"name":"(anonymous_0)","decl":{"start":{"line":26,"column":26},"end":{"line":26,"column":27}},"loc":{"start":{"line":26,"column":33},"end":{"line":28,"column":1}},"line":26},"1":{"name":"(anonymous_1)","decl":{"start":{"line":30,"column":26},"end":{"line":30,"column":27}},"loc":{"start":{"line":30,"column":33},"end":{"line":32,"column":1}},"line":30},"2":{"name":"(anonymous_2)","decl":{"start":{"line":34,"column":25},"end":{"line":34,"column":26}},"loc":{"start":{"line":34,"column":32},"end":{"line":36,"column":1}},"line":34},"3":{"name":"(anonymous_3)","decl":{"start":{"line":38,"column":25},"end":{"line":38,"column":26}},"loc":{"start":{"line":38,"column":32},"end":{"line":40,"column":1}},"line":38}},"branchMap":{},"s":{"0":7,"1":7,"2":466,"3":7,"4":15,"5":7,"6":7,"7":7,"8":0},"f":{"0":466,"1":15,"2":7,"3":0},"b":{},"_coverageSchema":"1a1c01bbd47fc00a2c39e90264f33305004495a9","hash":"1f0fc93827e183e2aeff1e6a2430d890c60fd46c"}
,"/Users/squidwardsus/Developer/Code/sawangan_api/src/application/logger.js": {"path":"/Users/squidwardsus/Developer/Code/sawangan_api/src/application/logger.js","statementMap":{"0":{"start":{"line":4,"column":25},"end":{"line":10,"column":2}}},"fnMap":{},"branchMap":{},"s":{"0":7},"f":{},"b":{},"_coverageSchema":"1a1c01bbd47fc00a2c39e90264f33305004495a9","hash":"8321ad515def1b7da22e286547ebc910639d6cf1"}
,"/Users/squidwardsus/Developer/Code/sawangan_api/src/application/web.js": {"path":"/Users/squidwardsus/Developer/Code/sawangan_api/src/application/web.js","statementMap":{"0":{"start":{"line":10,"column":19},"end":{"line":10,"column":28}},"1":{"start":{"line":11,"column":0},"end":{"line":11,"column":23}},"2":{"start":{"line":13,"column":0},"end":{"line":13,"column":24}},"3":{"start":{"line":14,"column":0},"end":{"line":14,"column":15}},"4":{"start":{"line":16,"column":0},"end":{"line":16,"column":21}},"5":{"start":{"line":17,"column":0},"end":{"line":17,"column":16}},"6":{"start":{"line":18,"column":0},"end":{"line":18,"column":21}},"7":{"start":{"line":22,"column":0},"end":{"line":22,"column":25}}},"fnMap":{},"branchMap":{},"s":{"0":7,"1":7,"2":7,"3":7,"4":7,"5":7,"6":7,"7":7},"f":{},"b":{},"_coverageSchema":"1a1c01bbd47fc00a2c39e90264f33305004495a9","hash":"23503752858b356815841324f69c3cc7ec584dc1"}
,"/Users/squidwardsus/Developer/Code/sawangan_api/src/controller/cart-controller.js": {"path":"/Users/squidwardsus/Developer/Code/sawangan_api/src/controller/cart-controller.js","statementMap":{"0":{"start":{"line":5,"column":23},"end":{"line":16,"column":1}},"1":{"start":{"line":6,"column":2},"end":{"line":15,"column":3}},"2":{"start":{"line":7,"column":19},"end":{"line":7,"column":30}},"3":{"start":{"line":8,"column":17},"end":{"line":8,"column":50}},"4":{"start":{"line":9,"column":4},"end":{"line":12,"column":6}},"5":{"start":{"line":14,"column":4},"end":{"line":14,"column":15}},"6":{"start":{"line":18,"column":29},"end":{"line":31,"column":1}},"7":{"start":{"line":19,"column":2},"end":{"line":30,"column":3}},"8":{"start":{"line":20,"column":19},"end":{"line":20,"column":30}},"9":{"start":{"line":21,"column":20},"end":{"line":21,"column":58}},"10":{"start":{"line":23,"column":17},"end":{"line":23,"column":65}},"11":{"start":{"line":24,"column":4},"end":{"line":27,"column":7}},"12":{"start":{"line":29,"column":4},"end":{"line":29,"column":16}},"13":{"start":{"line":33,"column":30},"end":{"line":47,"column":1}},"14":{"start":{"line":34,"column":2},"end":{"line":46,"column":3}},"15":{"start":{"line":35,"column":19},"end":{"line":35,"column":30}},"16":{"start":{"line":36,"column":22},"end":{"line":36,"column":42}},"17":{"start":{"line":37,"column":20},"end":{"line":37,"column":64}},"18":{"start":{"line":39,"column":17},"end":{"line":39,"column":77}},"19":{"start":{"line":40,"column":4},"end":{"line":43,"column":7}},"20":{"start":{"line":45,"column":4},"end":{"line":45,"column":16}},"21":{"start":{"line":49,"column":34},"end":{"line":62,"column":1}},"22":{"start":{"line":50,"column":2},"end":{"line":61,"column":3}},"23":{"start":{"line":51,"column":19},"end":{"line":51,"column":30}},"24":{"start":{"line":52,"column":22},"end":{"line":52,"column":42}},"25":{"start":{"line":54,"column":17},"end":{"line":54,"column":72}},"26":{"start":{"line":55,"column":4},"end":{"line":58,"column":7}},"27":{"start":{"line":60,"column":4},"end":{"line":60,"column":16}},"28":{"start":{"line":64,"column":25},"end":{"line":76,"column":1}},"29":{"start":{"line":65,"column":2},"end":{"line":75,"column":3}},"30":{"start":{"line":66,"column":19},"end":{"line":66,"column":30}},"31":{"start":{"line":67,"column":4},"end":{"line":67,"column":40}},"32":{"start":{"line":69,"column":4},"end":{"line":72,"column":7}},"33":{"start":{"line":74,"column":4},"end":{"line":74,"column":16}}},"fnMap":{"0":{"name":"(anonymous_0)","decl":{"start":{"line":5,"column":23},"end":{"line":5,"column":24}},"loc":{"start":{"line":5,"column":49},"end":{"line":16,"column":1}},"line":5},"1":{"name":"(anonymous_1)","decl":{"start":{"line":18,"column":29},"end":{"line":18,"column":30}},"loc":{"start":{"line":18,"column":55},"end":{"line":31,"column":1}},"line":18},"2":{"name":"(anonymous_2)","decl":{"start":{"line":33,"column":30},"end":{"line":33,"column":31}},"loc":{"start":{"line":33,"column":56},"end":{"line":47,"column":1}},"line":33},"3":{"name":"(anonymous_3)","decl":{"start":{"line":49,"column":34},"end":{"line":49,"column":35}},"loc":{"start":{"line":49,"column":60},"end":{"line":62,"column":1}},"line":49},"4":{"name":"(anonymous_4)","decl":{"start":{"line":64,"column":25},"end":{"line":64,"column":26}},"loc":{"start":{"line":64,"column":51},"end":{"line":76,"column":1}},"line":64}},"branchMap":{},"s":{"0":7,"1":1,"2":1,"3":1,"4":1,"5":0,"6":7,"7":3,"8":3,"9":3,"10":3,"11":1,"12":2,"13":7,"14":3,"15":3,"16":3,"17":3,"18":3,"19":1,"20":2,"21":7,"22":3,"23":3,"24":3,"25":3,"26":1,"27":2,"28":7,"29":2,"30":2,"31":2,"32":1,"33":1},"f":{"0":1,"1":3,"2":3,"3":3,"4":2},"b":{},"_coverageSchema":"1a1c01bbd47fc00a2c39e90264f33305004495a9","hash":"ec090feb6b6e14f618950cd8e15770daba31c47b"}
,"/Users/squidwardsus/Developer/Code/sawangan_api/src/controller/checkout-controller.js": {"path":"/Users/squidwardsus/Developer/Code/sawangan_api/src/controller/checkout-controller.js","statementMap":{"0":{"start":{"line":9,"column":24},"end":{"line":25,"column":1}},"1":{"start":{"line":10,"column":2},"end":{"line":24,"column":3}},"2":{"start":{"line":11,"column":19},"end":{"line":11,"column":30}},"3":{"start":{"line":12,"column":20},"end":{"line":12,"column":58}},"4":{"start":{"line":13,"column":18},"end":{"line":13,"column":72}},"5":{"start":{"line":15,"column":4},"end":{"line":21,"column":7}},"6":{"start":{"line":23,"column":4},"end":{"line":23,"column":16}},"7":{"start":{"line":29,"column":34},"end":{"line":84,"column":1}},"8":{"start":{"line":30,"column":2},"end":{"line":83,"column":3}},"9":{"start":{"line":39,"column":8},"end":{"line":39,"column":17}},"10":{"start":{"line":41,"column":4},"end":{"line":43,"column":5}},"11":{"start":{"line":42,"column":6},"end":{"line":42,"column":66}},"12":{"start":{"line":46,"column":19},"end":{"line":52,"column":5}},"13":{"start":{"line":55,"column":4},"end":{"line":55,"column":58}},"14":{"start":{"line":57,"column":20},"end":{"line":57,"column":70}},"15":{"start":{"line":59,"column":4},"end":{"line":66,"column":7}},"16":{"start":{"line":70,"column":23},"end":{"line":70,"column":42}},"17":{"start":{"line":71,"column":22},"end":{"line":75,"column":5}},"18":{"start":{"line":77,"column":4},"end":{"line":77,"column":72}},"19":{"start":{"line":79,"column":4},"end":{"line":82,"column":7}},"20":{"start":{"line":89,"column":34},"end":{"line":138,"column":1}},"21":{"start":{"line":90,"column":2},"end":{"line":137,"column":3}},"22":{"start":{"line":91,"column":24},"end":{"line":91,"column":33}},"23":{"start":{"line":94,"column":4},"end":{"line":103,"column":5}},"24":{"start":{"line":95,"column":6},"end":{"line":95,"column":89}},"25":{"start":{"line":105,"column":20},"end":{"line":105,"column":75}},"26":{"start":{"line":108,"column":4},"end":{"line":116,"column":7}},"27":{"start":{"line":120,"column":23},"end":{"line":120,"column":42}},"28":{"start":{"line":121,"column":26},"end":{"line":128,"column":5}},"29":{"start":{"line":130,"column":4},"end":{"line":134,"column":7}},"30":{"start":{"line":136,"column":4},"end":{"line":136,"column":54}}},"fnMap":{"0":{"name":"(anonymous_0)","decl":{"start":{"line":9,"column":24},"end":{"line":9,"column":25}},"loc":{"start":{"line":9,"column":50},"end":{"line":25,"column":1}},"line":9},"1":{"name":"(anonymous_1)","decl":{"start":{"line":29,"column":34},"end":{"line":29,"column":35}},"loc":{"start":{"line":29,"column":60},"end":{"line":84,"column":1}},"line":29},"2":{"name":"(anonymous_2)","decl":{"start":{"line":89,"column":34},"end":{"line":89,"column":35}},"loc":{"start":{"line":89,"column":60},"end":{"line":138,"column":1}},"line":89}},"branchMap":{"0":{"loc":{"start":{"line":37,"column":6},"end":{"line":37,"column":20}},"type":"default-arg","locations":[{"start":{"line":37,"column":19},"end":{"line":37,"column":20}}],"line":37},"1":{"loc":{"start":{"line":38,"column":6},"end":{"line":38,"column":16}},"type":"default-arg","locations":[{"start":{"line":38,"column":12},"end":{"line":38,"column":16}}],"line":38},"2":{"loc":{"start":{"line":41,"column":4},"end":{"line":43,"column":5}},"type":"if","locations":[{"start":{"line":41,"column":4},"end":{"line":43,"column":5}},{"start":{},"end":{}}],"line":41},"3":{"loc":{"start":{"line":41,"column":8},"end":{"line":41,"column":70}},"type":"binary-expr","locations":[{"start":{"line":41,"column":8},"end":{"line":41,"column":31}},{"start":{"line":41,"column":35},"end":{"line":41,"column":59}},{"start":{"line":41,"column":63},"end":{"line":41,"column":70}}],"line":41},"4":{"loc":{"start":{"line":50,"column":18},"end":{"line":50,"column":43}},"type":"binary-expr","locations":[{"start":{"line":50,"column":18},"end":{"line":50,"column":38}},{"start":{"line":50,"column":42},"end":{"line":50,"column":43}}],"line":50},"5":{"loc":{"start":{"line":70,"column":23},"end":{"line":70,"column":42}},"type":"binary-expr","locations":[{"start":{"line":70,"column":23},"end":{"line":70,"column":35}},{"start":{"line":70,"column":39},"end":{"line":70,"column":42}}],"line":70},"6":{"loc":{"start":{"line":72,"column":12},"end":{"line":72,"column":54}},"type":"binary-expr","locations":[{"start":{"line":72,"column":12},"end":{"line":72,"column":22}},{"start":{"line":72,"column":26},"end":{"line":72,"column":54}}],"line":72},"7":{"loc":{"start":{"line":74,"column":10},"end":{"line":74,"column":53}},"type":"binary-expr","locations":[{"start":{"line":74,"column":10},"end":{"line":74,"column":23}},{"start":{"line":74,"column":27},"end":{"line":74,"column":53}}],"line":74},"8":{"loc":{"start":{"line":94,"column":4},"end":{"line":103,"column":5}},"type":"if","locations":[{"start":{"line":94,"column":4},"end":{"line":103,"column":5}},{"start":{},"end":{}}],"line":94},"9":{"loc":{"start":{"line":94,"column":8},"end":{"line":94,"column":76}},"type":"binary-expr","locations":[{"start":{"line":94,"column":8},"end":{"line":94,"column":16}},{"start":{"line":94,"column":20},"end":{"line":94,"column":47}},{"start":{"line":94,"column":51},"end":{"line":94,"column":76}}],"line":94},"10":{"loc":{"start":{"line":120,"column":23},"end":{"line":120,"column":42}},"type":"binary-expr","locations":[{"start":{"line":120,"column":23},"end":{"line":120,"column":35}},{"start":{"line":120,"column":39},"end":{"line":120,"column":42}}],"line":120},"11":{"loc":{"start":{"line":124,"column":14},"end":{"line":124,"column":51}},"type":"binary-expr","locations":[{"start":{"line":124,"column":14},"end":{"line":124,"column":24}},{"start":{"line":124,"column":28},"end":{"line":124,"column":51}}],"line":124},"12":{"loc":{"start":{"line":126,"column":12},"end":{"line":126,"column":55}},"type":"binary-expr","locations":[{"start":{"line":126,"column":12},"end":{"line":126,"column":25}},{"start":{"line":126,"column":29},"end":{"line":126,"column":55}}],"line":126}},"s":{"0":7,"1":5,"2":5,"3":5,"4":5,"5":1,"6":4,"7":7,"8":0,"9":0,"10":0,"11":0,"12":0,"13":0,"14":0,"15":0,"16":0,"17":0,"18":0,"19":0,"20":7,"21":0,"22":0,"23":0,"24":0,"25":0,"26":0,"27":0,"28":0,"29":0,"30":0},"f":{"0":5,"1":0,"2":0},"b":{"0":[0],"1":[0],"2":[0,0],"3":[0,0,0],"4":[0,0],"5":[0,0],"6":[0,0],"7":[0,0],"8":[0,0],"9":[0,0,0],"10":[0,0],"11":[0,0],"12":[0,0]},"_coverageSchema":"1a1c01bbd47fc00a2c39e90264f33305004495a9","hash":"caaa23f87ca5378d0576263bef78e52aec605bd8"}
,"/Users/squidwardsus/Developer/Code/sawangan_api/src/controller/dashboard-controller.js": {"path":"/Users/squidwardsus/Developer/Code/sawangan_api/src/controller/dashboard-controller.js","statementMap":{"0":{"start":{"line":4,"column":29},"end":{"line":27,"column":1}},"1":{"start":{"line":5,"column":2},"end":{"line":26,"column":3}},"2":{"start":{"line":6,"column":35},"end":{"line":6,"column":44}},"3":{"start":{"line":8,"column":19},"end":{"line":8,"column":21}},"4":{"start":{"line":9,"column":4},"end":{"line":14,"column":5}},"5":{"start":{"line":10,"column":6},"end":{"line":13,"column":8}},"6":{"start":{"line":16,"column":24},"end":{"line":16,"column":68}},"7":{"start":{"line":18,"column":4},"end":{"line":23,"column":7}},"8":{"start":{"line":25,"column":4},"end":{"line":25,"column":16}},"9":{"start":{"line":30,"column":31},"end":{"line":43,"column":1}},"10":{"start":{"line":31,"column":2},"end":{"line":42,"column":3}},"11":{"start":{"line":32,"column":26},"end":{"line":32,"column":66}},"12":{"start":{"line":34,"column":4},"end":{"line":39,"column":7}},"13":{"start":{"line":41,"column":4},"end":{"line":41,"column":16}},"14":{"start":{"line":46,"column":31},"end":{"line":69,"column":1}},"15":{"start":{"line":47,"column":2},"end":{"line":68,"column":3}},"16":{"start":{"line":48,"column":35},"end":{"line":48,"column":44}},"17":{"start":{"line":50,"column":19},"end":{"line":50,"column":21}},"18":{"start":{"line":51,"column":4},"end":{"line":56,"column":5}},"19":{"start":{"line":52,"column":6},"end":{"line":55,"column":8}},"20":{"start":{"line":58,"column":25},"end":{"line":58,"column":71}},"21":{"start":{"line":60,"column":4},"end":{"line":65,"column":7}},"22":{"start":{"line":67,"column":4},"end":{"line":67,"column":16}},"23":{"start":{"line":72,"column":28},"end":{"line":85,"column":1}},"24":{"start":{"line":73,"column":2},"end":{"line":84,"column":3}},"25":{"start":{"line":74,"column":23},"end":{"line":74,"column":60}},"26":{"start":{"line":76,"column":4},"end":{"line":81,"column":7}},"27":{"start":{"line":83,"column":4},"end":{"line":83,"column":16}}},"fnMap":{"0":{"name":"(anonymous_0)","decl":{"start":{"line":4,"column":29},"end":{"line":4,"column":30}},"loc":{"start":{"line":4,"column":55},"end":{"line":27,"column":1}},"line":4},"1":{"name":"(anonymous_1)","decl":{"start":{"line":30,"column":31},"end":{"line":30,"column":32}},"loc":{"start":{"line":30,"column":57},"end":{"line":43,"column":1}},"line":30},"2":{"name":"(anonymous_2)","decl":{"start":{"line":46,"column":31},"end":{"line":46,"column":32}},"loc":{"start":{"line":46,"column":57},"end":{"line":69,"column":1}},"line":46},"3":{"name":"(anonymous_3)","decl":{"start":{"line":72,"column":28},"end":{"line":72,"column":29}},"loc":{"start":{"line":72,"column":54},"end":{"line":85,"column":1}},"line":72}},"branchMap":{"0":{"loc":{"start":{"line":9,"column":4},"end":{"line":14,"column":5}},"type":"if","locations":[{"start":{"line":9,"column":4},"end":{"line":14,"column":5}},{"start":{},"end":{}}],"line":9},"1":{"loc":{"start":{"line":9,"column":8},"end":{"line":9,"column":28}},"type":"binary-expr","locations":[{"start":{"line":9,"column":8},"end":{"line":9,"column":17}},{"start":{"line":9,"column":21},"end":{"line":9,"column":28}}],"line":9},"2":{"loc":{"start":{"line":51,"column":4},"end":{"line":56,"column":5}},"type":"if","locations":[{"start":{"line":51,"column":4},"end":{"line":56,"column":5}},{"start":{},"end":{}}],"line":51},"3":{"loc":{"start":{"line":51,"column":8},"end":{"line":51,"column":28}},"type":"binary-expr","locations":[{"start":{"line":51,"column":8},"end":{"line":51,"column":17}},{"start":{"line":51,"column":21},"end":{"line":51,"column":28}}],"line":51}},"s":{"0":7,"1":0,"2":0,"3":0,"4":0,"5":0,"6":0,"7":0,"8":0,"9":7,"10":0,"11":0,"12":0,"13":0,"14":7,"15":0,"16":0,"17":0,"18":0,"19":0,"20":0,"21":0,"22":0,"23":7,"24":0,"25":0,"26":0,"27":0},"f":{"0":0,"1":0,"2":0,"3":0},"b":{"0":[0,0],"1":[0,0],"2":[0,0],"3":[0,0]},"_coverageSchema":"1a1c01bbd47fc00a2c39e90264f33305004495a9","hash":"41fe91b5fceac9e9b251cfca9a26ed4ac6a5eb7c"}
,"/Users/squidwardsus/Developer/Code/sawangan_api/src/controller/order-controller.js": {"path":"/Users/squidwardsus/Developer/Code/sawangan_api/src/controller/order-controller.js","statementMap":{"0":{"start":{"line":7,"column":29},"end":{"line":22,"column":1}},"1":{"start":{"line":8,"column":2},"end":{"line":21,"column":3}},"2":{"start":{"line":9,"column":19},"end":{"line":9,"column":30}},"3":{"start":{"line":10,"column":18},"end":{"line":10,"column":59}},"4":{"start":{"line":12,"column":19},"end":{"line":12,"column":65}},"5":{"start":{"line":14,"column":4},"end":{"line":18,"column":7}},"6":{"start":{"line":20,"column":4},"end":{"line":20,"column":16}},"7":{"start":{"line":24,"column":31},"end":{"line":42,"column":1}},"8":{"start":{"line":25,"column":2},"end":{"line":41,"column":3}},"9":{"start":{"line":26,"column":19},"end":{"line":26,"column":30}},"10":{"start":{"line":27,"column":20},"end":{"line":27,"column":38}},"11":{"start":{"line":29,"column":4},"end":{"line":31,"column":5}},"12":{"start":{"line":30,"column":6},"end":{"line":30,"column":59}},"13":{"start":{"line":33,"column":18},"end":{"line":33,"column":68}},"14":{"start":{"line":35,"column":4},"end":{"line":38,"column":7}},"15":{"start":{"line":40,"column":4},"end":{"line":40,"column":16}},"16":{"start":{"line":44,"column":32},"end":{"line":58,"column":1}},"17":{"start":{"line":45,"column":2},"end":{"line":57,"column":3}},"18":{"start":{"line":46,"column":20},"end":{"line":46,"column":38}},"19":{"start":{"line":47,"column":20},"end":{"line":47,"column":66}},"20":{"start":{"line":49,"column":25},"end":{"line":49,"column":78}},"21":{"start":{"line":51,"column":4},"end":{"line":54,"column":7}},"22":{"start":{"line":56,"column":4},"end":{"line":56,"column":16}},"23":{"start":{"line":60,"column":32},"end":{"line":73,"column":1}},"24":{"start":{"line":61,"column":2},"end":{"line":72,"column":3}},"25":{"start":{"line":62,"column":20},"end":{"line":62,"column":38}},"26":{"start":{"line":64,"column":4},"end":{"line":64,"column":49}},"27":{"start":{"line":66,"column":4},"end":{"line":69,"column":7}},"28":{"start":{"line":71,"column":4},"end":{"line":71,"column":16}},"29":{"start":{"line":75,"column":32},"end":{"line":108,"column":1}},"30":{"start":{"line":76,"column":2},"end":{"line":107,"column":3}},"31":{"start":{"line":77,"column":19},"end":{"line":77,"column":30}},"32":{"start":{"line":78,"column":20},"end":{"line":78,"column":38}},"33":{"start":{"line":80,"column":18},"end":{"line":80,"column":68}},"34":{"start":{"line":82,"column":4},"end":{"line":84,"column":5}},"35":{"start":{"line":83,"column":6},"end":{"line":83,"column":81}},"36":{"start":{"line":86,"column":4},"end":{"line":88,"column":5}},"37":{"start":{"line":87,"column":6},"end":{"line":87,"column":69}},"38":{"start":{"line":90,"column":25},"end":{"line":93,"column":5}},"39":{"start":{"line":95,"column":4},"end":{"line":104,"column":7}},"40":{"start":{"line":106,"column":4},"end":{"line":106,"column":16}},"41":{"start":{"line":110,"column":31},"end":{"line":139,"column":1}},"42":{"start":{"line":111,"column":2},"end":{"line":138,"column":3}},"43":{"start":{"line":112,"column":19},"end":{"line":112,"column":30}},"44":{"start":{"line":113,"column":20},"end":{"line":113,"column":38}},"45":{"start":{"line":116,"column":18},"end":{"line":118,"column":6}},"46":{"start":{"line":120,"column":4},"end":{"line":122,"column":5}},"47":{"start":{"line":121,"column":6},"end":{"line":121,"column":54}},"48":{"start":{"line":124,"column":4},"end":{"line":126,"column":5}},"49":{"start":{"line":125,"column":6},"end":{"line":125,"column":74}},"50":{"start":{"line":129,"column":27},"end":{"line":129,"column":78}},"51":{"start":{"line":131,"column":4},"end":{"line":135,"column":7}},"52":{"start":{"line":137,"column":4},"end":{"line":137,"column":16}},"53":{"start":{"line":142,"column":33},"end":{"line":156,"column":1}},"54":{"start":{"line":143,"column":2},"end":{"line":155,"column":3}},"55":{"start":{"line":144,"column":18},"end":{"line":144,"column":63}},"56":{"start":{"line":146,"column":19},"end":{"line":146,"column":62}},"57":{"start":{"line":148,"column":4},"end":{"line":152,"column":7}},"58":{"start":{"line":154,"column":4},"end":{"line":154,"column":16}},"59":{"start":{"line":158,"column":35},"end":{"line":170,"column":1}},"60":{"start":{"line":159,"column":2},"end":{"line":169,"column":3}},"61":{"start":{"line":160,"column":20},"end":{"line":160,"column":67}},"62":{"start":{"line":161,"column":18},"end":{"line":161,"column":65}},"63":{"start":{"line":163,"column":4},"end":{"line":166,"column":7}},"64":{"start":{"line":168,"column":4},"end":{"line":168,"column":16}},"65":{"start":{"line":174,"column":2},"end":{"line":194,"column":4}},"66":{"start":{"line":185,"column":39},"end":{"line":190,"column":5}}},"fnMap":{"0":{"name":"(anonymous_0)","decl":{"start":{"line":7,"column":29},"end":{"line":7,"column":30}},"loc":{"start":{"line":7,"column":55},"end":{"line":22,"column":1}},"line":7},"1":{"name":"(anonymous_1)","decl":{"start":{"line":24,"column":31},"end":{"line":24,"column":32}},"loc":{"start":{"line":24,"column":57},"end":{"line":42,"column":1}},"line":24},"2":{"name":"(anonymous_2)","decl":{"start":{"line":44,"column":32},"end":{"line":44,"column":33}},"loc":{"start":{"line":44,"column":58},"end":{"line":58,"column":1}},"line":44},"3":{"name":"(anonymous_3)","decl":{"start":{"line":60,"column":32},"end":{"line":60,"column":33}},"loc":{"start":{"line":60,"column":58},"end":{"line":73,"column":1}},"line":60},"4":{"name":"(anonymous_4)","decl":{"start":{"line":75,"column":32},"end":{"line":75,"column":33}},"loc":{"start":{"line":75,"column":58},"end":{"line":108,"column":1}},"line":75},"5":{"name":"(anonymous_5)","decl":{"start":{"line":110,"column":31},"end":{"line":110,"column":32}},"loc":{"start":{"line":110,"column":57},"end":{"line":139,"column":1}},"line":110},"6":{"name":"(anonymous_6)","decl":{"start":{"line":142,"column":33},"end":{"line":142,"column":34}},"loc":{"start":{"line":142,"column":59},"end":{"line":156,"column":1}},"line":142},"7":{"name":"(anonymous_7)","decl":{"start":{"line":158,"column":35},"end":{"line":158,"column":36}},"loc":{"start":{"line":158,"column":61},"end":{"line":170,"column":1}},"line":158},"8":{"name":"formatOrderResponse","decl":{"start":{"line":173,"column":9},"end":{"line":173,"column":28}},"loc":{"start":{"line":173,"column":36},"end":{"line":195,"column":1}},"line":173},"9":{"name":"(anonymous_9)","decl":{"start":{"line":185,"column":30},"end":{"line":185,"column":31}},"loc":{"start":{"line":185,"column":39},"end":{"line":190,"column":5}},"line":185}},"branchMap":{"0":{"loc":{"start":{"line":29,"column":4},"end":{"line":31,"column":5}},"type":"if","locations":[{"start":{"line":29,"column":4},"end":{"line":31,"column":5}},{"start":{},"end":{}}],"line":29},"1":{"loc":{"start":{"line":82,"column":4},"end":{"line":84,"column":5}},"type":"if","locations":[{"start":{"line":82,"column":4},"end":{"line":84,"column":5}},{"start":{},"end":{}}],"line":82},"2":{"loc":{"start":{"line":86,"column":4},"end":{"line":88,"column":5}},"type":"if","locations":[{"start":{"line":86,"column":4},"end":{"line":88,"column":5}},{"start":{},"end":{}}],"line":86},"3":{"loc":{"start":{"line":86,"column":8},"end":{"line":86,"column":66}},"type":"binary-expr","locations":[{"start":{"line":86,"column":8},"end":{"line":86,"column":34}},{"start":{"line":86,"column":38},"end":{"line":86,"column":66}}],"line":86},"4":{"loc":{"start":{"line":120,"column":4},"end":{"line":122,"column":5}},"type":"if","locations":[{"start":{"line":120,"column":4},"end":{"line":122,"column":5}},{"start":{},"end":{}}],"line":120},"5":{"loc":{"start":{"line":124,"column":4},"end":{"line":126,"column":5}},"type":"if","locations":[{"start":{"line":124,"column":4},"end":{"line":126,"column":5}},{"start":{},"end":{}}],"line":124},"6":{"loc":{"start":{"line":192,"column":8},"end":{"line":192,"column":66}},"type":"binary-expr","locations":[{"start":{"line":192,"column":8},"end":{"line":192,"column":26}},{"start":{"line":192,"column":30},"end":{"line":192,"column":66}}],"line":192},"7":{"loc":{"start":{"line":193,"column":8},"end":{"line":193,"column":69}},"type":"binary-expr","locations":[{"start":{"line":193,"column":8},"end":{"line":193,"column":27}},{"start":{"line":193,"column":31},"end":{"line":193,"column":69}}],"line":193}},"s":{"0":7,"1":0,"2":0,"3":0,"4":0,"5":0,"6":0,"7":7,"8":0,"9":0,"10":0,"11":0,"12":0,"13":0,"14":0,"15":0,"16":7,"17":0,"18":0,"19":0,"20":0,"21":0,"22":0,"23":7,"24":0,"25":0,"26":0,"27":0,"28":0,"29":7,"30":0,"31":0,"32":0,"33":0,"34":0,"35":0,"36":0,"37":0,"38":0,"39":0,"40":0,"41":7,"42":0,"43":0,"44":0,"45":0,"46":0,"47":0,"48":0,"49":0,"50":0,"51":0,"52":0,"53":7,"54":0,"55":0,"56":0,"57":0,"58":0,"59":7,"60":0,"61":0,"62":0,"63":0,"64":0,"65":0,"66":0},"f":{"0":0,"1":0,"2":0,"3":0,"4":0,"5":0,"6":0,"7":0,"8":0,"9":0},"b":{"0":[0,0],"1":[0,0],"2":[0,0],"3":[0,0],"4":[0,0],"5":[0,0],"6":[0,0],"7":[0,0]},"_coverageSchema":"1a1c01bbd47fc00a2c39e90264f33305004495a9","hash":"04ad343adf8958e0ac87683c7d8220b2bfc8f798"}
,"/Users/squidwardsus/Developer/Code/sawangan_api/src/controller/payment-controller.js": {"path":"/Users/squidwardsus/Developer/Code/sawangan_api/src/controller/payment-controller.js","statementMap":{"0":{"start":{"line":5,"column":13},"end":{"line":9,"column":2}},"1":{"start":{"line":11,"column":26},"end":{"line":18,"column":1}},"2":{"start":{"line":12,"column":25},"end":{"line":12,"column":51}},"3":{"start":{"line":13,"column":17},"end":{"line":15,"column":22}},"4":{"start":{"line":17,"column":4},"end":{"line":17,"column":33}},"5":{"start":{"line":20,"column":34},"end":{"line":71,"column":1}},"6":{"start":{"line":21,"column":2},"end":{"line":70,"column":3}},"7":{"start":{"line":22,"column":22},"end":{"line":22,"column":41}},"8":{"start":{"line":23,"column":27},"end":{"line":23,"column":46}},"9":{"start":{"line":26,"column":6},"end":{"line":28,"column":7}},"10":{"start":{"line":27,"column":10},"end":{"line":27,"column":59}},"11":{"start":{"line":31,"column":29},"end":{"line":31,"column":78}},"12":{"start":{"line":34,"column":20},"end":{"line":36,"column":8}},"13":{"start":{"line":38,"column":6},"end":{"line":41,"column":7}},"14":{"start":{"line":39,"column":10},"end":{"line":39,"column":90}},"15":{"start":{"line":40,"column":10},"end":{"line":40,"column":57}},"16":{"start":{"line":44,"column":25},"end":{"line":55,"column":7}},"17":{"start":{"line":58,"column":6},"end":{"line":61,"column":9}},"18":{"start":{"line":64,"column":6},"end":{"line":64,"column":55}},"19":{"start":{"line":66,"column":6},"end":{"line":66,"column":33}},"20":{"start":{"line":68,"column":6},"end":{"line":68,"column":58}},"21":{"start":{"line":69,"column":6},"end":{"line":69,"column":60}},"22":{"start":{"line":74,"column":2},"end":{"line":87,"column":5}},"23":{"start":{"line":90,"column":26},"end":{"line":102,"column":1}},"24":{"start":{"line":91,"column":22},"end":{"line":100,"column":5}},"25":{"start":{"line":101,"column":4},"end":{"line":101,"column":42}}},"fnMap":{"0":{"name":"(anonymous_0)","decl":{"start":{"line":11,"column":26},"end":{"line":11,"column":27}},"loc":{"start":{"line":11,"column":55},"end":{"line":18,"column":1}},"line":11},"1":{"name":"(anonymous_1)","decl":{"start":{"line":20,"column":34},"end":{"line":20,"column":35}},"loc":{"start":{"line":20,"column":54},"end":{"line":71,"column":1}},"line":20},"2":{"name":"createPaymentLog","decl":{"start":{"line":73,"column":15},"end":{"line":73,"column":31}},"loc":{"start":{"line":73,"column":57},"end":{"line":88,"column":1}},"line":73},"3":{"name":"(anonymous_3)","decl":{"start":{"line":90,"column":26},"end":{"line":90,"column":27}},"loc":{"start":{"line":90,"column":38},"end":{"line":102,"column":1}},"line":90}},"branchMap":{"0":{"loc":{"start":{"line":26,"column":6},"end":{"line":28,"column":7}},"type":"if","locations":[{"start":{"line":26,"column":6},"end":{"line":28,"column":7}},{"start":{},"end":{}}],"line":26},"1":{"loc":{"start":{"line":38,"column":6},"end":{"line":41,"column":7}},"type":"if","locations":[{"start":{"line":38,"column":6},"end":{"line":41,"column":7}},{"start":{},"end":{}}],"line":38},"2":{"loc":{"start":{"line":48,"column":14},"end":{"line":50,"column":11}},"type":"binary-expr","locations":[{"start":{"line":48,"column":14},"end":{"line":48,"column":64}},{"start":{"line":48,"column":68},"end":{"line":50,"column":11}}],"line":48},"3":{"loc":{"start":{"line":49,"column":31},"end":{"line":49,"column":96}},"type":"binary-expr","locations":[{"start":{"line":49,"column":31},"end":{"line":49,"column":61}},{"start":{"line":49,"column":65},"end":{"line":49,"column":96}}],"line":49},"4":{"loc":{"start":{"line":51,"column":14},"end":{"line":54,"column":11}},"type":"binary-expr","locations":[{"start":{"line":51,"column":14},"end":{"line":51,"column":67}},{"start":{"line":51,"column":71},"end":{"line":54,"column":11}}],"line":51},"5":{"loc":{"start":{"line":82,"column":14},"end":{"line":84,"column":11}},"type":"binary-expr","locations":[{"start":{"line":82,"column":14},"end":{"line":82,"column":64}},{"start":{"line":82,"column":68},"end":{"line":84,"column":11}}],"line":82},"6":{"loc":{"start":{"line":83,"column":31},"end":{"line":83,"column":96}},"type":"binary-expr","locations":[{"start":{"line":83,"column":31},"end":{"line":83,"column":61}},{"start":{"line":83,"column":65},"end":{"line":83,"column":96}}],"line":83},"7":{"loc":{"start":{"line":101,"column":11},"end":{"line":101,"column":41}},"type":"binary-expr","locations":[{"start":{"line":101,"column":11},"end":{"line":101,"column":28}},{"start":{"line":101,"column":32},"end":{"line":101,"column":41}}],"line":101}},"s":{"0":7,"1":7,"2":0,"3":0,"4":0,"5":7,"6":0,"7":0,"8":0,"9":0,"10":0,"11":0,"12":0,"13":0,"14":0,"15":0,"16":0,"17":0,"18":0,"19":0,"20":0,"21":0,"22":0,"23":7,"24":0,"25":0},"f":{"0":0,"1":0,"2":0,"3":0},"b":{"0":[0,0],"1":[0,0],"2":[0,0],"3":[0,0],"4":[0,0],"5":[0,0],"6":[0,0],"7":[0,0]},"_coverageSchema":"1a1c01bbd47fc00a2c39e90264f33305004495a9","hash":"319d126cd9054f76a9cea87913c7813a7cefe119"}
,"/Users/squidwardsus/Developer/Code/sawangan_api/src/controller/product-controller.js": {"path":"/Users/squidwardsus/Developer/Code/sawangan_api/src/controller/product-controller.js","statementMap":{"0":{"start":{"line":9,"column":26},"end":{"line":62,"column":1}},"1":{"start":{"line":12,"column":4},"end":{"line":60,"column":5}},"2":{"start":{"line":13,"column":6},"end":{"line":15,"column":7}},"3":{"start":{"line":14,"column":8},"end":{"line":14,"column":53}},"4":{"start":{"line":21,"column":28},"end":{"line":21,"column":55}},"5":{"start":{"line":22,"column":6},"end":{"line":24,"column":7}},"6":{"start":{"line":23,"column":8},"end":{"line":23,"column":57}},"7":{"start":{"line":27,"column":24},"end":{"line":32,"column":7}},"8":{"start":{"line":35,"column":7},"end":{"line":37,"column":7}},"9":{"start":{"line":36,"column":8},"end":{"line":36,"column":36}},"10":{"start":{"line":39,"column":6},"end":{"line":39,"column":48}},"11":{"start":{"line":41,"column":21},"end":{"line":45,"column":7}},"12":{"start":{"line":47,"column":6},"end":{"line":54,"column":9}},"13":{"start":{"line":56,"column":6},"end":{"line":58,"column":7}},"14":{"start":{"line":57,"column":8},"end":{"line":57,"column":61}},"15":{"start":{"line":59,"column":6},"end":{"line":59,"column":18}},"16":{"start":{"line":66,"column":30},"end":{"line":76,"column":1}},"17":{"start":{"line":67,"column":2},"end":{"line":75,"column":3}},"18":{"start":{"line":68,"column":21},"end":{"line":68,"column":66}},"19":{"start":{"line":69,"column":4},"end":{"line":72,"column":7}},"20":{"start":{"line":74,"column":4},"end":{"line":74,"column":16}},"21":{"start":{"line":79,"column":30},"end":{"line":92,"column":1}},"22":{"start":{"line":80,"column":2},"end":{"line":91,"column":3}},"23":{"start":{"line":81,"column":20},"end":{"line":81,"column":70}},"24":{"start":{"line":82,"column":4},"end":{"line":84,"column":5}},"25":{"start":{"line":83,"column":6},"end":{"line":83,"column":56}},"26":{"start":{"line":85,"column":4},"end":{"line":88,"column":7}},"27":{"start":{"line":90,"column":4},"end":{"line":90,"column":16}},"28":{"start":{"line":94,"column":29},"end":{"line":122,"column":1}},"29":{"start":{"line":95,"column":2},"end":{"line":121,"column":3}},"30":{"start":{"line":97,"column":22},"end":{"line":97,"column":35}},"31":{"start":{"line":98,"column":20},"end":{"line":98,"column":28}},"32":{"start":{"line":101,"column":4},"end":{"line":101,"column":42}},"33":{"start":{"line":102,"column":4},"end":{"line":102,"column":42}},"34":{"start":{"line":103,"column":4},"end":{"line":103,"column":44}},"35":{"start":{"line":105,"column":19},"end":{"line":109,"column":5}},"36":{"start":{"line":111,"column":4},"end":{"line":114,"column":7}},"37":{"start":{"line":117,"column":4},"end":{"line":119,"column":5}},"38":{"start":{"line":118,"column":6},"end":{"line":118,"column":59}},"39":{"start":{"line":120,"column":4},"end":{"line":120,"column":16}},"40":{"start":{"line":127,"column":29},"end":{"line":139,"column":1}},"41":{"start":{"line":128,"column":2},"end":{"line":138,"column":3}},"42":{"start":{"line":129,"column":22},"end":{"line":129,"column":66}},"43":{"start":{"line":130,"column":19},"end":{"line":130,"column":64}},"44":{"start":{"line":132,"column":4},"end":{"line":135,"column":7}},"45":{"start":{"line":137,"column":4},"end":{"line":137,"column":16}}},"fnMap":{"0":{"name":"(anonymous_0)","decl":{"start":{"line":11,"column":2},"end":{"line":11,"column":3}},"loc":{"start":{"line":11,"column":28},"end":{"line":61,"column":3}},"line":11},"1":{"name":"(anonymous_1)","decl":{"start":{"line":66,"column":30},"end":{"line":66,"column":31}},"loc":{"start":{"line":66,"column":56},"end":{"line":76,"column":1}},"line":66},"2":{"name":"(anonymous_2)","decl":{"start":{"line":79,"column":30},"end":{"line":79,"column":31}},"loc":{"start":{"line":79,"column":56},"end":{"line":92,"column":1}},"line":79},"3":{"name":"(anonymous_3)","decl":{"start":{"line":94,"column":29},"end":{"line":94,"column":30}},"loc":{"start":{"line":94,"column":55},"end":{"line":122,"column":1}},"line":94},"4":{"name":"(anonymous_4)","decl":{"start":{"line":127,"column":29},"end":{"line":127,"column":30}},"loc":{"start":{"line":127,"column":55},"end":{"line":139,"column":1}},"line":127}},"branchMap":{"0":{"loc":{"start":{"line":13,"column":6},"end":{"line":15,"column":7}},"type":"if","locations":[{"start":{"line":13,"column":6},"end":{"line":15,"column":7}},{"start":{},"end":{}}],"line":13},"1":{"loc":{"start":{"line":22,"column":6},"end":{"line":24,"column":7}},"type":"if","locations":[{"start":{"line":22,"column":6},"end":{"line":24,"column":7}},{"start":{},"end":{}}],"line":22},"2":{"loc":{"start":{"line":35,"column":7},"end":{"line":37,"column":7}},"type":"if","locations":[{"start":{"line":35,"column":7},"end":{"line":37,"column":7}},{"start":{},"end":{}}],"line":35},"3":{"loc":{"start":{"line":56,"column":6},"end":{"line":58,"column":7}},"type":"if","locations":[{"start":{"line":56,"column":6},"end":{"line":58,"column":7}},{"start":{},"end":{}}],"line":56},"4":{"loc":{"start":{"line":82,"column":4},"end":{"line":84,"column":5}},"type":"if","locations":[{"start":{"line":82,"column":4},"end":{"line":84,"column":5}},{"start":{},"end":{}}],"line":82},"5":{"loc":{"start":{"line":117,"column":4},"end":{"line":119,"column":5}},"type":"if","locations":[{"start":{"line":117,"column":4},"end":{"line":119,"column":5}},{"start":{},"end":{}}],"line":117}},"s":{"0":7,"1":4,"2":4,"3":1,"4":3,"5":3,"6":1,"7":2,"8":2,"9":1,"10":2,"11":2,"12":2,"13":2,"14":1,"15":2,"16":7,"17":3,"18":3,"19":3,"20":0,"21":7,"22":3,"23":3,"24":3,"25":1,"26":2,"27":1,"28":7,"29":6,"30":6,"31":6,"32":6,"33":6,"34":6,"35":6,"36":3,"37":3,"38":1,"39":3,"40":7,"41":4,"42":4,"43":4,"44":2,"45":2},"f":{"0":4,"1":3,"2":3,"3":6,"4":4},"b":{"0":[1,3],"1":[1,2],"2":[1,1],"3":[1,1],"4":[1,2],"5":[1,2]},"_coverageSchema":"1a1c01bbd47fc00a2c39e90264f33305004495a9","hash":"90fe029705004fb7b5ba7a606b8bf2e20beba0ce"}
,"/Users/squidwardsus/Developer/Code/sawangan_api/src/controller/profile-controller.js": {"path":"/Users/squidwardsus/Developer/Code/sawangan_api/src/controller/profile-controller.js","statementMap":{"0":{"start":{"line":4,"column":26},"end":{"line":14,"column":1}},"1":{"start":{"line":5,"column":2},"end":{"line":13,"column":3}},"2":{"start":{"line":6,"column":17},"end":{"line":6,"column":65}},"3":{"start":{"line":7,"column":4},"end":{"line":10,"column":7}},"4":{"start":{"line":12,"column":4},"end":{"line":12,"column":16}},"5":{"start":{"line":17,"column":29},"end":{"line":24,"column":1}},"6":{"start":{"line":18,"column":2},"end":{"line":23,"column":3}},"7":{"start":{"line":19,"column":17},"end":{"line":19,"column":74}},"8":{"start":{"line":20,"column":4},"end":{"line":20,"column":38}},"9":{"start":{"line":22,"column":4},"end":{"line":22,"column":16}},"10":{"start":{"line":28,"column":28},"end":{"line":45,"column":1}},"11":{"start":{"line":29,"column":2},"end":{"line":44,"column":3}},"12":{"start":{"line":34,"column":19},"end":{"line":34,"column":75}},"13":{"start":{"line":36,"column":4},"end":{"line":41,"column":7}},"14":{"start":{"line":43,"column":4},"end":{"line":43,"column":16}},"15":{"start":{"line":50,"column":30},"end":{"line":62,"column":1}},"16":{"start":{"line":51,"column":2},"end":{"line":61,"column":3}},"17":{"start":{"line":52,"column":4},"end":{"line":57,"column":6}},"18":{"start":{"line":58,"column":4},"end":{"line":58,"column":61}},"19":{"start":{"line":60,"column":4},"end":{"line":60,"column":16}}},"fnMap":{"0":{"name":"(anonymous_0)","decl":{"start":{"line":4,"column":26},"end":{"line":4,"column":27}},"loc":{"start":{"line":4,"column":52},"end":{"line":14,"column":1}},"line":4},"1":{"name":"(anonymous_1)","decl":{"start":{"line":17,"column":29},"end":{"line":17,"column":30}},"loc":{"start":{"line":17,"column":55},"end":{"line":24,"column":1}},"line":17},"2":{"name":"(anonymous_2)","decl":{"start":{"line":28,"column":28},"end":{"line":28,"column":29}},"loc":{"start":{"line":28,"column":54},"end":{"line":45,"column":1}},"line":28},"3":{"name":"(anonymous_3)","decl":{"start":{"line":50,"column":30},"end":{"line":50,"column":31}},"loc":{"start":{"line":50,"column":56},"end":{"line":62,"column":1}},"line":50}},"branchMap":{},"s":{"0":7,"1":2,"2":2,"3":2,"4":0,"5":7,"6":2,"7":2,"8":1,"9":1,"10":7,"11":3,"12":3,"13":3,"14":0,"15":7,"16":3,"17":3,"18":1,"19":2},"f":{"0":2,"1":2,"2":3,"3":3},"b":{},"_coverageSchema":"1a1c01bbd47fc00a2c39e90264f33305004495a9","hash":"c23ad7e48b64a5e76e6e15b514275d811d74803e"}
,"/Users/squidwardsus/Developer/Code/sawangan_api/src/controller/review-controller.js": {"path":"/Users/squidwardsus/Developer/Code/sawangan_api/src/controller/review-controller.js","statementMap":{"0":{"start":{"line":10,"column":28},"end":{"line":30,"column":1}},"1":{"start":{"line":11,"column":2},"end":{"line":29,"column":3}},"2":{"start":{"line":12,"column":4},"end":{"line":14,"column":5}},"3":{"start":{"line":13,"column":6},"end":{"line":13,"column":63}},"4":{"start":{"line":16,"column":19},"end":{"line":16,"column":30}},"5":{"start":{"line":17,"column":20},"end":{"line":17,"column":38}},"6":{"start":{"line":18,"column":20},"end":{"line":18,"column":62}},"7":{"start":{"line":20,"column":19},"end":{"line":20,"column":77}},"8":{"start":{"line":22,"column":4},"end":{"line":25,"column":7}},"9":{"start":{"line":27,"column":4},"end":{"line":27,"column":46}},"10":{"start":{"line":28,"column":4},"end":{"line":28,"column":16}},"11":{"start":{"line":32,"column":29},"end":{"line":46,"column":1}},"12":{"start":{"line":33,"column":2},"end":{"line":45,"column":3}},"13":{"start":{"line":34,"column":19},"end":{"line":34,"column":30}},"14":{"start":{"line":35,"column":20},"end":{"line":35,"column":38}},"15":{"start":{"line":37,"column":19},"end":{"line":37,"column":69}},"16":{"start":{"line":39,"column":4},"end":{"line":42,"column":7}},"17":{"start":{"line":44,"column":4},"end":{"line":44,"column":16}},"18":{"start":{"line":48,"column":33},"end":{"line":63,"column":1}},"19":{"start":{"line":49,"column":2},"end":{"line":62,"column":3}},"20":{"start":{"line":50,"column":22},"end":{"line":50,"column":42}},"21":{"start":{"line":51,"column":18},"end":{"line":51,"column":59}},"22":{"start":{"line":53,"column":19},"end":{"line":53,"column":74}},"23":{"start":{"line":55,"column":4},"end":{"line":59,"column":7}},"24":{"start":{"line":61,"column":4},"end":{"line":61,"column":16}}},"fnMap":{"0":{"name":"(anonymous_0)","decl":{"start":{"line":10,"column":28},"end":{"line":10,"column":29}},"loc":{"start":{"line":10,"column":54},"end":{"line":30,"column":1}},"line":10},"1":{"name":"(anonymous_1)","decl":{"start":{"line":32,"column":29},"end":{"line":32,"column":30}},"loc":{"start":{"line":32,"column":55},"end":{"line":46,"column":1}},"line":32},"2":{"name":"(anonymous_2)","decl":{"start":{"line":48,"column":33},"end":{"line":48,"column":34}},"loc":{"start":{"line":48,"column":59},"end":{"line":63,"column":1}},"line":48}},"branchMap":{"0":{"loc":{"start":{"line":12,"column":4},"end":{"line":14,"column":5}},"type":"if","locations":[{"start":{"line":12,"column":4},"end":{"line":14,"column":5}},{"start":{},"end":{}}],"line":12}},"s":{"0":7,"1":0,"2":0,"3":0,"4":0,"5":0,"6":0,"7":0,"8":0,"9":0,"10":0,"11":7,"12":0,"13":0,"14":0,"15":0,"16":0,"17":0,"18":7,"19":0,"20":0,"21":0,"22":0,"23":0,"24":0},"f":{"0":0,"1":0,"2":0},"b":{"0":[0,0]},"_coverageSchema":"1a1c01bbd47fc00a2c39e90264f33305004495a9","hash":"3aa56f34d328096e1098b77ac1993cb5e8ecbfad"}
,"/Users/squidwardsus/Developer/Code/sawangan_api/src/controller/user-controller.js": {"path":"/Users/squidwardsus/Developer/Code/sawangan_api/src/controller/user-controller.js","statementMap":{"0":{"start":{"line":5,"column":24},"end":{"line":16,"column":1}},"1":{"start":{"line":6,"column":2},"end":{"line":15,"column":3}},"2":{"start":{"line":8,"column":17},"end":{"line":8,"column":53}},"3":{"start":{"line":10,"column":4},"end":{"line":12,"column":7}},"4":{"start":{"line":14,"column":4},"end":{"line":14,"column":16}},"5":{"start":{"line":19,"column":21},"end":{"line":31,"column":1}},"6":{"start":{"line":20,"column":2},"end":{"line":30,"column":3}},"7":{"start":{"line":23,"column":22},"end":{"line":23,"column":55}},"8":{"start":{"line":25,"column":4},"end":{"line":27,"column":7}},"9":{"start":{"line":29,"column":4},"end":{"line":29,"column":16}},"10":{"start":{"line":35,"column":22},"end":{"line":49,"column":1}},"11":{"start":{"line":36,"column":2},"end":{"line":48,"column":3}},"12":{"start":{"line":37,"column":19},"end":{"line":37,"column":56}},"13":{"start":{"line":40,"column":4},"end":{"line":45,"column":7}},"14":{"start":{"line":47,"column":4},"end":{"line":47,"column":16}},"15":{"start":{"line":53,"column":30},"end":{"line":63,"column":1}},"16":{"start":{"line":54,"column":2},"end":{"line":62,"column":3}},"17":{"start":{"line":55,"column":22},"end":{"line":55,"column":30}},"18":{"start":{"line":56,"column":4},"end":{"line":56,"column":44}},"19":{"start":{"line":57,"column":4},"end":{"line":59,"column":7}},"20":{"start":{"line":61,"column":4},"end":{"line":61,"column":16}},"21":{"start":{"line":66,"column":29},"end":{"line":76,"column":1}},"22":{"start":{"line":67,"column":2},"end":{"line":75,"column":3}},"23":{"start":{"line":68,"column":49},"end":{"line":68,"column":57}},"24":{"start":{"line":69,"column":4},"end":{"line":69,"column":70}},"25":{"start":{"line":70,"column":4},"end":{"line":72,"column":7}},"26":{"start":{"line":74,"column":4},"end":{"line":74,"column":16}},"27":{"start":{"line":81,"column":26},"end":{"line":96,"column":1}},"28":{"start":{"line":82,"column":2},"end":{"line":95,"column":3}},"29":{"start":{"line":84,"column":38},"end":{"line":84,"column":88}},"30":{"start":{"line":87,"column":17},"end":{"line":87,"column":54}},"31":{"start":{"line":89,"column":4},"end":{"line":91,"column":7}},"32":{"start":{"line":94,"column":4},"end":{"line":94,"column":16}},"33":{"start":{"line":100,"column":35},"end":{"line":110,"column":1}},"34":{"start":{"line":101,"column":2},"end":{"line":109,"column":3}},"35":{"start":{"line":102,"column":18},"end":{"line":102,"column":57}},"36":{"start":{"line":103,"column":4},"end":{"line":106,"column":7}},"37":{"start":{"line":108,"column":4},"end":{"line":108,"column":16}},"38":{"start":{"line":114,"column":26},"end":{"line":126,"column":1}},"39":{"start":{"line":115,"column":2},"end":{"line":125,"column":3}},"40":{"start":{"line":116,"column":19},"end":{"line":116,"column":62}},"41":{"start":{"line":117,"column":4},"end":{"line":117,"column":41}},"42":{"start":{"line":119,"column":4},"end":{"line":122,"column":7}},"43":{"start":{"line":124,"column":4},"end":{"line":124,"column":16}}},"fnMap":{"0":{"name":"(anonymous_0)","decl":{"start":{"line":5,"column":24},"end":{"line":5,"column":25}},"loc":{"start":{"line":5,"column":50},"end":{"line":16,"column":1}},"line":5},"1":{"name":"(anonymous_1)","decl":{"start":{"line":19,"column":21},"end":{"line":19,"column":22}},"loc":{"start":{"line":19,"column":47},"end":{"line":31,"column":1}},"line":19},"2":{"name":"(anonymous_2)","decl":{"start":{"line":35,"column":22},"end":{"line":35,"column":23}},"loc":{"start":{"line":35,"column":48},"end":{"line":49,"column":1}},"line":35},"3":{"name":"(anonymous_3)","decl":{"start":{"line":53,"column":30},"end":{"line":53,"column":31}},"loc":{"start":{"line":53,"column":56},"end":{"line":63,"column":1}},"line":53},"4":{"name":"(anonymous_4)","decl":{"start":{"line":66,"column":29},"end":{"line":66,"column":30}},"loc":{"start":{"line":66,"column":55},"end":{"line":76,"column":1}},"line":66},"5":{"name":"(anonymous_5)","decl":{"start":{"line":81,"column":26},"end":{"line":81,"column":27}},"loc":{"start":{"line":81,"column":52},"end":{"line":96,"column":1}},"line":81},"6":{"name":"(anonymous_6)","decl":{"start":{"line":100,"column":35},"end":{"line":100,"column":36}},"loc":{"start":{"line":100,"column":61},"end":{"line":110,"column":1}},"line":100},"7":{"name":"(anonymous_7)","decl":{"start":{"line":114,"column":26},"end":{"line":114,"column":27}},"loc":{"start":{"line":114,"column":52},"end":{"line":126,"column":1}},"line":114}},"branchMap":{},"s":{"0":7,"1":4,"2":4,"3":1,"4":3,"5":7,"6":21,"7":21,"8":19,"9":2,"10":7,"11":1,"12":1,"13":1,"14":0,"15":7,"16":3,"17":3,"18":3,"19":1,"20":2,"21":7,"22":3,"23":3,"24":3,"25":1,"26":2,"27":7,"28":4,"29":4,"30":4,"31":2,"32":2,"33":7,"34":2,"35":2,"36":1,"37":1,"38":7,"39":0,"40":0,"41":0,"42":0,"43":0},"f":{"0":4,"1":21,"2":1,"3":3,"4":3,"5":4,"6":2,"7":0},"b":{},"_coverageSchema":"1a1c01bbd47fc00a2c39e90264f33305004495a9","hash":"fd65c9a20e5a6e1d7b91ae0ffd787c5199434be8"}
,"/Users/squidwardsus/Developer/Code/sawangan_api/src/controller/wishlist-controller.js": {"path":"/Users/squidwardsus/Developer/Code/sawangan_api/src/controller/wishlist-controller.js","statementMap":{"0":{"start":{"line":3,"column":29},"end":{"line":17,"column":1}},"1":{"start":{"line":4,"column":2},"end":{"line":16,"column":3}},"2":{"start":{"line":5,"column":19},"end":{"line":8,"column":5}},"3":{"start":{"line":10,"column":4},"end":{"line":13,"column":7}},"4":{"start":{"line":15,"column":4},"end":{"line":15,"column":16}},"5":{"start":{"line":19,"column":34},"end":{"line":33,"column":1}},"6":{"start":{"line":20,"column":2},"end":{"line":32,"column":3}},"7":{"start":{"line":21,"column":4},"end":{"line":24,"column":6}},"8":{"start":{"line":26,"column":4},"end":{"line":29,"column":7}},"9":{"start":{"line":31,"column":4},"end":{"line":31,"column":16}},"10":{"start":{"line":35,"column":27},"end":{"line":50,"column":1}},"11":{"start":{"line":36,"column":2},"end":{"line":49,"column":3}},"12":{"start":{"line":37,"column":19},"end":{"line":40,"column":5}},"13":{"start":{"line":42,"column":4},"end":{"line":46,"column":7}},"14":{"start":{"line":48,"column":4},"end":{"line":48,"column":16}},"15":{"start":{"line":52,"column":38},"end":{"line":66,"column":1}},"16":{"start":{"line":53,"column":2},"end":{"line":65,"column":3}},"17":{"start":{"line":54,"column":19},"end":{"line":57,"column":5}},"18":{"start":{"line":59,"column":4},"end":{"line":62,"column":7}},"19":{"start":{"line":64,"column":4},"end":{"line":64,"column":16}}},"fnMap":{"0":{"name":"(anonymous_0)","decl":{"start":{"line":3,"column":29},"end":{"line":3,"column":30}},"loc":{"start":{"line":3,"column":55},"end":{"line":17,"column":1}},"line":3},"1":{"name":"(anonymous_1)","decl":{"start":{"line":19,"column":34},"end":{"line":19,"column":35}},"loc":{"start":{"line":19,"column":60},"end":{"line":33,"column":1}},"line":19},"2":{"name":"(anonymous_2)","decl":{"start":{"line":35,"column":27},"end":{"line":35,"column":28}},"loc":{"start":{"line":35,"column":53},"end":{"line":50,"column":1}},"line":35},"3":{"name":"(anonymous_3)","decl":{"start":{"line":52,"column":38},"end":{"line":52,"column":39}},"loc":{"start":{"line":52,"column":64},"end":{"line":66,"column":1}},"line":52}},"branchMap":{},"s":{"0":7,"1":0,"2":0,"3":0,"4":0,"5":7,"6":0,"7":0,"8":0,"9":0,"10":7,"11":0,"12":0,"13":0,"14":0,"15":7,"16":0,"17":0,"18":0,"19":0},"f":{"0":0,"1":0,"2":0,"3":0},"b":{},"_coverageSchema":"1a1c01bbd47fc00a2c39e90264f33305004495a9","hash":"9903ce6d960141fdfd64f81a9f525d3ac105a856"}
,"/Users/squidwardsus/Developer/Code/sawangan_api/src/error/response-error.js": {"path":"/Users/squidwardsus/Developer/Code/sawangan_api/src/error/response-error.js","statementMap":{"0":{"start":{"line":4,"column":8},"end":{"line":4,"column":23}},"1":{"start":{"line":5,"column":8},"end":{"line":5,"column":29}}},"fnMap":{"0":{"name":"(anonymous_0)","decl":{"start":{"line":3,"column":4},"end":{"line":3,"column":5}},"loc":{"start":{"line":3,"column":33},"end":{"line":6,"column":5}},"line":3}},"branchMap":{},"s":{"0":32,"1":32},"f":{"0":32},"b":{},"_coverageSchema":"1a1c01bbd47fc00a2c39e90264f33305004495a9","hash":"8b13f7de223b47efbfaa9733de081bf8fdc8d119"}
,"/Users/squidwardsus/Developer/Code/sawangan_api/src/middleware/auth-middleware.js": {"path":"/Users/squidwardsus/Developer/Code/sawangan_api/src/middleware/auth-middleware.js","statementMap":{"0":{"start":{"line":5,"column":30},"end":{"line":45,"column":1}},"1":{"start":{"line":6,"column":18},"end":{"line":6,"column":73}},"2":{"start":{"line":8,"column":4},"end":{"line":10,"column":5}},"3":{"start":{"line":9,"column":8},"end":{"line":9,"column":66}},"4":{"start":{"line":12,"column":4},"end":{"line":44,"column":5}},"5":{"start":{"line":13,"column":24},"end":{"line":13,"column":65}},"6":{"start":{"line":16,"column":21},"end":{"line":26,"column":10}},"7":{"start":{"line":28,"column":8},"end":{"line":30,"column":9}},"8":{"start":{"line":29,"column":12},"end":{"line":29,"column":80}},"9":{"start":{"line":32,"column":8},"end":{"line":32,"column":24}},"10":{"start":{"line":33,"column":8},"end":{"line":33,"column":15}},"11":{"start":{"line":35,"column":8},"end":{"line":37,"column":9}},"12":{"start":{"line":36,"column":12},"end":{"line":36,"column":76}},"13":{"start":{"line":38,"column":8},"end":{"line":40,"column":9}},"14":{"start":{"line":39,"column":12},"end":{"line":39,"column":69}},"15":{"start":{"line":42,"column":8},"end":{"line":42,"column":44}},"16":{"start":{"line":43,"column":8},"end":{"line":43,"column":73}},"17":{"start":{"line":49,"column":31},"end":{"line":56,"column":1}},"18":{"start":{"line":50,"column":4},"end":{"line":54,"column":5}},"19":{"start":{"line":51,"column":8},"end":{"line":53,"column":11}},"20":{"start":{"line":55,"column":4},"end":{"line":55,"column":11}}},"fnMap":{"0":{"name":"(anonymous_0)","decl":{"start":{"line":5,"column":30},"end":{"line":5,"column":31}},"loc":{"start":{"line":5,"column":56},"end":{"line":45,"column":1}},"line":5},"1":{"name":"(anonymous_1)","decl":{"start":{"line":49,"column":31},"end":{"line":49,"column":32}},"loc":{"start":{"line":49,"column":57},"end":{"line":56,"column":1}},"line":49}},"branchMap":{"0":{"loc":{"start":{"line":8,"column":4},"end":{"line":10,"column":5}},"type":"if","locations":[{"start":{"line":8,"column":4},"end":{"line":10,"column":5}},{"start":{},"end":{}}],"line":8},"1":{"loc":{"start":{"line":28,"column":8},"end":{"line":30,"column":9}},"type":"if","locations":[{"start":{"line":28,"column":8},"end":{"line":30,"column":9}},{"start":{},"end":{}}],"line":28},"2":{"loc":{"start":{"line":35,"column":8},"end":{"line":37,"column":9}},"type":"if","locations":[{"start":{"line":35,"column":8},"end":{"line":37,"column":9}},{"start":{},"end":{}}],"line":35},"3":{"loc":{"start":{"line":38,"column":8},"end":{"line":40,"column":9}},"type":"if","locations":[{"start":{"line":38,"column":8},"end":{"line":40,"column":9}},{"start":{},"end":{}}],"line":38},"4":{"loc":{"start":{"line":50,"column":4},"end":{"line":54,"column":5}},"type":"if","locations":[{"start":{"line":50,"column":4},"end":{"line":54,"column":5}},{"start":{},"end":{}}],"line":50}},"s":{"0":7,"1":75,"2":75,"3":4,"4":71,"5":71,"6":68,"7":68,"8":1,"9":67,"10":67,"11":3,"12":3,"13":0,"14":0,"15":0,"16":0,"17":7,"18":17,"19":1,"20":16},"f":{"0":75,"1":17},"b":{"0":[4,71],"1":[1,67],"2":[3,0],"3":[0,0],"4":[1,16]},"_coverageSchema":"1a1c01bbd47fc00a2c39e90264f33305004495a9","hash":"66e1efcb697aca9d7de370e334c0d894e57e1583"}
,"/Users/squidwardsus/Developer/Code/sawangan_api/src/middleware/checkavatar-middleware.js": {"path":"/Users/squidwardsus/Developer/Code/sawangan_api/src/middleware/checkavatar-middleware.js","statementMap":{"0":{"start":{"line":4,"column":33},"end":{"line":9,"column":1}},"1":{"start":{"line":5,"column":2},"end":{"line":7,"column":3}},"2":{"start":{"line":6,"column":4},"end":{"line":6,"column":60}},"3":{"start":{"line":8,"column":2},"end":{"line":8,"column":9}}},"fnMap":{"0":{"name":"(anonymous_0)","decl":{"start":{"line":4,"column":33},"end":{"line":4,"column":34}},"loc":{"start":{"line":4,"column":53},"end":{"line":9,"column":1}},"line":4}},"branchMap":{"0":{"loc":{"start":{"line":5,"column":2},"end":{"line":7,"column":3}},"type":"if","locations":[{"start":{"line":5,"column":2},"end":{"line":7,"column":3}},{"start":{},"end":{}}],"line":5}},"s":{"0":7,"1":4,"2":1,"3":3},"f":{"0":4},"b":{"0":[1,3]},"_coverageSchema":"1a1c01bbd47fc00a2c39e90264f33305004495a9","hash":"3135c72665d6c6448d9c687956f159172ac18665"}
,"/Users/squidwardsus/Developer/Code/sawangan_api/src/middleware/cloudinary-middleware.js": {"path":"/Users/squidwardsus/Developer/Code/sawangan_api/src/middleware/cloudinary-middleware.js","statementMap":{"0":{"start":{"line":4,"column":0},"end":{"line":8,"column":3}},"1":{"start":{"line":10,"column":23},"end":{"line":17,"column":2}},"2":{"start":{"line":20,"column":22},"end":{"line":27,"column":2}}},"fnMap":{},"branchMap":{},"s":{"0":7,"1":7,"2":7},"f":{},"b":{},"_coverageSchema":"1a1c01bbd47fc00a2c39e90264f33305004495a9","hash":"9104a00f8e24f85b6df1e4344c53ae204ad55330"}
,"/Users/squidwardsus/Developer/Code/sawangan_api/src/middleware/error-middleware.js": {"path":"/Users/squidwardsus/Developer/Code/sawangan_api/src/middleware/error-middleware.js","statementMap":{"0":{"start":{"line":4,"column":24},"end":{"line":37,"column":1}},"1":{"start":{"line":5,"column":4},"end":{"line":8,"column":5}},"2":{"start":{"line":6,"column":8},"end":{"line":6,"column":15}},"3":{"start":{"line":7,"column":8},"end":{"line":7,"column":15}},"4":{"start":{"line":10,"column":4},"end":{"line":36,"column":5}},"5":{"start":{"line":11,"column":8},"end":{"line":13,"column":17}},"6":{"start":{"line":14,"column":11},"end":{"line":36,"column":5}},"7":{"start":{"line":15,"column":8},"end":{"line":17,"column":17}},"8":{"start":{"line":18,"column":11},"end":{"line":36,"column":5}},"9":{"start":{"line":28,"column":8},"end":{"line":30,"column":17}},"10":{"start":{"line":32,"column":8},"end":{"line":32,"column":27}},"11":{"start":{"line":33,"column":8},"end":{"line":35,"column":17}}},"fnMap":{"0":{"name":"(anonymous_0)","decl":{"start":{"line":4,"column":24},"end":{"line":4,"column":25}},"loc":{"start":{"line":4,"column":55},"end":{"line":37,"column":1}},"line":4}},"branchMap":{"0":{"loc":{"start":{"line":5,"column":4},"end":{"line":8,"column":5}},"type":"if","locations":[{"start":{"line":5,"column":4},"end":{"line":8,"column":5}},{"start":{},"end":{}}],"line":5},"1":{"loc":{"start":{"line":10,"column":4},"end":{"line":36,"column":5}},"type":"if","locations":[{"start":{"line":10,"column":4},"end":{"line":36,"column":5}},{"start":{"line":14,"column":11},"end":{"line":36,"column":5}}],"line":10},"2":{"loc":{"start":{"line":14,"column":11},"end":{"line":36,"column":5}},"type":"if","locations":[{"start":{"line":14,"column":11},"end":{"line":36,"column":5}},{"start":{"line":18,"column":11},"end":{"line":36,"column":5}}],"line":14},"3":{"loc":{"start":{"line":18,"column":11},"end":{"line":36,"column":5}},"type":"if","locations":[{"start":{"line":18,"column":11},"end":{"line":36,"column":5}},{"start":{"line":31,"column":11},"end":{"line":36,"column":5}}],"line":18},"4":{"loc":{"start":{"line":18,"column":15},"end":{"line":26,"column":5}},"type":"binary-expr","locations":[{"start":{"line":18,"column":15},"end":{"line":18,"column":26}},{"start":{"line":19,"column":8},"end":{"line":19,"column":41}},{"start":{"line":20,"column":8},"end":{"line":20,"column":40}},{"start":{"line":21,"column":8},"end":{"line":21,"column":40}},{"start":{"line":22,"column":8},"end":{"line":22,"column":41}},{"start":{"line":23,"column":8},"end":{"line":23,"column":48}},{"start":{"line":24,"column":8},"end":{"line":24,"column":39}},{"start":{"line":25,"column":8},"end":{"line":25,"column":46}}],"line":18},"5":{"loc":{"start":{"line":34,"column":20},"end":{"line":34,"column":58}},"type":"binary-expr","locations":[{"start":{"line":34,"column":20},"end":{"line":34,"column":31}},{"start":{"line":34,"column":35},"end":{"line":34,"column":58}}],"line":34}},"s":{"0":7,"1":36,"2":0,"3":0,"4":36,"5":31,"6":5,"7":0,"8":5,"9":1,"10":4,"11":4},"f":{"0":36},"b":{"0":[0,36],"1":[31,5],"2":[0,5],"3":[1,4],"4":[5,5,4,4,4,4,4,4],"5":[4,0]},"_coverageSchema":"1a1c01bbd47fc00a2c39e90264f33305004495a9","hash":"186beb8165f9a9be5aab98df9b56443efedcbf64"}
,"/Users/squidwardsus/Developer/Code/sawangan_api/src/route/admin-route.js": {"path":"/Users/squidwardsus/Developer/Code/sawangan_api/src/route/admin-route.js","statementMap":{"0":{"start":{"line":12,"column":20},"end":{"line":12,"column":28}},"1":{"start":{"line":13,"column":0},"end":{"line":13,"column":32}},"2":{"start":{"line":14,"column":0},"end":{"line":14,"column":33}},"3":{"start":{"line":16,"column":0},"end":{"line":16,"column":60}},"4":{"start":{"line":17,"column":0},"end":{"line":17,"column":58}},"5":{"start":{"line":18,"column":0},"end":{"line":18,"column":55}},"6":{"start":{"line":19,"column":0},"end":{"line":19,"column":91}},"7":{"start":{"line":20,"column":0},"end":{"line":20,"column":64}},"8":{"start":{"line":21,"column":0},"end":{"line":21,"column":69}},"9":{"start":{"line":22,"column":0},"end":{"line":22,"column":70}},"10":{"start":{"line":23,"column":0},"end":{"line":23,"column":59}},"11":{"start":{"line":24,"column":0},"end":{"line":24,"column":70}},"12":{"start":{"line":28,"column":0},"end":{"line":28,"column":65}},"13":{"start":{"line":29,"column":0},"end":{"line":29,"column":69}},"14":{"start":{"line":30,"column":0},"end":{"line":30,"column":68}},"15":{"start":{"line":31,"column":0},"end":{"line":31,"column":63}}},"fnMap":{},"branchMap":{},"s":{"0":7,"1":7,"2":7,"3":7,"4":7,"5":7,"6":7,"7":7,"8":7,"9":7,"10":7,"11":7,"12":7,"13":7,"14":7,"15":7},"f":{},"b":{},"_coverageSchema":"1a1c01bbd47fc00a2c39e90264f33305004495a9","hash":"b078675c2d90c426aef2c7dfd11e420b1cab6e43"}
,"/Users/squidwardsus/Developer/Code/sawangan_api/src/route/api.js": {"path":"/Users/squidwardsus/Developer/Code/sawangan_api/src/route/api.js","statementMap":{"0":{"start":{"line":17,"column":15},"end":{"line":17,"column":23}},"1":{"start":{"line":18,"column":0},"end":{"line":18,"column":27}},"2":{"start":{"line":22,"column":0},"end":{"line":22,"column":45}},"3":{"start":{"line":25,"column":0},"end":{"line":25,"column":42}},"4":{"start":{"line":26,"column":0},"end":{"line":26,"column":47}},"5":{"start":{"line":27,"column":0},"end":{"line":32,"column":2}},"6":{"start":{"line":34,"column":0},"end":{"line":34,"column":63}},"7":{"start":{"line":37,"column":0},"end":{"line":37,"column":51}},"8":{"start":{"line":41,"column":0},"end":{"line":41,"column":36}},"9":{"start":{"line":42,"column":0},"end":{"line":42,"column":49}},"10":{"start":{"line":43,"column":0},"end":{"line":43,"column":62}},"11":{"start":{"line":44,"column":0},"end":{"line":44,"column":67}},"12":{"start":{"line":45,"column":0},"end":{"line":45,"column":41}},"13":{"start":{"line":49,"column":0},"end":{"line":49,"column":42}},"14":{"start":{"line":53,"column":0},"end":{"line":53,"column":59}},"15":{"start":{"line":54,"column":0},"end":{"line":54,"column":64}},"16":{"start":{"line":59,"column":0},"end":{"line":59,"column":44}},"17":{"start":{"line":60,"column":0},"end":{"line":60,"column":55}},"18":{"start":{"line":61,"column":0},"end":{"line":61,"column":65}},"19":{"start":{"line":66,"column":0},"end":{"line":66,"column":64}},"20":{"start":{"line":67,"column":0},"end":{"line":67,"column":63}},"21":{"start":{"line":68,"column":0},"end":{"line":68,"column":61}},"22":{"start":{"line":69,"column":0},"end":{"line":69,"column":69}},"23":{"start":{"line":74,"column":0},"end":{"line":74,"column":47}},"24":{"start":{"line":75,"column":0},"end":{"line":75,"column":65}},"25":{"start":{"line":76,"column":0},"end":{"line":76,"column":45}},"26":{"start":{"line":77,"column":0},"end":{"line":77,"column":72}}},"fnMap":{},"branchMap":{},"s":{"0":7,"1":7,"2":7,"3":7,"4":7,"5":7,"6":7,"7":7,"8":7,"9":7,"10":7,"11":7,"12":7,"13":7,"14":7,"15":7,"16":7,"17":7,"18":7,"19":7,"20":7,"21":7,"22":7,"23":7,"24":7,"25":7,"26":7},"f":{},"b":{},"_coverageSchema":"1a1c01bbd47fc00a2c39e90264f33305004495a9","hash":"903abe590e9fcfd21e65f4e3df21836357b4b3bd"}
,"/Users/squidwardsus/Developer/Code/sawangan_api/src/route/public-route.js": {"path":"/Users/squidwardsus/Developer/Code/sawangan_api/src/route/public-route.js","statementMap":{"0":{"start":{"line":7,"column":21},"end":{"line":7,"column":29}},"1":{"start":{"line":9,"column":0},"end":{"line":9,"column":53}},"2":{"start":{"line":10,"column":0},"end":{"line":10,"column":47}},"3":{"start":{"line":11,"column":0},"end":{"line":11,"column":66}},"4":{"start":{"line":12,"column":0},"end":{"line":12,"column":64}},"5":{"start":{"line":13,"column":0},"end":{"line":13,"column":53}},"6":{"start":{"line":17,"column":0},"end":{"line":17,"column":53}}},"fnMap":{},"branchMap":{},"s":{"0":7,"1":7,"2":7,"3":7,"4":7,"5":7,"6":7},"f":{},"b":{},"_coverageSchema":"1a1c01bbd47fc00a2c39e90264f33305004495a9","hash":"ede03f3ed306e4fe12ff416170884aa728b7c3db"}
,"/Users/squidwardsus/Developer/Code/sawangan_api/src/route/webhook-route.js": {"path":"/Users/squidwardsus/Developer/Code/sawangan_api/src/route/webhook-route.js","statementMap":{"0":{"start":{"line":5,"column":15},"end":{"line":5,"column":23}},"1":{"start":{"line":8,"column":0},"end":{"line":11,"column":2}}},"fnMap":{},"branchMap":{},"s":{"0":7,"1":7},"f":{},"b":{},"_coverageSchema":"1a1c01bbd47fc00a2c39e90264f33305004495a9","hash":"e1d109713e646b0bc273e225c18ceba0adb3d283"}
,"/Users/squidwardsus/Developer/Code/sawangan_api/src/service/cart-service.js": {"path":"/Users/squidwardsus/Developer/Code/sawangan_api/src/service/cart-service.js","statementMap":{"0":{"start":{"line":5,"column":16},"end":{"line":25,"column":1}},"1":{"start":{"line":6,"column":2},"end":{"line":24,"column":5}},"2":{"start":{"line":27,"column":22},"end":{"line":89,"column":1}},"3":{"start":{"line":29,"column":18},"end":{"line":32,"column":4}},"4":{"start":{"line":34,"column":2},"end":{"line":36,"column":3}},"5":{"start":{"line":35,"column":4},"end":{"line":35,"column":54}},"6":{"start":{"line":38,"column":2},"end":{"line":40,"column":3}},"7":{"start":{"line":39,"column":4},"end":{"line":39,"column":63}},"8":{"start":{"line":42,"column":2},"end":{"line":88,"column":5}},"9":{"start":{"line":91,"column":23},"end":{"line":129,"column":1}},"10":{"start":{"line":93,"column":18},"end":{"line":96,"column":4}},"11":{"start":{"line":98,"column":2},"end":{"line":100,"column":3}},"12":{"start":{"line":99,"column":4},"end":{"line":99,"column":54}},"13":{"start":{"line":102,"column":2},"end":{"line":104,"column":3}},"14":{"start":{"line":103,"column":4},"end":{"line":103,"column":63}},"15":{"start":{"line":107,"column":15},"end":{"line":109,"column":4}},"16":{"start":{"line":116,"column":2},"end":{"line":126,"column":5}},"17":{"start":{"line":128,"column":2},"end":{"line":128,"column":31}},"18":{"start":{"line":132,"column":27},"end":{"line":152,"column":1}},"19":{"start":{"line":134,"column":16},"end":{"line":136,"column":4}},"20":{"start":{"line":138,"column":2},"end":{"line":140,"column":3}},"21":{"start":{"line":139,"column":4},"end":{"line":139,"column":51}},"22":{"start":{"line":142,"column":2},"end":{"line":149,"column":5}},"23":{"start":{"line":151,"column":2},"end":{"line":151,"column":31}},"24":{"start":{"line":154,"column":18},"end":{"line":168,"column":5}},"25":{"start":{"line":155,"column":17},"end":{"line":157,"column":8}},"26":{"start":{"line":159,"column":6},"end":{"line":161,"column":7}},"27":{"start":{"line":160,"column":8},"end":{"line":160,"column":55}},"28":{"start":{"line":163,"column":6},"end":{"line":167,"column":9}}},"fnMap":{"0":{"name":"(anonymous_0)","decl":{"start":{"line":5,"column":16},"end":{"line":5,"column":17}},"loc":{"start":{"line":5,"column":34},"end":{"line":25,"column":1}},"line":5},"1":{"name":"(anonymous_1)","decl":{"start":{"line":27,"column":22},"end":{"line":27,"column":23}},"loc":{"start":{"line":27,"column":49},"end":{"line":89,"column":1}},"line":27},"2":{"name":"(anonymous_2)","decl":{"start":{"line":91,"column":23},"end":{"line":91,"column":24}},"loc":{"start":{"line":91,"column":61},"end":{"line":129,"column":1}},"line":91},"3":{"name":"(anonymous_3)","decl":{"start":{"line":132,"column":27},"end":{"line":132,"column":28}},"loc":{"start":{"line":132,"column":56},"end":{"line":152,"column":1}},"line":132},"4":{"name":"(anonymous_4)","decl":{"start":{"line":154,"column":18},"end":{"line":154,"column":19}},"loc":{"start":{"line":154,"column":36},"end":{"line":168,"column":5}},"line":154}},"branchMap":{"0":{"loc":{"start":{"line":34,"column":2},"end":{"line":36,"column":3}},"type":"if","locations":[{"start":{"line":34,"column":2},"end":{"line":36,"column":3}},{"start":{},"end":{}}],"line":34},"1":{"loc":{"start":{"line":38,"column":2},"end":{"line":40,"column":3}},"type":"if","locations":[{"start":{"line":38,"column":2},"end":{"line":40,"column":3}},{"start":{},"end":{}}],"line":38},"2":{"loc":{"start":{"line":98,"column":2},"end":{"line":100,"column":3}},"type":"if","locations":[{"start":{"line":98,"column":2},"end":{"line":100,"column":3}},{"start":{},"end":{}}],"line":98},"3":{"loc":{"start":{"line":102,"column":2},"end":{"line":104,"column":3}},"type":"if","locations":[{"start":{"line":102,"column":2},"end":{"line":104,"column":3}},{"start":{},"end":{}}],"line":102},"4":{"loc":{"start":{"line":138,"column":2},"end":{"line":140,"column":3}},"type":"if","locations":[{"start":{"line":138,"column":2},"end":{"line":140,"column":3}},{"start":{},"end":{}}],"line":138},"5":{"loc":{"start":{"line":159,"column":6},"end":{"line":161,"column":7}},"type":"if","locations":[{"start":{"line":159,"column":6},"end":{"line":161,"column":7}},{"start":{},"end":{}}],"line":159}},"s":{"0":7,"1":3,"2":7,"3":3,"4":3,"5":1,"6":2,"7":1,"8":1,"9":7,"10":3,"11":3,"12":1,"13":2,"14":1,"15":1,"16":1,"17":1,"18":7,"19":3,"20":3,"21":1,"22":2,"23":1,"24":7,"25":2,"26":2,"27":1,"28":1},"f":{"0":3,"1":3,"2":3,"3":3,"4":2},"b":{"0":[1,2],"1":[1,1],"2":[1,2],"3":[1,1],"4":[1,2],"5":[1,1]},"_coverageSchema":"1a1c01bbd47fc00a2c39e90264f33305004495a9","hash":"6e49f6e0e105a3ac002360e24ab8e34c8c80b2c3"}
,"/Users/squidwardsus/Developer/Code/sawangan_api/src/service/checkout-service.js": {"path":"/Users/squidwardsus/Developer/Code/sawangan_api/src/service/checkout-service.js","statementMap":{"0":{"start":{"line":7,"column":28},"end":{"line":27,"column":1}},"1":{"start":{"line":8,"column":2},"end":{"line":26,"column":58}},"2":{"start":{"line":9,"column":22},"end":{"line":9,"column":56}},"3":{"start":{"line":10,"column":23},"end":{"line":10,"column":58}},"4":{"start":{"line":12,"column":4},"end":{"line":25,"column":6}},"5":{"start":{"line":29,"column":34},"end":{"line":42,"column":1}},"6":{"start":{"line":30,"column":26},"end":{"line":30,"column":82}},"7":{"start":{"line":30,"column":47},"end":{"line":30,"column":81}},"8":{"start":{"line":32,"column":2},"end":{"line":41,"column":3}},"9":{"start":{"line":33,"column":4},"end":{"line":40,"column":7}},"10":{"start":{"line":34,"column":52},"end":{"line":39,"column":7}},"11":{"start":{"line":44,"column":34},"end":{"line":116,"column":1}},"12":{"start":{"line":45,"column":2},"end":{"line":115,"column":3}},"13":{"start":{"line":47,"column":28},"end":{"line":47,"column":36}},"14":{"start":{"line":50,"column":24},"end":{"line":56,"column":7}},"15":{"start":{"line":50,"column":49},"end":{"line":56,"column":5}},"16":{"start":{"line":58,"column":4},"end":{"line":66,"column":5}},"17":{"start":{"line":59,"column":6},"end":{"line":65,"column":9}},"18":{"start":{"line":68,"column":22},"end":{"line":98,"column":5}},"19":{"start":{"line":100,"column":24},"end":{"line":100,"column":79}},"20":{"start":{"line":102,"column":4},"end":{"line":106,"column":6}},"21":{"start":{"line":114,"column":4},"end":{"line":114,"column":73}},"22":{"start":{"line":118,"column":24},"end":{"line":210,"column":1}},"23":{"start":{"line":119,"column":2},"end":{"line":209,"column":5}},"24":{"start":{"line":120,"column":17},"end":{"line":123,"column":6}},"25":{"start":{"line":125,"column":4},"end":{"line":125,"column":76}},"26":{"start":{"line":125,"column":30},"end":{"line":125,"column":76}},"27":{"start":{"line":127,"column":17},"end":{"line":130,"column":6}},"28":{"start":{"line":132,"column":54},"end":{"line":132,"column":85}},"29":{"start":{"line":133,"column":4},"end":{"line":133,"column":42}},"30":{"start":{"line":135,"column":28},"end":{"line":140,"column":6}},"31":{"start":{"line":142,"column":28},"end":{"line":145,"column":5}},"32":{"start":{"line":143,"column":6},"end":{"line":144,"column":87}},"33":{"start":{"line":147,"column":4},"end":{"line":149,"column":5}},"34":{"start":{"line":148,"column":6},"end":{"line":148,"column":78}},"35":{"start":{"line":152,"column":4},"end":{"line":159,"column":6}},"36":{"start":{"line":154,"column":8},"end":{"line":157,"column":10}},"37":{"start":{"line":161,"column":18},"end":{"line":191,"column":6}},"38":{"start":{"line":166,"column":46},"end":{"line":172,"column":11}},"39":{"start":{"line":193,"column":4},"end":{"line":193,"column":69}},"40":{"start":{"line":195,"column":24},"end":{"line":195,"column":68}},"41":{"start":{"line":197,"column":4},"end":{"line":205,"column":5}}},"fnMap":{"0":{"name":"(anonymous_0)","decl":{"start":{"line":7,"column":28},"end":{"line":7,"column":29}},"loc":{"start":{"line":7,"column":39},"end":{"line":27,"column":1}},"line":7},"1":{"name":"(anonymous_1)","decl":{"start":{"line":8,"column":22},"end":{"line":8,"column":23}},"loc":{"start":{"line":8,"column":37},"end":{"line":26,"column":3}},"line":8},"2":{"name":"(anonymous_2)","decl":{"start":{"line":29,"column":34},"end":{"line":29,"column":35}},"loc":{"start":{"line":29,"column":45},"end":{"line":42,"column":1}},"line":29},"3":{"name":"(anonymous_3)","decl":{"start":{"line":30,"column":39},"end":{"line":30,"column":40}},"loc":{"start":{"line":30,"column":47},"end":{"line":30,"column":81}},"line":30},"4":{"name":"(anonymous_4)","decl":{"start":{"line":34,"column":43},"end":{"line":34,"column":44}},"loc":{"start":{"line":34,"column":52},"end":{"line":39,"column":7}},"line":34},"5":{"name":"(anonymous_5)","decl":{"start":{"line":44,"column":34},"end":{"line":44,"column":35}},"loc":{"start":{"line":44,"column":57},"end":{"line":116,"column":1}},"line":44},"6":{"name":"(anonymous_6)","decl":{"start":{"line":50,"column":40},"end":{"line":50,"column":41}},"loc":{"start":{"line":50,"column":49},"end":{"line":56,"column":5}},"line":50},"7":{"name":"(anonymous_7)","decl":{"start":{"line":118,"column":24},"end":{"line":118,"column":25}},"loc":{"start":{"line":118,"column":56},"end":{"line":210,"column":1}},"line":118},"8":{"name":"(anonymous_8)","decl":{"start":{"line":119,"column":41},"end":{"line":119,"column":42}},"loc":{"start":{"line":119,"column":59},"end":{"line":206,"column":3}},"line":119},"9":{"name":"(anonymous_9)","decl":{"start":{"line":142,"column":49},"end":{"line":142,"column":50}},"loc":{"start":{"line":143,"column":6},"end":{"line":144,"column":87}},"line":143},"10":{"name":"(anonymous_10)","decl":{"start":{"line":153,"column":21},"end":{"line":153,"column":22}},"loc":{"start":{"line":154,"column":8},"end":{"line":157,"column":10}},"line":154},"11":{"name":"(anonymous_11)","decl":{"start":{"line":166,"column":37},"end":{"line":166,"column":38}},"loc":{"start":{"line":166,"column":46},"end":{"line":172,"column":11}},"line":166}},"branchMap":{"0":{"loc":{"start":{"line":32,"column":2},"end":{"line":41,"column":3}},"type":"if","locations":[{"start":{"line":32,"column":2},"end":{"line":41,"column":3}},{"start":{},"end":{}}],"line":32},"1":{"loc":{"start":{"line":58,"column":4},"end":{"line":66,"column":5}},"type":"if","locations":[{"start":{"line":58,"column":4},"end":{"line":66,"column":5}},{"start":{},"end":{}}],"line":58},"2":{"loc":{"start":{"line":75,"column":20},"end":{"line":75,"column":62}},"type":"binary-expr","locations":[{"start":{"line":75,"column":20},"end":{"line":75,"column":48}},{"start":{"line":75,"column":52},"end":{"line":75,"column":62}}],"line":75},"3":{"loc":{"start":{"line":76,"column":19},"end":{"line":76,"column":53}},"type":"binary-expr","locations":[{"start":{"line":76,"column":19},"end":{"line":76,"column":47}},{"start":{"line":76,"column":51},"end":{"line":76,"column":53}}],"line":76},"4":{"loc":{"start":{"line":78,"column":15},"end":{"line":78,"column":31}},"type":"binary-expr","locations":[{"start":{"line":78,"column":15},"end":{"line":78,"column":25}},{"start":{"line":78,"column":29},"end":{"line":78,"column":31}}],"line":78},"5":{"loc":{"start":{"line":125,"column":4},"end":{"line":125,"column":76}},"type":"if","locations":[{"start":{"line":125,"column":4},"end":{"line":125,"column":76}},{"start":{},"end":{}}],"line":125},"6":{"loc":{"start":{"line":143,"column":6},"end":{"line":144,"column":87}},"type":"binary-expr","locations":[{"start":{"line":143,"column":6},"end":{"line":143,"column":80}},{"start":{"line":144,"column":6},"end":{"line":144,"column":87}}],"line":143},"7":{"loc":{"start":{"line":147,"column":4},"end":{"line":149,"column":5}},"type":"if","locations":[{"start":{"line":147,"column":4},"end":{"line":149,"column":5}},{"start":{},"end":{}}],"line":147},"8":{"loc":{"start":{"line":187,"column":27},"end":{"line":187,"column":60}},"type":"binary-expr","locations":[{"start":{"line":187,"column":27},"end":{"line":187,"column":46}},{"start":{"line":187,"column":50},"end":{"line":187,"column":60}}],"line":187}},"s":{"0":7,"1":4,"2":4,"3":4,"4":4,"5":7,"6":4,"7":4,"8":4,"9":1,"10":1,"11":7,"12":2,"13":2,"14":2,"15":2,"16":2,"17":2,"18":2,"19":2,"20":1,"21":1,"22":7,"23":5,"24":5,"25":5,"26":1,"27":4,"28":4,"29":4,"30":3,"31":3,"32":5,"33":3,"34":1,"35":2,"36":2,"37":2,"38":2,"39":2,"40":2,"41":1},"f":{"0":4,"1":4,"2":4,"3":4,"4":1,"5":2,"6":2,"7":5,"8":5,"9":5,"10":2,"11":2},"b":{"0":[1,3],"1":[2,0],"2":[2,0],"3":[2,0],"4":[2,0],"5":[1,4],"6":[5,2],"7":[1,2],"8":[2,0]},"_coverageSchema":"1a1c01bbd47fc00a2c39e90264f33305004495a9","hash":"5c62a2e937d8a0c784fc563e7ba445a19b60247c"}
,"/Users/squidwardsus/Developer/Code/sawangan_api/src/service/dashboard-service.js": {"path":"/Users/squidwardsus/Developer/Code/sawangan_api/src/service/dashboard-service.js","statementMap":{"0":{"start":{"line":5,"column":22},"end":{"line":9,"column":1}},"1":{"start":{"line":6,"column":2},"end":{"line":8,"column":5}},"2":{"start":{"line":11,"column":24},"end":{"line":13,"column":1}},"3":{"start":{"line":12,"column":2},"end":{"line":12,"column":44}},"4":{"start":{"line":15,"column":24},"end":{"line":27,"column":1}},"5":{"start":{"line":16,"column":17},"end":{"line":24,"column":4}},"6":{"start":{"line":26,"column":2},"end":{"line":26,"column":38}},"7":{"start":{"line":29,"column":21},"end":{"line":31,"column":1}},"8":{"start":{"line":30,"column":2},"end":{"line":30,"column":41}}},"fnMap":{"0":{"name":"(anonymous_0)","decl":{"start":{"line":5,"column":22},"end":{"line":5,"column":23}},"loc":{"start":{"line":5,"column":45},"end":{"line":9,"column":1}},"line":5},"1":{"name":"(anonymous_1)","decl":{"start":{"line":11,"column":24},"end":{"line":11,"column":25}},"loc":{"start":{"line":11,"column":36},"end":{"line":13,"column":1}},"line":11},"2":{"name":"(anonymous_2)","decl":{"start":{"line":15,"column":24},"end":{"line":15,"column":25}},"loc":{"start":{"line":15,"column":47},"end":{"line":27,"column":1}},"line":15},"3":{"name":"(anonymous_3)","decl":{"start":{"line":29,"column":21},"end":{"line":29,"column":22}},"loc":{"start":{"line":29,"column":33},"end":{"line":31,"column":1}},"line":29}},"branchMap":{"0":{"loc":{"start":{"line":5,"column":29},"end":{"line":5,"column":40}},"type":"default-arg","locations":[{"start":{"line":5,"column":38},"end":{"line":5,"column":40}}],"line":5},"1":{"loc":{"start":{"line":15,"column":31},"end":{"line":15,"column":42}},"type":"default-arg","locations":[{"start":{"line":15,"column":40},"end":{"line":15,"column":42}}],"line":15},"2":{"loc":{"start":{"line":26,"column":9},"end":{"line":26,"column":37}},"type":"binary-expr","locations":[{"start":{"line":26,"column":9},"end":{"line":26,"column":32}},{"start":{"line":26,"column":36},"end":{"line":26,"column":37}}],"line":26}},"s":{"0":7,"1":0,"2":7,"3":0,"4":7,"5":0,"6
[...]
,"/Users/squidwardsus/Developer/Code/sawangan_api/src/service/wishlist-service.js": {"path":"/Users/squidwardsus/Developer/Code/sawangan_api/src/service/wishlist-service.js","statementMap":{"0":{"start":{"line":7,"column":22},"end":{"line":50,"column":1}},"1":{"start":{"line":8,"column":2},"end":{"line":8,"column":48}},"2":{"start":{"line":9,"column":2},"end":{"line":9,"column":74}},"3":{"start":{"line":12,"column":18},"end":{"line":14,"column":4}},"4":{"start":{"line":16,"column":2},"end":{"line":18,"column":3}},"5":{"start":{"line":17,"column":4},"end":{"line":17,"column":54}},"6":{"start":{"line":21,"column":27},"end":{"line":28,"column":4}},"7":{"start":{"line":30,"column":2},"end":{"line":32,"column":3}},"8":{"start":{"line":31,"column":4},"end":{"line":31,"column":64}},"9":{"start":{"line":34,"column":2},"end":{"line":49,"column":5}},"10":{"start":{"line":52,"column":27},"end":{"line":77,"column":1}},"11":{"start":{"line":53,"column":2},"end":{"line":53,"column":48}},"12":{"start":{"line":54,"column":2},"end":{"line":54,"column":74}},"13":{"start":{"line":56,"column":23},"end":{"line":63,"column":4}},"14":{"start":{"line":65,"column":2},"end":{"line":67,"column":3}},"15":{"start":{"line":66,"column":4},"end":{"line":66,"column":66}},"16":{"start":{"line":69,"column":2},"end":{"line":76,"column":5}},"17":{"start":{"line":80,"column":24},"end":{"line":121,"column":1}},"18":{"start":{"line":81,"column":2},"end":{"line":81,"column":48}},"19":{"start":{"line":83,"column":24},"end":{"line":99,"column":4}},"20":{"start":{"line":101,"column":29},"end":{"line":116,"column":4}},"21":{"start":{"line":102,"column":20},"end":{"line":102,"column":39}},"22":{"start":{"line":103,"column":22},"end":{"line":105,"column":9}},"23":{"start":{"line":104,"column":35},"end":{"line":104,"column":49}},"24":{"start":{"line":107,"column":4},"end":{"line":115,"column":6}},"25":{"start":{"line":118,"column":2},"end":{"line":120,"column":4}},"26":{"start":{"line":123,"column":24},"end":{"line":139,"column":1}},"27":{"start":{"line":124,"column":2},"end":{"line":124,"column":48}},"28":{"start":{"line":125,"column":2},"end":{"line":125,"column":74}},"29":{"start":{"line":127,"column":23},"end":{"line":134,"column":4}},"30":{"start":{"line":136,"column":2},"end":{"line":138,"column":4}}},"fnMap":{"0":{"name":"(anonymous_0)","decl":{"start":{"line":7,"column":22},"end":{"line":7,"column":23}},"loc":{"start":{"line":7,"column":51},"end":{"line":50,"column":1}},"line":7},"1":{"name":"(anonymous_1)","decl":{"start":{"line":52,"column":27},"end":{"line":52,"column":28}},"loc":{"start":{"line":52,"column":56},"end":{"line":77,"column":1}},"line":52},"2":{"name":"(anonymous_2)","decl":{"start":{"line":80,"column":24},"end":{"line":80,"column":25}},"loc":{"start":{"line":80,"column":42},"end":{"line":121,"column":1}},"line":80},"3":{"name":"(anonymous_3)","decl":{"start":{"line":101,"column":47},"end":{"line":101,"column":48}},"loc":{"start":{"line":101,"column":55},"end":{"line":116,"column":3}},"line":101},"4":{"name":"(anonymous_4)","decl":{"start":{"line":104,"column":23},"end":{"line":104,"column":24}},"loc":{"start":{"line":104,"column":35},"end":{"line":104,"column":49}},"line":104},"5":{"name":"(anonymous_5)","decl":{"start":{"line":123,"column":24},"end":{"line":123,"column":25}},"loc":{"start":{"line":123,"column":53},"end":{"line":139,"column":1}},"line":123}},"branchMap":{"0":{"loc":{"start":{"line":16,"column":2},"end":{"line":18,"column":3}},"type":"if","locations":[{"start":{"line":16,"column":2},"end":{"line":18,"column":3}},{"start":{},"end":{}}],"line":16},"1":{"loc":{"start":{"line":30,"column":2},"end":{"line":32,"column":3}},"type":"if","locations":[{"start":{"line":30,"column":2},"end":{"line":32,"column":3}},{"start":{},"end":{}}],"line":30},"2":{"loc":{"start":{"line":65,"column":2},"end":{"line":67,"column":3}},"type":"if","locations":[{"start":{"line":65,"column":2},"end":{"line":67,"column":3}},{"start":{},"end":{}}],"line":65},"3":{"loc":{"start":{"line":103,"column":22},"end":{"line":105,"column":9}},"type":"cond-expr","locations":[{"start":{"line":104,"column":8},"end":{"line":104,"column":70}},{"start":{"line":105,"column":8},"end":{"line":105,"column":9}}],"line":103}},"s":{"0":7,"1":0,"2":0,"3":0,"4":0,"5":0,"6":0,"7":0,"8":0,"9":0,"10":7,"11":0,"12":0,"13":0,"14":0,"15":0,"16":0,"17":7,"18":0,"19":0,"20":0,"21":0,"22":0,"23":0,"24":0,"25":0,"26":7,"27":0,"28":0,"29":0,"30":0},"f":{"0":0,"1":0,"2":0,"3":0,"4":0,"5":0},"b":{"0":[0,0],"1":[0,0],"2":[0,0],"3":[0,0]},"_coverageSchema":"1a1c01bbd47fc00a2c39e90264f33305004495a9","hash":"7426c75f5b958349c893ef7465efec77e1541c86"}
,"/Users/squidwardsus/Developer/Code/sawangan_api/src/utils/avatar.js": {"path":"/Users/squidwardsus/Developer/Code/sawangan_api/src/utils/avatar.js","statementMap":{"0":{"start":{"line":5,"column":19},"end":{"line":12,"column":1}},"1":{"start":{"line":6,"column":23},"end":{"line":6,"column":77}},"2":{"start":{"line":7,"column":2},"end":{"line":11,"column":3}},"3":{"start":{"line":8,"column":4},"end":{"line":8,"column":19}},"4":{"start":{"line":10,"column":4},"end":{"line":10,"column":80}}},"fnMap":{"0":{"name":"(anonymous_0)","decl":{"start":{"line":5,"column":19},"end":{"line":5,"column":20}},"loc":{"start":{"line":5,"column":38},"end":{"line":12,"column":1}},"line":5}},"branchMap":{"0":{"loc":{"start":{"line":7,"column":2},"end":{"line":11,"column":3}},"type":"if","locations":[{"start":{"line":7,"column":2},"end":{"line":11,"column":3}},{"start":{"line":9,"column":9},"end":{"line":11,"column":3}}],"line":7}},"s":{"0":7,"1":4,"2":4,"3":3,"4":1},"f":{"0":4},"b":{"0":[3,1]},"_coverageSchema":"1a1c01bbd47fc00a2c39e90264f33305004495a9","hash":"01660e0902ed6073d50eb592fee72616a789b5eb"}
,"/Users/squidwardsus/Developer/Code/sawangan_api/src/utils/email-sender.js": {"path":"/Users/squidwardsus/Developer/Code/sawangan_api/src/utils/email-sender.js","statementMap":{"0":{"start":{"line":3,"column":20},"end":{"line":16,"column":4}},"1":{"start":{"line":20,"column":40},"end":{"line":67,"column":3}},"2":{"start":{"line":21,"column":24},"end":{"line":64,"column":5}},"3":{"start":{"line":66,"column":4},"end":{"line":66,"column":44}}},"fnMap":{"0":{"name":"(anonymous_0)","decl":{"start":{"line":20,"column":40},"end":{"line":20,"column":41}},"loc":{"start":{"line":20,"column":67},"end":{"line":67,"column":3}},"line":20}},"branchMap":{},"s":{"0":6,"1":6,"2":0,"3":0},"f":{"0":0},"b":{},"_coverageSchema":"1a1c01bbd47fc00a2c39e90264f33305004495a9","hash":"f6baea3d6a42852ba61bc99e0c39ce103cc62729"}
,"/Users/squidwardsus/Developer/Code/sawangan_api/src/utils/google-oauth.js": {"path":"/Users/squidwardsus/Developer/Code/sawangan_api/src/utils/google-oauth.js","statementMap":{"0":{"start":{"line":5,"column":15},"end":{"line":8,"column":2}},"1":{"start":{"line":10,"column":33},"end":{"line":41,"column":1}},"2":{"start":{"line":11,"column":2},"end":{"line":40,"column":3}},"3":{"start":{"line":14,"column":19},"end":{"line":20,"column":6}},"4":{"start":{"line":22,"column":20},"end":{"line":22,"column":39}},"5":{"start":{"line":25,"column":4},"end":{"line":27,"column":5}},"6":{"start":{"line":26,"column":6},"end":{"line":26,"column":53}},"7":{"start":{"line":29,"column":4},"end":{"line":33,"column":6}},"8":{"start":{"line":35,"column":4},"end":{"line":38,"column":7}},"9":{"start":{"line":39,"column":4},"end":{"line":39,"column":62}}},"fnMap":{"0":{"name":"(anonymous_0)","decl":{"start":{"line":10,"column":33},"end":{"line":10,"column":34}},"loc":{"start":{"line":10,"column":50},"end":{"line":41,"column":1}},"line":10}},"branchMap":{"0":{"loc":{"start":{"line":25,"column":4},"end":{"line":27,"column":5}},"type":"if","locations":[{"start":{"line":25,"column":4},"end":{"line":27,"column":5}},{"start":{},"end":{}}],"line":25}},"s":{"0":7,"1":7,"2":4,"3":4,"4":4,"5":4,"6":0,"7":0,"8":4,"9":4},"f":{"0":4},"b":{"0":[0,0]},"_coverageSchema":"1a1c01bbd47fc00a2c39e90264f33305004495a9","hash":"25dd8141d33cac2018864d6c01a490c0cccb9b31"}
,"/Users/squidwardsus/Developer/Code/sawangan_api/src/utils/token-utils.js": {"path":"/Users/squidwardsus/Developer/Code/sawangan_api/src/utils/token-utils.js","statementMap":{"0":{"start":{"line":4,"column":34},"end":{"line":6,"column":1}},"1":{"start":{"line":5,"column":2},"end":{"line":5,"column":48}},"2":{"start":{"line":8,"column":25},"end":{"line":10,"column":1}},"3":{"start":{"line":9,"column":2},"end":{"line":9,"column":38}},"4":{"start":{"line":12,"column":29},"end":{"line":14,"column":1}},"5":{"start":{"line":13,"column":2},"end":{"line":13,"column":55}}},"fnMap":{"0":{"name":"(anonymous_0)","decl":{"start":{"line":4,"column":34},"end":{"line":4,"column":35}},"loc":{"start":{"line":4,"column":40},"end":{"line":6,"column":1}},"line":4},"1":{"name":"(anonymous_1)","decl":{"start":{"line":8,"column":25},"end":{"line":8,"column":26}},"loc":{"start":{"line":8,"column":42},"end":{"line":10,"column":1}},"line":8},"2":{"name":"(anonymous_2)","decl":{"start":{"line":12,"column":29},"end":{"line":12,"column":30}},"loc":{"start":{"line":12,"column":64},"end":{"line":14,"column":1}},"line":12}},"branchMap":{},"s":{"0":8,"1":4,"2":8,"3":7,"4":8,"5":6},"f":{"0":4,"1":7,"2":6},"b":{},"_coverageSchema":"1a1c01bbd47fc00a2c39e90264f33305004495a9","hash":"c6ddcd8de2b521c6e6908971d83a79fb8a575528"}
,"/Users/squidwardsus/Developer/Code/sawangan_api/src/utils/upload.js": {"path":"/Users/squidwardsus/Developer/Code/sawangan_api/src/utils/upload.js","statementMap":{"0":{"start":{"line":4,"column":15},"end":{"line":15,"column":2}},"1":{"start":{"line":8,"column":4},"end":{"line":8,"column":64}},"2":{"start":{"line":9,"column":4},"end":{"line":13,"column":5}},"3":{"start":{"line":10,"column":6},"end":{"line":10,"column":21}},"4":{"start":{"line":12,"column":6},"end":{"line":12,"column":66}},"5":{"start":{"line":17,"column":34},"end":{"line":17,"column":56}},"6":{"start":{"line":20,"column":42},"end":{"line":37,"column":1}},"7":{"start":{"line":22,"column":2},"end":{"line":24,"column":3}},"8":{"start":{"line":23,"column":4},"end":{"line":23,"column":18}},"9":{"start":{"line":27,"column":2},"end":{"line":36,"column":5}},"10":{"start":{"line":28,"column":4},"end":{"line":34,"column":5}},"11":{"start":{"line":30,"column":6},"end":{"line":32,"column":7}},"12":{"start":{"line":31,"column":8},"end":{"line":31,"column":22}},"13":{"start":{"line":33,"column":6},"end":{"line":33,"column":23}},"14":{"start":{"line":35,"column":4},"end":{"line":35,"column":11}}},"fnMap":{"0":{"name":"(anonymous_0)","decl":{"start":{"line":7,"column":14},"end":{"line":7,"column":15}},"loc":{"start":{"line":7,"column":33},"end":{"line":14,"column":3}},"line":7},"1":{"name":"(anonymous_1)","decl":{"start":{"line":20,"column":42},"end":{"line":20,"column":43}},"loc":{"start":{"line":20,"column":62},"end":{"line":37,"column":1}},"line":20},"2":{"name":"(anonymous_2)","decl":{"start":{"line":27,"column":35},"end":{"line":27,"column":36}},"loc":{"start":{"line":27,"column":44},"end":{"line":36,"column":3}},"line":27}},"branchMap":{"0":{"loc":{"start":{"line":9,"column":4},"end":{"line":13,"column":5}},"type":"if","locations":[{"start":{"line":9,"column":4},"end":{"line":13,"column":5}},{"start":{"line":11,"column":11},"end":{"line":13,"column":5}}],"line":9},"1":{"loc":{"start":{"line":22,"column":2},"end":{"line":24,"column":3}},"type":"if","locations":[{"start":{"line":22,"column":2},"end":{"line":24,"column":3}},{"start":{},"end":{}}],"line":22},"2":{"loc":{"start":{"line":28,"column":4},"end":{"line":34,"column":5}},"type":"if","locations":[{"start":{"line":28,"column":4},"end":{"line":34,"column":5}},{"start":{},"end":{}}],"line":28},"3":{"loc":{"start":{"line":30,"column":6},"end":{"line":32,"column":7}},"type":"if","locations":[{"start":{"line":30,"column":6},"end":{"line":32,"column":7}},{"start":{},"end":{}}],"line":30},"4":{"loc":{"start":{"line":30,"column":10},"end":{"line":30,"column":90}},"type":"binary-expr","locations":[{"start":{"line":30,"column":10},"end":{"line":30,"column":46}},{"start":{"line":30,"column":50},"end":{"line":30,"column":90}}],"line":30}},"s":{"0":7,"1":5,"2":5,"3":5,"4":0,"5":7,"6":7,"7":6,"8":4,"9":2,"10":2,"11":0,"12":0,"13":0,"14":2},"f":{"0":5,"1":6,"2":2},"b":{"0":[5,0],"1":[4,2],"2":[0,2],"3":[0,0],"4":[0,0]},"_coverageSchema":"1a1c01bbd47fc00a2c39e90264f33305004495a9","hash":"dfae616c8599bad97ba08f3b02f4fc7bff1118f8"}
,"/Users/squidwardsus/Developer/Code/sawangan_api/src/validation/cart-validation.js": {"path":"/Users/squidwardsus/Developer/Code/sawangan_api/src/validation/cart-validation.js","statementMap":{"0":{"start":{"line":3,"column":34},"end":{"line":6,"column":2}},"1":{"start":{"line":8,"column":40},"end":{"line":10,"column":2}}},"fnMap":{},"branchMap":{},"s":{"0":7,"1":7},"f":{},"b":{},"_coverageSchema":"1a1c01bbd47fc00a2c39e90264f33305004495a9","hash":"32b091a446713a03c81b4448e1530f45523e7b2d"}
,"/Users/squidwardsus/Developer/Code/sawangan_api/src/validation/checkout-validation.js": {"path":"/Users/squidwardsus/Developer/Code/sawangan_api/src/validation/checkout-validation.js","statementMap":{"0":{"start":{"line":4,"column":34},"end":{"line":14,"column":33}}},"fnMap":{},"branchMap":{},"s":{"0":7},"f":{},"b":{},"_coverageSchema":"1a1c01bbd47fc00a2c39e90264f33305004495a9","hash":"c48d45383b1a43369932d652a666a4700c660151"}
,"/Users/squidwardsus/Developer/Code/sawangan_api/src/validation/order-validation.js": {"path":"/Users/squidwardsus/Developer/Code/sawangan_api/src/validation/order-validation.js","statementMap":{"0":{"start":{"line":4,"column":20},"end":{"line":4,"column":92}},"1":{"start":{"line":6,"column":36},"end":{"line":9,"column":2}},"2":{"start":{"line":11,"column":42},"end":{"line":23,"column":33}},"3":{"start":{"line":25,"column":39},"end":{"line":27,"column":1}},"4":{"start":{"line":29,"column":33},"end":{"line":35,"column":4}},"5":{"start":{"line":39,"column":42},"end":{"line":46,"column":4}}},"fnMap":{},"branchMap":{},"s":{"0":7,"1":7,"2":7,"3":7,"4":7,"5":7},"f":{},"b":{},"_coverageSchema":"1a1c01bbd47fc00a2c39e90264f33305004495a9","hash":"e3a6ccb70868757aefb1d030363eecaf03919cdf"}
,"/Users/squidwardsus/Developer/Code/sawangan_api/src/validation/product-validation.js": {"path":"/Users/squidwardsus/Developer/Code/sawangan_api/src/validation/product-validation.js","statementMap":{"0":{"start":{"line":5,"column":36},"end":{"line":22,"column":2}},"1":{"start":{"line":25,"column":35},"end":{"line":25,"column":65}},"2":{"start":{"line":27,"column":39},"end":{"line":46,"column":9}}},"fnMap":{},"branchMap":{},"s":{"0":7,"1":7,"2":7},"f":{},"b":{},"_coverageSchema":"1a1c01bbd47fc00a2c39e90264f33305004495a9","hash":"de11f461a30c653f23751b3314aec7a935ea8079"}
,"/Users/squidwardsus/Developer/Code/sawangan_api/src/validation/profile-validation.js": {"path":"/Users/squidwardsus/Developer/Code/sawangan_api/src/validation/profile-validation.js","statementMap":{"0":{"start":{"line":4,"column":32},"end":{"line":7,"column":2}},"1":{"start":{"line":9,"column":33},"end":{"line":14,"column":2}},"2":{"start":{"line":16,"column":25},"end":{"line":20,"column":2}}},"fnMap":{},"branchMap":{},"s":{"0":7,"1":7,"2":7},"f":{},"b":{},"_coverageSchema":"1a1c01bbd47fc00a2c39e90264f33305004495a9","hash":"ba093c3218e6007d13ceb07086e3617909120c39"}
,"/Users/squidwardsus/Developer/Code/sawangan_api/src/validation/review-validation.js": {"path":"/Users/squidwardsus/Developer/Code/sawangan_api/src/validation/review-validation.js","statementMap":{"0":{"start":{"line":4,"column":38},"end":{"line":29,"column":2}},"1":{"start":{"line":31,"column":36},"end":{"line":35,"column":2}}},"fnMap":{},"branchMap":{},"s":{"0":7,"1":7},"f":{},"b":{},"_coverageSchema":"1a1c01bbd47fc00a2c39e90264f33305004495a9","hash":"609deeb1522702a895df1ab8faff1ee7073240d3"}
,"/Users/squidwardsus/Developer/Code/sawangan_api/src/validation/user-validation.js": {"path":"/Users/squidwardsus/Developer/Code/sawangan_api/src/validation/user-validation.js","statementMap":{"0":{"start":{"line":5,"column":23},"end":{"line":10,"column":1}},"1":{"start":{"line":6,"column":2},"end":{"line":8,"column":3}},"2":{"start":{"line":7,"column":4},"end":{"line":7,"column":40}},"3":{"start":{"line":9,"column":2},"end":{"line":9,"column":15}},"4":{"start":{"line":14,"column":27},"end":{"line":14,"column":92}},"5":{"start":{"line":16,"column":27},"end":{"line":24,"column":2}},"6":{"start":{"line":26,"column":24},"end":{"line":29,"column":2}},"7":{"start":{"line":32,"column":33},"end":{"line":34,"column":2}},"8":{"start":{"line":36,"column":33},"end":{"line":41,"column":2}},"9":{"start":{"line":44,"column":29},"end":{"line":49,"column":2}}},"fnMap":{"0":{"name":"(anonymous_0)","decl":{"start":{"line":5,"column":23},"end":{"line":5,"column":24}},"loc":{"start":{"line":5,"column":43},"end":{"line":10,"column":1}},"line":5}},"branchMap":{"0":{"loc":{"start":{"line":6,"column":2},"end":{"line":8,"column":3}},"type":"if","locations":[{"start":{"line":6,"column":2},"end":{"line":8,"column":3}},{"start":{},"end":{}}],"line":6}},"s":{"0":7,"1":6,"2":0,"3":6,"4":7,"5":7,"6":7,"7":7,"8":7,"9":7},"f":{"0":6},"b":{"0":[0,6]},"_coverageSchema":"1a1c01bbd47fc00a2c39e90264f33305004495a9","hash":"f7f90b50247831f6c2d747997c07cdb962da44bf"}
,"/Users/squidwardsus/Developer/Code/sawangan_api/src/validation/validation.js": {"path":"/Users/squidwardsus/Developer/Code/sawangan_api/src/validation/validation.js","statementMap":{"0":{"start":{"line":4,"column":17},"end":{"line":15,"column":1}},"1":{"start":{"line":5,"column":19},"end":{"line":8,"column":6}},"2":{"start":{"line":10,"column":4},"end":{"line":14,"column":5}},"3":{"start":{"line":11,"column":8},"end":{"line":11,"column":59}},"4":{"start":{"line":13,"column":8},"end":{"line":13,"column":28}}},"fnMap":{"0":{"name":"(anonymous_0)","decl":{"start":{"line":4,"column":17},"end":{"line":4,"column":18}},"loc":{"start":{"line":4,"column":38},"end":{"line":15,"column":1}},"line":4}},"branchMap":{"0":{"loc":{"start":{"line":10,"column":4},"end":{"line":14,"column":5}},"type":"if","locations":[{"start":{"line":10,"column":4},"end":{"line":14,"column":5}},{"start":{"line":12,"column":11},"end":{"line":14,"column":5}}],"line":10}},"s":{"0":7,"1":65,"2":65,"3":6,"4":59},"f":{"0":65},"b":{"0":[6,59]},"_coverageSchema":"1a1c01bbd47fc00a2c39e90264f33305004495a9","hash":"afd50040250fbc0525454712e49f3810cd6907df"}
,"/Users/squidwardsus/Developer/Code/sawangan_api/src/validation/wishlist-validation.js": {"path":"/Users/squidwardsus/Developer/Code/sawangan_api/src/validation/wishlist-validation.js","statementMap":{"0":{"start":{"line":3,"column":20},"end":{"line":3,"column":92}},"1":{"start":{"line":5,"column":40},"end":{"line":13,"column":2}},"2":{"start":{"line":15,"column":39},"end":{"line":18,"column":2}}},"fnMap":{},"branchMap":{},"s":{"0":7,"1":7,"2":7},"f":{},"b":{},"_coverageSchema":"1a1c01bbd47fc00a2c39e90264f33305004495a9","hash":"d9dff9177a111f966c6c0c833fcbc20503208ab6"}
}
