{"/Users/squidwardsus/Developer/Code/sawangan_api/src/main.js": {"path":"/Users/squidwardsus/Developer/Code/sawangan_api/src/main.js","statementMap":{"0":{"start":{"line":5,"column":0},"end":{"line":7,"column":3}},"1":{"start":{"line":6,"column":2},"end":{"line":6,"column":48}}},"fnMap":{"0":{"name":"(anonymous_0)","decl":{"start":{"line":5,"column":17},"end":{"line":5,"column":18}},"loc":{"start":{"line":5,"column":23},"end":{"line":7,"column":1}},"line":5}},"branchMap":{},"s":{"0":0,"1":0},"f":{"0":0},"b":{}}
,"/Users/squidwardsus/Developer/Code/sawangan_api/src/application/database.js": {"path":"/Users/squidwardsus/Developer/Code/sawangan_api/src/application/database.js","statementMap":{"0":{"start":{"line":5,"column":21},"end":{"line":24,"column":2}},"1":{"start":{"line":26,"column":0},"end":{"line":28,"column":3}},"2":{"start":{"line":27,"column":2},"end":{"line":27,"column":20}},"3":{"start":{"line":30,"column":0},"end":{"line":32,"column":3}},"4":{"start":{"line":31,"column":2},"end":{"line":31,"column":21}},"5":{"start":{"line":34,"column":0},"end":{"line":36,"column":3}},"6":{"start":{"line":35,"column":2},"end":{"line":35,"column":20}},"7":{"start":{"line":38,"column":0},"end":{"line":40,"column":3}},"8":{"start":{"line":39,"column":2},"end":{"line":39,"column":20}}},"fnMap":{"0":{"name":"(anonymous_0)","decl":{"start":{"line":26,"column":26},"end":{"line":26,"column":27}},"loc":{"start":{"line":26,"column":33},"end":{"line":28,"column":1}},"line":26},"1":{"name":"(anonymous_1)","decl":{"start":{"line":30,"column":26},"end":{"line":30,"column":27}},"loc":{"start":{"line":30,"column":33},"end":{"line":32,"column":1}},"line":30},"2":{"name":"(anonymous_2)","decl":{"start":{"line":34,"column":25},"end":{"line":34,"column":26}},"loc":{"start":{"line":34,"column":32},"end":{"line":36,"column":1}},"line":34},"3":{"name":"(anonymous_3)","decl":{"start":{"line":38,"column":25},"end":{"line":38,"column":26}},"loc":{"start":{"line":38,"column":32},"end":{"line":40,"column":1}},"line":38}},"branchMap":{},"s":{"0":1,"1":1,"2":58,"3":1,"4":2,"5":1,"6":1,"7":1,"8":0},"f":{"0":58,"1":2,"2":1,"3":0},"b":{},"_coverageSchema":"1a1c01bbd47fc00a2c39e90264f33305004495a9","hash":"1f0fc93827e183e2aeff1e6a2430d890c60fd46c"}
,"/Users/squidwardsus/Developer/Code/sawangan_api/src/application/logger.js": {"path":"/Users/squidwardsus/Developer/Code/sawangan_api/src/application/logger.js","statementMap":{"0":{"start":{"line":4,"column":25},"end":{"line":10,"column":2}}},"fnMap":{},"branchMap":{},"s":{"0":1},"f":{},"b":{},"_coverageSchema":"1a1c01bbd47fc00a2c39e90264f33305004495a9","hash":"8321ad515def1b7da22e286547ebc910639d6cf1"}
,"/Users/squidwardsus/Developer/Code/sawangan_api/src/application/web.js": {"path":"/Users/squidwardsus/Developer/Code/sawangan_api/src/application/web.js","statementMap":{"0":{"start":{"line":9,"column":19},"end":{"line":9,"column":28}},"1":{"start":{"line":11,"column":0},"end":{"line":11,"column":24}},"2":{"start":{"line":12,"column":0},"end":{"line":12,"column":15}},"3":{"start":{"line":14,"column":0},"end":{"line":14,"column":21}},"4":{"start":{"line":15,"column":0},"end":{"line":15,"column":16}},"5":{"start":{"line":16,"column":0},"end":{"line":16,"column":21}},"6":{"start":{"line":18,"column":0},"end":{"line":18,"column":25}}},"fnMap":{},"branchMap":{},"s":{"0":1,"1":1,"2":1,"3":1,"4":1,"5":1,"6":1},"f":{},"b":{},"_coverageSchema":"1a1c01bbd47fc00a2c39e90264f33305004495a9","hash":"2d1137d0650a365aaf9a422d7093c78f7e3d1899"}
,"/Users/squidwardsus/Developer/Code/sawangan_api/src/controller/cart-controller.js": {"path":"/Users/squidwardsus/Developer/Code/sawangan_api/src/controller/cart-controller.js","statementMap":{"0":{"start":{"line":5,"column":23},"end":{"line":16,"column":1}},"1":{"start":{"line":6,"column":2},"end":{"line":15,"column":3}},"2":{"start":{"line":7,"column":19},"end":{"line":7,"column":30}},"3":{"start":{"line":8,"column":17},"end":{"line":8,"column":50}},"4":{"start":{"line":9,"column":4},"end":{"line":12,"column":6}},"5":{"start":{"line":14,"column":4},"end":{"line":14,"column":15}},"6":{"start":{"line":18,"column":29},"end":{"line":31,"column":1}},"7":{"start":{"line":19,"column":2},"end":{"line":30,"column":3}},"8":{"start":{"line":20,"column":19},"end":{"line":20,"column":30}},"9":{"start":{"line":21,"column":20},"end":{"line":21,"column":58}},"10":{"start":{"line":23,"column":17},"end":{"line":23,"column":65}},"11":{"start":{"line":24,"column":4},"end":{"line":27,"column":7}},"12":{"start":{"line":29,"column":4},"end":{"line":29,"column":16}},"13":{"start":{"line":33,"column":30},"end":{"line":47,"column":1}},"14":{"start":{"line":34,"column":2},"end":{"line":46,"column":3}},"15":{"start":{"line":35,"column":19},"end":{"line":35,"column":30}},"16":{"start":{"line":36,"column":22},"end":{"line":36,"column":42}},"17":{"start":{"line":37,"column":20},"end":{"line":37,"column":64}},"18":{"start":{"line":39,"column":17},"end":{"line":39,"column":77}},"19":{"start":{"line":40,"column":4},"end":{"line":43,"column":7}},"20":{"start":{"line":45,"column":4},"end":{"line":45,"column":16}},"21":{"start":{"line":49,"column":34},"end":{"line":62,"column":1}},"22":{"start":{"line":50,"column":2},"end":{"line":61,"column":3}},"23":{"start":{"line":51,"column":19},"end":{"line":51,"column":30}},"24":{"start":{"line":52,"column":22},"end":{"line":52,"column":42}},"25":{"start":{"line":54,"column":17},"end":{"line":54,"column":72}},"26":{"start":{"line":55,"column":4},"end":{"line":58,"column":7}},"27":{"start":{"line":60,"column":4},"end":{"line":60,"column":16}},"28":{"start":{"line":64,"column":25},"end":{"line":76,"column":1}},"29":{"start":{"line":65,"column":2},"end":{"line":75,"column":3}},"30":{"start":{"line":66,"column":19},"end":{"line":66,"column":30}},"31":{"start":{"line":67,"column":4},"end":{"line":67,"column":40}},"32":{"start":{"line":69,"column":4},"end":{"line":72,"column":7}},"33":{"start":{"line":74,"column":4},"end":{"line":74,"column":16}}},"fnMap":{"0":{"name":"(anonymous_0)","decl":{"start":{"line":5,"column":23},"end":{"line":5,"column":24}},"loc":{"start":{"line":5,"column":49},"end":{"line":16,"column":1}},"line":5},"1":{"name":"(anonymous_1)","decl":{"start":{"line":18,"column":29},"end":{"line":18,"column":30}},"loc":{"start":{"line":18,"column":55},"end":{"line":31,"column":1}},"line":18},"2":{"name":"(anonymous_2)","decl":{"start":{"line":33,"column":30},"end":{"line":33,"column":31}},"loc":{"start":{"line":33,"column":56},"end":{"line":47,"column":1}},"line":33},"3":{"name":"(anonymous_3)","decl":{"start":{"line":49,"column":34},"end":{"line":49,"column":35}},"loc":{"start":{"line":49,"column":60},"end":{"line":62,"column":1}},"line":49},"4":{"name":"(anonymous_4)","decl":{"start":{"line":64,"column":25},"end":{"line":64,"column":26}},"loc":{"start":{"line":64,"column":51},"end":{"line":76,"column":1}},"line":64}},"branchMap":{},"s":{"0":1,"1":0,"2":0,"3":0,"4":0,"5":0,"6":1,"7":0,"8":0,"9":0,"10":0,"11":0,"12":0,"13":1,"14":0,"15":0,"16":0,"17":0,"18":0,"19":0,"20":0,"21":1,"22":0,"23":0,"24":0,"25":0,"26":0,"27":0,"28":1,"29":0,"30":0,"31":0,"32":0,"33":0},"f":{"0":0,"1":0,"2":0,"3":0,"4":0},"b":{},"_coverageSchema":"1a1c01bbd47fc00a2c39e90264f33305004495a9","hash":"ec090feb6b6e14f618950cd8e15770daba31c47b"}
,"/Users/squidwardsus/Developer/Code/sawangan_api/src/controller/checkout-controller.js": {"path":"/Users/squidwardsus/Developer/Code/sawangan_api/src/controller/checkout-controller.js","statementMap":{"0":{"start":{"line":9,"column":24},"end":{"line":25,"column":1}},"1":{"start":{"line":10,"column":2},"end":{"line":24,"column":3}},"2":{"start":{"line":11,"column":19},"end":{"line":11,"column":30}},"3":{"start":{"line":12,"column":20},"end":{"line":12,"column":58}},"4":{"start":{"line":13,"column":18},"end":{"line":13,"column":72}},"5":{"start":{"line":15,"column":4},"end":{"line":21,"column":7}},"6":{"start":{"line":23,"column":4},"end":{"line":23,"column":16}},"7":{"start":{"line":29,"column":34},"end":{"line":84,"column":1}},"8":{"start":{"line":30,"column":2},"end":{"line":83,"column":3}},"9":{"start":{"line":39,"column":8},"end":{"line":39,"column":17}},"10":{"start":{"line":41,"column":4},"end":{"line":43,"column":5}},"11":{"start":{"line":42,"column":6},"end":{"line":42,"column":66}},"12":{"start":{"line":46,"column":19},"end":{"line":52,"column":5}},"13":{"start":{"line":55,"column":4},"end":{"line":55,"column":58}},"14":{"start":{"line":57,"column":20},"end":{"line":57,"column":70}},"15":{"start":{"line":59,"column":4},"end":{"line":66,"column":7}},"16":{"start":{"line":70,"column":23},"end":{"line":70,"column":42}},"17":{"start":{"line":71,"column":22},"end":{"line":75,"column":5}},"18":{"start":{"line":77,"column":4},"end":{"line":77,"column":72}},"19":{"start":{"line":79,"column":4},"end":{"line":82,"column":7}},"20":{"start":{"line":89,"column":34},"end":{"line":138,"column":1}},"21":{"start":{"line":90,"column":2},"end":{"line":137,"column":3}},"22":{"start":{"line":91,"column":24},"end":{"line":91,"column":33}},"23":{"start":{"line":94,"column":4},"end":{"line":103,"column":5}},"24":{"start":{"line":95,"column":6},"end":{"line":95,"column":89}},"25":{"start":{"line":105,"column":20},"end":{"line":105,"column":75}},"26":{"start":{"line":108,"column":4},"end":{"line":116,"column":7}},"27":{"start":{"line":120,"column":23},"end":{"line":120,"column":42}},"28":{"start":{"line":121,"column":26},"end":{"line":128,"column":5}},"29":{"start":{"line":130,"column":4},"end":{"line":134,"column":7}},"30":{"start":{"line":136,"column":4},"end":{"line":136,"column":54}}},"fnMap":{"0":{"name":"(anonymous_0)","decl":{"start":{"line":9,"column":24},"end":{"line":9,"column":25}},"loc":{"start":{"line":9,"column":50},"end":{"line":25,"column":1}},"line":9},"1":{"name":"(anonymous_1)","decl":{"start":{"line":29,"column":34},"end":{"line":29,"column":35}},"loc":{"start":{"line":29,"column":60},"end":{"line":84,"column":1}},"line":29},"2":{"name":"(anonymous_2)","decl":{"start":{"line":89,"column":34},"end":{"line":89,"column":35}},"loc":{"start":{"line":89,"column":60},"end":{"line":138,"column":1}},"line":89}},"branchMap":{"0":{"loc":{"start":{"line":37,"column":6},"end":{"line":37,"column":20}},"type":"default-arg","locations":[{"start":{"line":37,"column":19},"end":{"line":37,"column":20}}],"line":37},"1":{"loc":{"start":{"line":38,"column":6},"end":{"line":38,"column":16}},"type":"default-arg","locations":[{"start":{"line":38,"column":12},"end":{"line":38,"column":16}}],"line":38},"2":{"loc":{"start":{"line":41,"column":4},"end":{"line":43,"column":5}},"type":"if","locations":[{"start":{"line":41,"column":4},"end":{"line":43,"column":5}},{"start":{},"end":{}}],"line":41},"3":{"loc":{"start":{"line":41,"column":8},"end":{"line":41,"column":70}},"type":"binary-expr","locations":[{"start":{"line":41,"column":8},"end":{"line":41,"column":31}},{"start":{"line":41,"column":35},"end":{"line":41,"column":59}},{"start":{"line":41,"column":63},"end":{"line":41,"column":70}}],"line":41},"4":{"loc":{"start":{"line":50,"column":18},"end":{"line":50,"column":43}},"type":"binary-expr","locations":[{"start":{"line":50,"column":18},"end":{"line":50,"column":38}},{"start":{"line":50,"column":42},"end":{"line":50,"column":43}}],"line":50},"5":{"loc":{"start":{"line":70,"column":23},"end":{"line":70,"column":42}},"type":"binary-expr","locations":[{"start":{"line":70,"column":23},"end":{"line":70,"column":35}},{"start":{"line":70,"column":39},"end":{"line":70,"column":42}}],"line":70},"6":{"loc":{"start":{"line":72,"column":12},"end":{"line":72,"column":54}},"type":"binary-expr","locations":[{"start":{"line":72,"column":12},"end":{"line":72,"column":22}},{"start":{"line":72,"column":26},"end":{"line":72,"column":54}}],"line":72},"7":{"loc":{"start":{"line":74,"column":10},"end":{"line":74,"column":53}},"type":"binary-expr","locations":[{"start":{"line":74,"column":10},"end":{"line":74,"column":23}},{"start":{"line":74,"column":27},"end":{"line":74,"column":53}}],"line":74},"8":{"loc":{"start":{"line":94,"column":4},"end":{"line":103,"column":5}},"type":"if","locations":[{"start":{"line":94,"column":4},"end":{"line":103,"column":5}},{"start":{},"end":{}}],"line":94},"9":{"loc":{"start":{"line":94,"column":8},"end":{"line":94,"column":76}},"type":"binary-expr","locations":[{"start":{"line":94,"column":8},"end":{"line":94,"column":16}},{"start":{"line":94,"column":20},"end":{"line":94,"column":47}},{"start":{"line":94,"column":51},"end":{"line":94,"column":76}}],"line":94},"10":{"loc":{"start":{"line":120,"column":23},"end":{"line":120,"column":42}},"type":"binary-expr","locations":[{"start":{"line":120,"column":23},"end":{"line":120,"column":35}},{"start":{"line":120,"column":39},"end":{"line":120,"column":42}}],"line":120},"11":{"loc":{"start":{"line":124,"column":14},"end":{"line":124,"column":51}},"type":"binary-expr","locations":[{"start":{"line":124,"column":14},"end":{"line":124,"column":24}},{"start":{"line":124,"column":28},"end":{"line":124,"column":51}}],"line":124},"12":{"loc":{"start":{"line":126,"column":12},"end":{"line":126,"column":55}},"type":"binary-expr","locations":[{"start":{"line":126,"column":12},"end":{"line":126,"column":25}},{"start":{"line":126,"column":29},"end":{"line":126,"column":55}}],"line":126}},"s":{"0":1,"1":0,"2":0,"3":0,"4":0,"5":0,"6":0,"7":1,"8":0,"9":0,"10":0,"11":0,"12":0,"13":0,"14":0,"15":0,"16":0,"17":0,"18":0,"19":0,"20":1,"21":0,"22":0,"23":0,"24":0,"25":0,"26":0,"27":0,"28":0,"29":0,"30":0},"f":{"0":0,"1":0,"2":0},"b":{"0":[0],"1":[0],"2":[0,0],"3":[0,0,0],"4":[0,0],"5":[0,0],"6":[0,0],"7":[0,0],"8":[0,0],"9":[0,0,0],"10":[0,0],"11":[0,0],"12":[0,0]},"_coverageSchema":"1a1c01bbd47fc00a2c39e90264f33305004495a9","hash":"caaa23f87ca5378d0576263bef78e52aec605bd8"}
,"/Users/squidwardsus/Developer/Code/sawangan_api/src/controller/midtrans-controller.js": {"path":"/Users/squidwardsus/Developer/Code/sawangan_api/src/controller/midtrans-controller.js","statementMap":{"0":{"start":{"line":92,"column":13},"end":{"line":96,"column":2}},"1":{"start":{"line":98,"column":42},"end":{"line":209,"column":1}},"2":{"start":{"line":99,"column":2},"end":{"line":208,"column":3}},"3":{"start":{"line":100,"column":25},"end":{"line":100,"column":33}},"4":{"start":{"line":103,"column":27},"end":{"line":103,"column":76}},"5":{"start":{"line":104,"column":20},"end":{"line":104,"column":43}},"6":{"start":{"line":105,"column":30},"end":{"line":105,"column":63}},"7":{"start":{"line":106,"column":24},"end":{"line":106,"column":51}},"8":{"start":{"line":108,"column":4},"end":{"line":108,"column":94}},"9":{"start":{"line":111,"column":18},"end":{"line":122,"column":6}},"10":{"start":{"line":124,"column":4},"end":{"line":126,"column":5}},"11":{"start":{"line":125,"column":6},"end":{"line":125,"column":64}},"12":{"start":{"line":129,"column":24},"end":{"line":129,"column":36}},"13":{"start":{"line":130,"column":24},"end":{"line":130,"column":43}},"14":{"start":{"line":131,"column":25},"end":{"line":131,"column":27}},"15":{"start":{"line":133,"column":4},"end":{"line":174,"column":5}},"16":{"start":{"line":135,"column":8},"end":{"line":142,"column":9}},"17":{"start":{"line":136,"column":10},"end":{"line":136,"column":36}},"18":{"start":{"line":137,"column":10},"end":{"line":137,"column":38}},"19":{"start":{"line":138,"column":15},"end":{"line":142,"column":9}},"20":{"start":{"line":139,"column":10},"end":{"line":139,"column":33}},"21":{"start":{"line":140,"column":10},"end":{"line":140,"column":33}},"22":{"start":{"line":141,"column":10},"end":{"line":141,"column":45}},"23":{"start":{"line":143,"column":8},"end":{"line":143,"column":14}},"24":{"start":{"line":146,"column":8},"end":{"line":146,"column":31}},"25":{"start":{"line":147,"column":8},"end":{"line":147,"column":31}},"26":{"start":{"line":148,"column":8},"end":{"line":148,"column":43}},"27":{"start":{"line":149,"column":8},"end":{"line":149,"column":14}},"28":{"start":{"line":154,"column":8},"end":{"line":154,"column":36}},"29":{"start":{"line":155,"column":8},"end":{"line":155,"column":33}},"30":{"start":{"line":158,"column":8},"end":{"line":158,"column":42}},"31":{"start":{"line":159,"column":8},"end":{"line":159,"column":14}},"32":{"start":{"line":162,"column":8},"end":{"line":162,"column":34}},"33":{"start":{"line":163,"column":8},"end":{"line":163,"column":34}},"34":{"start":{"line":164,"column":8},"end":{"line":164,"column":14}},"35":{"start":{"line":168,"column":8},"end":{"line":168,"column":36}},"36":{"start":{"line":169,"column":8},"end":{"line":169,"column":35}},"37":{"start":{"line":172,"column":8},"end":{"line":172,"column":42}},"38":{"start":{"line":173,"column":8},"end":{"line":173,"column":14}},"39":{"start":{"line":177,"column":25},"end":{"line":185,"column":6}},"40":{"start":{"line":188,"column":4},"end":{"line":197,"column":7}},"41":{"start":{"line":200,"column":4},"end":{"line":202,"column":5}},"42":{"start":{"line":201,"column":6},"end":{"line":201,"column":60}},"43":{"start":{"line":204,"column":4},"end":{"line":204,"column":31}},"44":{"start":{"line":206,"column":4},"end":{"line":206,"column":57}},"45":{"start":{"line":207,"column":4},"end":{"line":207,"column":61}},"46":{"start":{"line":211,"column":41},"end":{"line":279,"column":1}},"47":{"start":{"line":212,"column":2},"end":{"line":278,"column":3}},"48":{"start":{"line":213,"column":24},"end":{"line":213,"column":34}},"49":{"start":{"line":216,"column":18},"end":{"line":221,"column":6}},"50":{"start":{"line":223,"column":4},"end":{"line":225,"column":5}},"51":{"start":{"line":224,"column":6},"end":{"line":224,"column":54}},"52":{"start":{"line":228,"column":4},"end":{"line":230,"column":5}},"53":{"start":{"line":229,"column":6},"end":{"line":229,"column":99}},"54":{"start":{"line":233,"column":4},"end":{"line":241,"column":5}},"55":{"start":{"line":234,"column":6},"end":{"line":240,"column":7}},"56":{"start":{"line":235,"column":31},"end":{"line":235,"column":83}},"57":{"start":{"line":236,"column":8},"end":{"line":236,"column":71}},"58":{"start":{"line":238,"column":8},"end":{"line":238,"column":61}},"59":{"start":{"line":239,"column":8},"end":{"line":239,"column":77}},"60":{"start":{"line":244,"column":25},"end":{"line":250,"column":6}},"61":{"start":{"line":253,"column":4},"end":{"line":253,"column":38}},"62":{"start":{"line":256,"column":4},"end":{"line":269,"column":7}},"63":{"start":{"line":271,"column":4},"end":{"line":275,"column":7}},"64":{"start":{"line":277,"column":4},"end":{"line":277,"column":16}},"65":{"start":{"line":283,"column":21},"end":{"line":289,"column":4}},"66":{"start":{"line":291,"column":2},"end":{"line":298,"column":4}},"67":{"start":{"line":293,"column":6},"end":{"line":296,"column":8}},"68":{"start":{"line":303,"column":2},"end":{"line":321,"column":3}},"69":{"start":{"line":305,"column":4},"end":{"line":305,"column":81}},"70":{"start":{"line":306,"column":4},"end":{"line":311,"column":7}},"71":{"start":{"line":320,"column":4},"end":{"line":320,"column":57}}},"fnMap":{"0":{"name":"(anonymous_0)","decl":{"start":{"line":98,"column":42},"end":{"line":98,"column":43}},"loc":{"start":{"line":98,"column":62},"end":{"line":209,"column":1}},"line":98},"1":{"name":"(anonymous_1)","decl":{"start":{"line":211,"column":41},"end":{"line":211,"column":42}},"loc":{"start":{"line":211,"column":67},"end":{"line":279,"column":1}},"line":211},"2":{"name":"returnProductStock","decl":{"start":{"line":282,"column":15},"end":{"line":282,"column":33}},"loc":{"start":{"line":282,"column":43},"end":{"line":299,"column":1}},"line":282},"3":{"name":"(anonymous_3)","decl":{"start":{"line":292,"column":19},"end":{"line":292,"column":20}},"loc":{"start":{"line":293,"column":6},"end":{"line":296,"column":8}},"line":293},"4":{"name":"sendOrderNotification","decl":{"start":{"line":302,"column":15},"end":{"line":302,"column":36}},"loc":{"start":{"line":302,"column":50},"end":{"line":322,"column":1}},"line":302}},"branchMap":{"0":{"loc":{"start":{"line":124,"column":4},"end":{"line":126,"column":5}},"type":"if","locations":[{"start":{"line":124,"column":4},"end":{"line":126,"column":5}},{"start":{},"end":{}}],"line":124},"1":{"loc":{"start":{"line":133,"column":4},"end":{"line":174,"column":5}},"type":"switch","locations":[{"start":{"line":134,"column":6},"end":{"line":143,"column":14}},{"start":{"line":145,"column":6},"end":{"line":149,"column":14}},{"start":{"line":151,"column":6},"end":{"line":151,"column":20}},{"start":{"line":152,"column":6},"end":{"line":152,"column":18}},{"start":{"line":153,"column":6},"end":{"line":159,"column":14}},{"start":{"line":161,"column":6},"end":{"line":164,"column":14}},{"start":{"line":166,"column":6},"end":{"line":166,"column":20}},{"start":{"line":167,"column":6},"end":{"line":173,"column":14}}],"line":133},"2":{"loc":{"start":{"line":135,"column":8},"end":{"line":142,"column":9}},"type":"if","locations":[{"start":{"line":135,"column":8},"end":{"line":142,"column":9}},{"start":{"line":138,"column":15},"end":{"line":142,"column":9}}],"line":135},"3":{"loc":{"start":{"line":138,"column":15},"end":{"line":142,"column":9}},"type":"if","locations":[{"start":{"line":138,"column":15},"end":{"line":142,"column":9}},{"start":{},"end":{}}],"line":138},"4":{"loc":{"start":{"line":182,"column":23},"end":{"line":182,"column":73}},"type":"binary-expr","locations":[{"start":{"line":182,"column":23},"end":{"line":182,"column":50}},{"start":{"line":182,"column":54},"end":{"line":182,"column":73}}],"line":182},"5":{"loc":{"start":{"line":200,"column":4},"end":{"line":202,"column":5}},"type":"if","locations":[{"start":{"line":200,"column":4},"end":{"line":202,"column":5}},{"start":{},"end":{}}],"line":200},"6":{"loc":{"start":{"line":223,"column":4},"end":{"line":225,"column":5}},"type":"if","locations":[{"start":{"line":223,"column":4},"end":{"line":225,"column":5}},{"start":{},"end":{}}],"line":223},"7":{"loc":{"start":{"line":228,"column":4},"end":{"line":230,"column":5}},"type":"if","locations":[{"start":{"line":228,"column":4},"end":{"line":230,"column":5}},{"start":{},"end":{}}],"line":228},"8":{"loc":{"start":{"line":233,"column":4},"end":{"line":241,"column":5}},"type":"if","locations":[{"start":{"line":233,"column":4},"end":{"line":241,"column":5}},{"start":{},"end":{}}],"line":233},"9":{"loc":{"start":{"line":233,"column":8},"end":{"line":233,"column":63}},"type":"binary-expr","locations":[{"start":{"line":233,"column":8},"end":{"line":233,"column":29}},{"start":{"line":233,"column":33},"end":{"line":233,"column":63}}],"line":233},"10":{"loc":{"start":{"line":248,"column":23},"end":{"line":248,"column":77}},"type":"cond-expr","locations":[{"start":{"line":248,"column":56},"end":{"line":248,"column":66}},{"start":{"line":248,"column":69},"end":{"line":248,"column":77}}],"line":248},"11":{"loc":{"start":{"line":265,"column":23},"end":{"line":265,"column":47}},"type":"binary-expr","locations":[{"start":{"line":265,"column":23},"end":{"line":265,"column":35}},{"start":{"line":265,"column":39},"end":{"line":265,"column":47}}],"line":265}},"s":{"0":1,"1":1,"2":0,"3":0,"4":0,"5":0,"6":0,"7":0,"8":0,"9":0,"10":0,"11":0,"12":0,"13":0,"14":0,"15":0,"16":0,"17":0,"18":0,"19":0,"20":0,"21":0,"22":0,"23":0,"24":0,"25":0,"26":0,"27":0,"28":0,"29":0,"30":0,"31":0,"32":0,"33":0,"34":0,"35":0,"36":0,"37":0,"38":0,"39":0,"40":0,"41":0,"42":0,"43":0,"44":0,"45":0,"46":1,"47":0,"48":0,"49":0,"50":0,"51":0,"52":0,"53":0,"54":0,"55":0,"56":0,"57":0,"58":0,"59":0,"60":0,"61":0,"62":0,"63":0,"64":0,"65":0,"66":0,"67":0,"68":0,"69":0,"70":0,"71":0},"f":{"0":0,"1":0,"2":0,"3":0,"4":0},"b":{"0":[0,0],"1":[0,0,0,0,0,0,0,0],"2":[0,0],"3":[0,0],"4":[0,0],"5":[0,0],"6":[0,0],"7":[0,0],"8":[0,0],"9":[0,0],"10":[0,0],"11":[0,0]},"_coverageSchema":"1a1c01bbd47fc00a2c39e90264f33305004495a9","hash":"ba5d5099809b4cd910c381c3d3b6cfa57f01144b"}
,"/Users/squidwardsus/Developer/Code/sawangan_api/src/controller/order-controller.js": {"path":"/Users/squidwardsus/Developer/Code/sawangan_api/src/controller/order-controller.js","statementMap":{"0":{"start":{"line":7,"column":29},"end":{"line":22,"column":1}},"1":{"start":{"line":8,"column":2},"end":{"line":21,"column":3}},"2":{"start":{"line":9,"column":19},"end":{"line":9,"column":30}},"3":{"start":{"line":10,"column":18},"end":{"line":10,"column":59}},"4":{"start":{"line":12,"column":19},"end":{"line":12,"column":65}},"5":{"start":{"line":14,"column":4},"end":{"line":18,"column":7}},"6":{"start":{"line":20,"column":4},"end":{"line":20,"column":16}},"7":{"start":{"line":24,"column":31},"end":{"line":42,"column":1}},"8":{"start":{"line":25,"column":2},"end":{"line":41,"column":3}},"9":{"start":{"line":26,"column":19},"end":{"line":26,"column":30}},"10":{"start":{"line":27,"column":20},"end":{"line":27,"column":38}},"11":{"start":{"line":29,"column":4},"end":{"line":31,"column":5}},"12":{"start":{"line":30,"column":6},"end":{"line":30,"column":59}},"13":{"start":{"line":33,"column":18},"end":{"line":33,"column":68}},"14":{"start":{"line":35,"column":4},"end":{"line":38,"column":7}},"15":{"start":{"line":40,"column":4},"end":{"line":40,"column":16}},"16":{"start":{"line":44,"column":32},"end":{"line":58,"column":1}},"17":{"start":{"line":45,"column":2},"end":{"line":57,"column":3}},"18":{"start":{"line":46,"column":20},"end":{"line":46,"column":38}},"19":{"start":{"line":47,"column":20},"end":{"line":47,"column":66}},"20":{"start":{"line":49,"column":25},"end":{"line":49,"column":78}},"21":{"start":{"line":51,"column":4},"end":{"line":54,"column":7}},"22":{"start":{"line":56,"column":4},"end":{"line":56,"column":16}},"23":{"start":{"line":60,"column":32},"end":{"line":73,"column":1}},"24":{"start":{"line":61,"column":2},"end":{"line":72,"column":3}},"25":{"start":{"line":62,"column":20},"end":{"line":62,"column":38}},"26":{"start":{"line":64,"column":4},"end":{"line":64,"column":49}},"27":{"start":{"line":66,"column":4},"end":{"line":69,"column":7}},"28":{"start":{"line":71,"column":4},"end":{"line":71,"column":16}},"29":{"start":{"line":75,"column":32},"end":{"line":108,"column":1}},"30":{"start":{"line":76,"column":2},"end":{"line":107,"column":3}},"31":{"start":{"line":77,"column":19},"end":{"line":77,"column":30}},"32":{"start":{"line":78,"column":20},"end":{"line":78,"column":38}},"33":{"start":{"line":80,"column":18},"end":{"line":80,"column":68}},"34":{"start":{"line":82,"column":4},"end":{"line":84,"column":5}},"35":{"start":{"line":83,"column":6},"end":{"line":83,"column":81}},"36":{"start":{"line":86,"column":4},"end":{"line":88,"column":5}},"37":{"start":{"line":87,"column":6},"end":{"line":87,"column":69}},"38":{"start":{"line":90,"column":25},"end":{"line":93,"column":5}},"39":{"start":{"line":95,"column":4},"end":{"line":104,"column":7}},"40":{"start":{"line":106,"column":4},"end":{"line":106,"column":16}},"41":{"start":{"line":128,"column":31},"end":{"line":157,"column":1}},"42":{"start":{"line":129,"column":2},"end":{"line":156,"column":3}},"43":{"start":{"line":130,"column":19},"end":{"line":130,"column":30}},"44":{"start":{"line":131,"column":20},"end":{"line":131,"column":38}},"45":{"start":{"line":134,"column":18},"end":{"line":136,"column":6}},"46":{"start":{"line":138,"column":4},"end":{"line":140,"column":5}},"47":{"start":{"line":139,"column":6},"end":{"line":139,"column":54}},"48":{"start":{"line":142,"column":4},"end":{"line":144,"column":5}},"49":{"start":{"line":143,"column":6},"end":{"line":143,"column":74}},"50":{"start":{"line":147,"column":27},"end":{"line":147,"column":78}},"51":{"start":{"line":149,"column":4},"end":{"line":153,"column":7}},"52":{"start":{"line":155,"column":4},"end":{"line":155,"column":16}},"53":{"start":{"line":161,"column":2},"end":{"line":181,"column":4}},"54":{"start":{"line":172,"column":39},"end":{"line":177,"column":5}}},"fnMap":{"0":{"name":"(anonymous_0)","decl":{"start":{"line":7,"column":29},"end":{"line":7,"column":30}},"loc":{"start":{"line":7,"column":55},"end":{"line":22,"column":1}},"line":7},"1":{"name":"(anonymous_1)","decl":{"start":{"line":24,"column":31},"end":{"line":24,"column":32}},"loc":{"start":{"line":24,"column":57},"end":{"line":42,"column":1}},"line":24},"2":{"name":"(anonymous_2)","decl":{"start":{"line":44,"column":32},"end":{"line":44,"column":33}},"loc":{"start":{"line":44,"column":58},"end":{"line":58,"column":1}},"line":44},"3":{"name":"(anonymous_3)","decl":{"start":{"line":60,"column":32},"end":{"line":60,"column":33}},"loc":{"start":{"line":60,"column":58},"end":{"line":73,"column":1}},"line":60},"4":{"name":"(anonymous_4)","decl":{"start":{"line":75,"column":32},"end":{"line":75,"column":33}},"loc":{"start":{"line":75,"column":58},"end":{"line":108,"column":1}},"line":75},"5":{"name":"(anonymous_5)","decl":{"start":{"line":128,"column":31},"end":{"line":128,"column":32}},"loc":{"start":{"line":128,"column":57},"end":{"line":157,"column":1}},"line":128},"6":{"name":"formatOrderResponse","decl":{"start":{"line":160,"column":9},"end":{"line":160,"column":28}},"loc":{"start":{"line":160,"column":36},"end":{"line":182,"column":1}},"line":160},"7":{"name":"(anonymous_7)","decl":{"start":{"line":172,"column":30},"end":{"line":172,"column":31}},"loc":{"start":{"line":172,"column":39},"end":{"line":177,"column":5}},"line":172}},"branchMap":{"0":{"loc":{"start":{"line":29,"column":4},"end":{"line":31,"column":5}},"type":"if","locations":[{"start":{"line":29,"column":4},"end":{"line":31,"column":5}},{"start":{},"end":{}}],"line":29},"1":{"loc":{"start":{"line":82,"column":4},"end":{"line":84,"column":5}},"type":"if","locations":[{"start":{"line":82,"column":4},"end":{"line":84,"column":5}},{"start":{},"end":{}}],"line":82},"2":{"loc":{"start":{"line":86,"column":4},"end":{"line":88,"column":5}},"type":"if","locations":[{"start":{"line":86,"column":4},"end":{"line":88,"column":5}},{"start":{},"end":{}}],"line":86},"3":{"loc":{"start":{"line":86,"column":8},"end":{"line":86,"column":66}},"type":"binary-expr","locations":[{"start":{"line":86,"column":8},"end":{"line":86,"column":34}},{"start":{"line":86,"column":38},"end":{"line":86,"column":66}}],"line":86},"4":{"loc":{"start":{"line":138,"column":4},"end":{"line":140,"column":5}},"type":"if","locations":[{"start":{"line":138,"column":4},"end":{"line":140,"column":5}},{"start":{},"end":{}}],"line":138},"5":{"loc":{"start":{"line":142,"column":4},"end":{"line":144,"column":5}},"type":"if","locations":[{"start":{"line":142,"column":4},"end":{"line":144,"column":5}},{"start":{},"end":{}}],"line":142},"6":{"loc":{"start":{"line":179,"column":8},"end":{"line":179,"column":66}},"type":"binary-expr","locations":[{"start":{"line":179,"column":8},"end":{"line":179,"column":26}},{"start":{"line":179,"column":30},"end":{"line":179,"column":66}}],"line":179},"7":{"loc":{"start":{"line":180,"column":8},"end":{"line":180,"column":69}},"type":"binary-expr","locations":[{"start":{"line":180,"column":8},"end":{"line":180,"column":27}},{"start":{"line":180,"column":31},"end":{"line":180,"column":69}}],"line":180}},"s":{"0":1,"1":0,"2":0,"3":0,"4":0,"5":0,"6":0,"7":1,"8":0,"9":0,"10":0,"11":0,"12":0,"13":0,"14":0,"15":0,"16":1,"17":0,"18":0,"19":0,"20":0,"21":0,"22":0,"23":1,"24":0,"25":0,"26":0,"27":0,"28":0,"29":1,"30":0,"31":0,"32":0,"33":0,"34":0,"35":0,"36":0,"37":0,"38":0,"39":0,"40":0,"41":1,"42":0,"43":0,"44":0,"45":0,"46":0,"47":0,"48":0,"49":0,"50":0,"51":0,"52":0,"53":0,"54":0},"f":{"0":0,"1":0,"2":0,"3":0,"4":0,"5":0,"6":0,"7":0},"b":{"0":[0,0],"1":[0,0],"2":[0,0],"3":[0,0],"4":[0,0],"5":[0,0],"6":[0,0],"7":[0,0]},"_coverageSchema":"1a1c01bbd47fc00a2c39e90264f33305004495a9","hash":"e358cd2a340ac36d6bf45e48c2870b7ff37f3d97"}
,"/Users/squidwardsus/Developer/Code/sawangan_api/src/controller/product-controller.js": {"path":"/Users/squidwardsus/Developer/Code/sawangan_api/src/controller/product-controller.js","statementMap":{"0":{"start":{"line":9,"column":26},"end":{"line":62,"column":1}},"1":{"start":{"line":12,"column":4},"end":{"line":60,"column":5}},"2":{"start":{"line":13,"column":6},"end":{"line":15,"column":7}},"3":{"start":{"line":14,"column":8},"end":{"line":14,"column":53}},"4":{"start":{"line":17,"column":6},"end":{"line":17,"column":74}},"5":{"start":{"line":18,"column":6},"end":{"line":18,"column":83}},"6":{"start":{"line":21,"column":28},"end":{"line":21,"column":55}},"7":{"start":{"line":22,"column":6},"end":{"line":24,"column":7}},"8":{"start":{"line":23,"column":8},"end":{"line":23,"column":57}},"9":{"start":{"line":27,"column":24},"end":{"line":32,"column":7}},"10":{"start":{"line":35,"column":7},"end":{"line":37,"column":7}},"11":{"start":{"line":36,"column":8},"end":{"line":36,"column":36}},"12":{"start":{"line":39,"column":6},"end":{"line":39,"column":48}},"13":{"start":{"line":41,"column":21},"end":{"line":45,"column":7}},"14":{"start":{"line":47,"column":6},"end":{"line":54,"column":9}},"15":{"start":{"line":56,"column":6},"end":{"line":58,"column":7}},"16":{"start":{"line":57,"column":8},"end":{"line":57,"column":61}},"17":{"start":{"line":59,"column":6},"end":{"line":59,"column":18}},"18":{"start":{"line":66,"column":30},"end":{"line":76,"column":1}},"19":{"start":{"line":67,"column":2},"end":{"line":75,"column":3}},"20":{"start":{"line":68,"column":21},"end":{"line":68,"column":66}},"21":{"start":{"line":69,"column":4},"end":{"line":72,"column":7}},"22":{"start":{"line":74,"column":4},"end":{"line":74,"column":16}},"23":{"start":{"line":79,"column":30},"end":{"line":92,"column":1}},"24":{"start":{"line":80,"column":2},"end":{"line":91,"column":3}},"25":{"start":{"line":81,"column":20},"end":{"line":81,"column":70}},"26":{"start":{"line":82,"column":4},"end":{"line":84,"column":5}},"27":{"start":{"line":83,"column":6},"end":{"line":83,"column":56}},"28":{"start":{"line":85,"column":4},"end":{"line":88,"column":7}},"29":{"start":{"line":90,"column":4},"end":{"line":90,"column":16}},"30":{"start":{"line":123,"column":29},"end":{"line":151,"column":1}},"31":{"start":{"line":124,"column":2},"end":{"line":150,"column":3}},"32":{"start":{"line":126,"column":22},"end":{"line":126,"column":35}},"33":{"start":{"line":127,"column":20},"end":{"line":127,"column":28}},"34":{"start":{"line":130,"column":4},"end":{"line":130,"column":42}},"35":{"start":{"line":131,"column":4},"end":{"line":131,"column":42}},"36":{"start":{"line":132,"column":4},"end":{"line":132,"column":44}},"37":{"start":{"line":134,"column":19},"end":{"line":138,"column":5}},"38":{"start":{"line":140,"column":4},"end":{"line":143,"column":7}},"39":{"start":{"line":146,"column":4},"end":{"line":148,"column":5}},"40":{"start":{"line":147,"column":6},"end":{"line":147,"column":59}},"41":{"start":{"line":149,"column":4},"end":{"line":149,"column":16}},"42":{"start":{"line":156,"column":29},"end":{"line":168,"column":1}},"43":{"start":{"line":157,"column":2},"end":{"line":167,"column":3}},"44":{"start":{"line":158,"column":22},"end":{"line":158,"column":66}},"45":{"start":{"line":159,"column":19},"end":{"line":159,"column":64}},"46":{"start":{"line":161,"column":4},"end":{"line":164,"column":7}},"47":{"start":{"line":166,"column":4},"end":{"line":166,"column":16}}},"fnMap":{"0":{"name":"(anonymous_0)","decl":{"start":{"line":11,"column":2},"end":{"line":11,"column":3}},"loc":{"start":{"line":11,"column":28},"end":{"line":61,"column":3}},"line":11},"1":{"name":"(anonymous_1)","decl":{"start":{"line":66,"column":30},"end":{"line":66,"column":31}},"loc":{"start":{"line":66,"column":56},"end":{"line":76,"column":1}},"line":66},"2":{"name":"(anonymous_2)","decl":{"start":{"line":79,"column":30},"end":{"line":79,"column":31}},"loc":{"start":{"line":79,"column":56},"end":{"line":92,"column":1}},"line":79},"3":{"name":"(anonymous_3)","decl":{"start":{"line":123,"column":29},"end":{"line":123,"column":30}},"loc":{"start":{"line":123,"column":55},"end":{"line":151,"column":1}},"line":123},"4":{"name":"(anonymous_4)","decl":{"start":{"line":156,"column":29},"end":{"line":156,"column":30}},"loc":{"start":{"line":156,"column":55},"end":{"line":168,"column":1}},"line":156}},"branchMap":{"0":{"loc":{"start":{"line":13,"column":6},"end":{"line":15,"column":7}},"type":"if","locations":[{"start":{"line":13,"column":6},"end":{"line":15,"column":7}},{"start":{},"end":{}}],"line":13},"1":{"loc":{"start":{"line":22,"column":6},"end":{"line":24,"column":7}},"type":"if","locations":[{"start":{"line":22,"column":6},"end":{"line":24,"column":7}},{"start":{},"end":{}}],"line":22},"2":{"loc":{"start":{"line":35,"column":7},"end":{"line":37,"column":7}},"type":"if","locations":[{"start":{"line":35,"column":7},"end":{"line":37,"column":7}},{"start":{},"end":{}}],"line":35},"3":{"loc":{"start":{"line":56,"column":6},"end":{"line":58,"column":7}},"type":"if","locations":[{"start":{"line":56,"column":6},"end":{"line":58,"column":7}},{"start":{},"end":{}}],"line":56},"4":{"loc":{"start":{"line":82,"column":4},"end":{"line":84,"column":5}},"type":"if","locations":[{"start":{"line":82,"column":4},"end":{"line":84,"column":5}},{"start":{},"end":{}}],"line":82},"5":{"loc":{"start":{"line":146,"column":4},"end":{"line":148,"column":5}},"type":"if","locations":[{"start":{"line":146,"column":4},"end":{"line":148,"column":5}},{"start":{},"end":{}}],"line":146}},"s":{"0":1,"1":0,"2":0,"3":0,"4":0,"5":0,"6":0,"7":0,"8":0,"9":0,"10":0,"11":0,"12":0,"13":0,"14":0,"15":0,"16":0,"17":0,"18":1,"19":0,"20":0,"21":0,"22":0,"23":1,"24":0,"25":0,"26":0,"27":0,"28":0,"29":0,"30":1,"31":0,"32":0,"33":0,"34":0,"35":0,"36":0,"37":0,"38":0,"39":0,"40":0,"41":0,"42":1,"43":0,"44":0,"45":0,"46":0,"47":0},"f":{"0":0,"1":0,"2":0,"3":0,"4":0},"b":{"0":[0,0],"1":[0,0],"2":[0,0],"3":[0,0],"4":[0,0],"5":[0,0]},"_coverageSchema":"1a1c01bbd47fc00a2c39e90264f33305004495a9","hash":"252a33b14b81d9c705b1daef7cf1b7840ef3ed01"}
,"/Users/squidwardsus/Developer/Code/sawangan_api/src/controller/profile-controller.js": {"path":"/Users/squidwardsus/Developer/Code/sawangan_api/src/controller/profile-controller.js","statementMap":{"0":{"start":{"line":4,"column":26},"end":{"line":14,"column":1}},"1":{"start":{"line":5,"column":2},"end":{"line":13,"column":3}},"2":{"start":{"line":6,"column":17},"end":{"line":6,"column":65}},"3":{"start":{"line":7,"column":4},"end":{"line":10,"column":7}},"4":{"start":{"line":12,"column":4},"end":{"line":12,"column":16}},"5":{"start":{"line":17,"column":29},"end":{"line":24,"column":1}},"6":{"start":{"line":18,"column":2},"end":{"line":23,"column":3}},"7":{"start":{"line":19,"column":17},"end":{"line":19,"column":74}},"8":{"start":{"line":20,"column":4},"end":{"line":20,"column":38}},"9":{"start":{"line":22,"column":4},"end":{"line":22,"column":16}},"10":{"start":{"line":28,"column":28},"end":{"line":45,"column":1}},"11":{"start":{"line":29,"column":2},"end":{"line":44,"column":3}},"12":{"start":{"line":30,"column":4},"end":{"line":32,"column":5}},"13":{"start":{"line":31,"column":6},"end":{"line":31,"column":62}},"14":{"start":{"line":34,"column":19},"end":{"line":34,"column":75}},"15":{"start":{"line":36,"column":4},"end":{"line":41,"column":7}},"16":{"start":{"line":43,"column":4},"end":{"line":43,"column":16}},"17":{"start":{"line":50,"column":30},"end":{"line":62,"column":1}},"18":{"start":{"line":51,"column":2},"end":{"line":61,"column":3}},"19":{"start":{"line":52,"column":4},"end":{"line":57,"column":6}},"20":{"start":{"line":58,"column":4},"end":{"line":58,"column":61}},"21":{"start":{"line":60,"column":4},"end":{"line":60,"column":16}}},"fnMap":{"0":{"name":"(anonymous_0)","decl":{"start":{"line":4,"column":26},"end":{"line":4,"column":27}},"loc":{"start":{"line":4,"column":52},"end":{"line":14,"column":1}},"line":4},"1":{"name":"(anonymous_1)","decl":{"start":{"line":17,"column":29},"end":{"line":17,"column":30}},"loc":{"start":{"line":17,"column":55},"end":{"line":24,"column":1}},"line":17},"2":{"name":"(anonymous_2)","decl":{"start":{"line":28,"column":28},"end":{"line":28,"column":29}},"loc":{"start":{"line":28,"column":54},"end":{"line":45,"column":1}},"line":28},"3":{"name":"(anonymous_3)","decl":{"start":{"line":50,"column":30},"end":{"line":50,"column":31}},"loc":{"start":{"line":50,"column":56},"end":{"line":62,"column":1}},"line":50}},"branchMap":{"0":{"loc":{"start":{"line":30,"column":4},"end":{"line":32,"column":5}},"type":"if","locations":[{"start":{"line":30,"column":4},"end":{"line":32,"column":5}},{"start":{},"end":{}}],"line":30}},"s":{"0":1,"1":0,"2":0,"3":0,"4":0,"5":1,"6":0,"7":0,"8":0,"9":0,"10":1,"11":0,"12":0,"13":0,"14":0,"15":0,"16":0,"17":1,"18":0,"19":0,"20":0,"21":0},"f":{"0":0,"1":0,"2":0,"3":0},"b":{"0":[0,0]},"_coverageSchema":"1a1c01bbd47fc00a2c39e90264f33305004495a9","hash":"d5eb4051ad91649b8c2fce5981acb19c57da6dd0"}
,"/Users/squidwardsus/Developer/Code/sawangan_api/src/controller/review-controller.js": {"path":"/Users/squidwardsus/Developer/Code/sawangan_api/src/controller/review-controller.js","statementMap":{"0":{"start":{"line":10,"column":28},"end":{"line":30,"column":1}},"1":{"start":{"line":11,"column":2},"end":{"line":29,"column":3}},"2":{"start":{"line":12,"column":4},"end":{"line":14,"column":5}},"3":{"start":{"line":13,"column":6},"end":{"line":13,"column":63}},"4":{"start":{"line":16,"column":19},"end":{"line":16,"column":30}},"5":{"start":{"line":17,"column":20},"end":{"line":17,"column":38}},"6":{"start":{"line":18,"column":20},"end":{"line":18,"column":62}},"7":{"start":{"line":20,"column":19},"end":{"line":20,"column":77}},"8":{"start":{"line":22,"column":4},"end":{"line":25,"column":7}},"9":{"start":{"line":27,"column":4},"end":{"line":27,"column":46}},"10":{"start":{"line":28,"column":4},"end":{"line":28,"column":16}},"11":{"start":{"line":32,"column":29},"end":{"line":46,"column":1}},"12":{"start":{"line":33,"column":2},"end":{"line":45,"column":3}},"13":{"start":{"line":34,"column":19},"end":{"line":34,"column":30}},"14":{"start":{"line":35,"column":20},"end":{"line":35,"column":38}},"15":{"start":{"line":37,"column":19},"end":{"line":37,"column":69}},"16":{"start":{"line":39,"column":4},"end":{"line":42,"column":7}},"17":{"start":{"line":44,"column":4},"end":{"line":44,"column":16}},"18":{"start":{"line":48,"column":33},"end":{"line":63,"column":1}},"19":{"start":{"line":49,"column":2},"end":{"line":62,"column":3}},"20":{"start":{"line":50,"column":22},"end":{"line":50,"column":42}},"21":{"start":{"line":51,"column":18},"end":{"line":51,"column":59}},"22":{"start":{"line":53,"column":19},"end":{"line":53,"column":74}},"23":{"start":{"line":55,"column":4},"end":{"line":59,"column":7}},"24":{"start":{"line":61,"column":4},"end":{"line":61,"column":16}}},"fnMap":{"0":{"name":"(anonymous_0)","decl":{"start":{"line":10,"column":28},"end":{"line":10,"column":29}},"loc":{"start":{"line":10,"column":54},"end":{"line":30,"column":1}},"line":10},"1":{"name":"(anonymous_1)","decl":{"start":{"line":32,"column":29},"end":{"line":32,"column":30}},"loc":{"start":{"line":32,"column":55},"end":{"line":46,"column":1}},"line":32},"2":{"name":"(anonymous_2)","decl":{"start":{"line":48,"column":33},"end":{"line":48,"column":34}},"loc":{"start":{"line":48,"column":59},"end":{"line":63,"column":1}},"line":48}},"branchMap":{"0":{"loc":{"start":{"line":12,"column":4},"end":{"line":14,"column":5}},"type":"if","locations":[{"start":{"line":12,"column":4},"end":{"line":14,"column":5}},{"start":{},"end":{}}],"line":12}},"s":{"0":1,"1":0,"2":0,"3":0,"4":0,"5":0,"6":0,"7":0,"8":0,"9":0,"10":0,"11":1,"12":0,"13":0,"14":0,"15":0,"16":0,"17":0,"18":1,"19":0,"20":0,"21":0,"22":0,"23":0,"24":0},"f":{"0":0,"1":0,"2":0},"b":{"0":[0,0]},"_coverageSchema":"1a1c01bbd47fc00a2c39e90264f33305004495a9","hash":"3aa56f34d328096e1098b77ac1993cb5e8ecbfad"}
,"/Users/squidwardsus/Developer/Code/sawangan_api/src/controller/user-controller.js": {"path":"/Users/squidwardsus/Developer/Code/sawangan_api/src/controller/user-controller.js","statementMap":{"0":{"start":{"line":5,"column":24},"end":{"line":16,"column":1}},"1":{"start":{"line":6,"column":2},"end":{"line":15,"column":3}},"2":{"start":{"line":8,"column":17},"end":{"line":8,"column":53}},"3":{"start":{"line":10,"column":4},"end":{"line":12,"column":7}},"4":{"start":{"line":14,"column":4},"end":{"line":14,"column":16}},"5":{"start":{"line":19,"column":21},"end":{"line":31,"column":1}},"6":{"start":{"line":20,"column":2},"end":{"line":30,"column":3}},"7":{"start":{"line":23,"column":22},"end":{"line":23,"column":55}},"8":{"start":{"line":25,"column":4},"end":{"line":27,"column":7}},"9":{"start":{"line":29,"column":4},"end":{"line":29,"column":16}},"10":{"start":{"line":33,"column":26},"end":{"line":43,"column":1}},"11":{"start":{"line":34,"column":2},"end":{"line":42,"column":3}},"12":{"start":{"line":36,"column":22},"end":{"line":36,"column":60}},"13":{"start":{"line":37,"column":4},"end":{"line":39,"column":7}},"14":{"start":{"line":41,"column":4},"end":{"line":41,"column":16}},"15":{"start":{"line":46,"column":22},"end":{"line":60,"column":1}},"16":{"start":{"line":47,"column":2},"end":{"line":59,"column":3}},"17":{"start":{"line":48,"column":19},"end":{"line":48,"column":56}},"18":{"start":{"line":51,"column":4},"end":{"line":56,"column":7}},"19":{"start":{"line":58,"column":4},"end":{"line":58,"column":16}},"20":{"start":{"line":64,"column":30},"end":{"line":74,"column":1}},"21":{"start":{"line":65,"column":2},"end":{"line":73,"column":3}},"22":{"start":{"line":66,"column":22},"end":{"line":66,"column":30}},"23":{"start":{"line":67,"column":4},"end":{"line":67,"column":44}},"24":{"start":{"line":68,"column":4},"end":{"line":70,"column":7}},"25":{"start":{"line":72,"column":4},"end":{"line":72,"column":16}},"26":{"start":{"line":77,"column":29},"end":{"line":87,"column":1}},"27":{"start":{"line":78,"column":2},"end":{"line":86,"column":3}},"28":{"start":{"line":79,"column":49},"end":{"line":79,"column":57}},"29":{"start":{"line":80,"column":4},"end":{"line":80,"column":70}},"30":{"start":{"line":81,"column":4},"end":{"line":83,"column":7}},"31":{"start":{"line":85,"column":4},"end":{"line":85,"column":16}},"32":{"start":{"line":104,"column":26},"end":{"line":119,"column":1}},"33":{"start":{"line":105,"column":2},"end":{"line":118,"column":3}},"34":{"start":{"line":107,"column":38},"end":{"line":107,"column":88}},"35":{"start":{"line":109,"column":4},"end":{"line":109,"column":83}},"36":{"start":{"line":110,"column":17},"end":{"line":110,"column":54}},"37":{"start":{"line":112,"column":4},"end":{"line":114,"column":7}},"38":{"start":{"line":116,"column":4},"end":{"line":116,"column":46}},"39":{"start":{"line":117,"column":4},"end":{"line":117,"column":16}},"40":{"start":{"line":123,"column":35},"end":{"line":133,"column":1}},"41":{"start":{"line":124,"column":2},"end":{"line":132,"column":3}},"42":{"start":{"line":125,"column":18},"end":{"line":125,"column":57}},"43":{"start":{"line":126,"column":4},"end":{"line":129,"column":7}},"44":{"start":{"line":131,"column":4},"end":{"line":131,"column":16}},"45":{"start":{"line":137,"column":26},"end":{"line":149,"column":1}},"46":{"start":{"line":138,"column":2},"end":{"line":148,"column":3}},"47":{"start":{"line":139,"column":19},"end":{"line":139,"column":62}},"48":{"start":{"line":140,"column":4},"end":{"line":140,"column":41}},"49":{"start":{"line":142,"column":4},"end":{"line":145,"column":7}},"50":{"start":{"line":147,"column":4},"end":{"line":147,"column":16}}},"fnMap":{"0":{"name":"(anonymous_0)","decl":{"start":{"line":5,"column":24},"end":{"line":5,"column":25}},"loc":{"start":{"line":5,"column":50},"end":{"line":16,"column":1}},"line":5},"1":{"name":"(anonymous_1)","decl":{"start":{"line":19,"column":21},"end":{"line":19,"column":22}},"loc":{"start":{"line":19,"column":47},"end":{"line":31,"column":1}},"line":19},"2":{"name":"(anonymous_2)","decl":{"start":{"line":33,"column":26},"end":{"line":33,"column":27}},"loc":{"start":{"line":33,"column":52},"end":{"line":43,"column":1}},"line":33},"3":{"name":"(anonymous_3)","decl":{"start":{"line":46,"column":22},"end":{"line":46,"column":23}},"loc":{"start":{"line":46,"column":48},"end":{"line":60,"column":1}},"line":46},"4":{"name":"(anonymous_4)","decl":{"start":{"line":64,"column":30},"end":{"line":64,"column":31}},"loc":{"start":{"line":64,"column":56},"end":{"line":74,"column":1}},"line":64},"5":{"name":"(anonymous_5)","decl":{"start":{"line":77,"column":29},"end":{"line":77,"column":30}},"loc":{"start":{"line":77,"column":55},"end":{"line":87,"column":1}},"line":77},"6":{"name":"(anonymous_6)","decl":{"start":{"line":104,"column":26},"end":{"line":104,"column":27}},"loc":{"start":{"line":104,"column":52},"end":{"line":119,"column":1}},"line":104},"7":{"name":"(anonymous_7)","decl":{"start":{"line":123,"column":35},"end":{"line":123,"column":36}},"loc":{"start":{"line":123,"column":61},"end":{"line":133,"column":1}},"line":123},"8":{"name":"(anonymous_8)","decl":{"start":{"line":137,"column":26},"end":{"line":137,"column":27}},"loc":{"start":{"line":137,"column":52},"end":{"line":149,"column":1}},"line":137}},"branchMap":{},"s":{"0":1,"1":3,"2":3,"3":0,"4":3,"5":1,"6":5,"7":5,"8":2,"9":3,"10":1,"11":0,"12":0,"13":0,"14":0,"15":1,"16":0,"17":0,"18":0,"19":0,"20":1,"21":2,"22":2,"23":2,"24":0,"25":2,"26":1,"27":3,"28":3,"29":3,"30":0,"31":3,"32":1,"33":0,"34":0,"35":0,"36":0,"37":0,"38":0,"39":0,"40":1,"41":0,"42":0,"43":0,"44":0,"45":1,"46":0,"47":0,"48":0,"49":0,"50":0},"f":{"0":3,"1":5,"2":0,"3":0,"4":2,"5":3,"6":0,"7":0,"8":0},"b":{},"_coverageSchema":"1a1c01bbd47fc00a2c39e90264f33305004495a9","hash":"655f709d0130c532e1cc4b07734417769c1f86b9"}
,"/Users/squidwardsus/Developer/Code/sawangan_api/src/controller/wishlist-controller.js": {"path":"/Users/squidwardsus/Developer/Code/sawangan_api/src/controller/wishlist-controller.js","statementMap":{"0":{"start":{"line":3,"column":29},"end":{"line":17,"column":1}},"1":{"start":{"line":4,"column":2},"end":{"line":16,"column":3}},"2":{"start":{"line":5,"column":19},"end":{"line":8,"column":5}},"3":{"start":{"line":10,"column":4},"end":{"line":13,"column":7}},"4":{"start":{"line":15,"column":4},"end":{"line":15,"column":16}},"5":{"start":{"line":19,"column":34},"end":{"line":33,"column":1}},"6":{"start":{"line":20,"column":2},"end":{"line":32,"column":3}},"7":{"start":{"line":21,"column":4},"end":{"line":24,"column":6}},"8":{"start":{"line":26,"column":4},"end":{"line":29,"column":7}},"9":{"start":{"line":31,"column":4},"end":{"line":31,"column":16}},"10":{"start":{"line":35,"column":27},"end":{"line":50,"column":1}},"11":{"start":{"line":36,"column":2},"end":{"line":49,"column":3}},"12":{"start":{"line":37,"column":19},"end":{"line":40,"column":5}},"13":{"start":{"line":42,"column":4},"end":{"line":46,"column":7}},"14":{"start":{"line":48,"column":4},"end":{"line":48,"column":16}},"15":{"start":{"line":52,"column":38},"end":{"line":66,"column":1}},"16":{"start":{"line":53,"column":2},"end":{"line":65,"column":3}},"17":{"start":{"line":54,"column":19},"end":{"line":57,"column":5}},"18":{"start":{"line":59,"column":4},"end":{"line":62,"column":7}},"19":{"start":{"line":64,"column":4},"end":{"line":64,"column":16}}},"fnMap":{"0":{"name":"(anonymous_0)","decl":{"start":{"line":3,"column":29},"end":{"line":3,"column":30}},"loc":{"start":{"line":3,"column":55},"end":{"line":17,"column":1}},"line":3},"1":{"name":"(anonymous_1)","decl":{"start":{"line":19,"column":34},"end":{"line":19,"column":35}},"loc":{"start":{"line":19,"column":60},"end":{"line":33,"column":1}},"line":19},"2":{"name":"(anonymous_2)","decl":{"start":{"line":35,"column":27},"end":{"line":35,"column":28}},"loc":{"start":{"line":35,"column":53},"end":{"line":50,"column":1}},"line":35},"3":{"name":"(anonymous_3)","decl":{"start":{"line":52,"column":38},"end":{"line":52,"column":39}},"loc":{"start":{"line":52,"column":64},"end":{"line":66,"column":1}},"line":52}},"branchMap":{},"s":{"0":1,"1":0,"2":0,"3":0,"4":0,"5":1,"6":0,"7":0,"8":0,"9":0,"10":1,"11":0,"12":0,"13":0,"14":0,"15":1,"16":0,"17":0,"18":0,"19":0},"f":{"0":0,"1":0,"2":0,"3":0},"b":{},"_coverageSchema":"1a1c01bbd47fc00a2c39e90264f33305004495a9","hash":"9903ce6d960141fdfd64f81a9f525d3ac105a856"}
,"/Users/squidwardsus/Developer/Code/sawangan_api/src/error/response-error.js": {"path":"/Users/squidwardsus/Developer/Code/sawangan_api/src/error/response-error.js","statementMap":{"0":{"start":{"line":4,"column":8},"end":{"line":4,"column":23}},"1":{"start":{"line":5,"column":8},"end":{"line":5,"column":29}}},"fnMap":{"0":{"name":"(anonymous_0)","decl":{"start":{"line":3,"column":4},"end":{"line":3,"column":5}},"loc":{"start":{"line":3,"column":33},"end":{"line":6,"column":5}},"line":3}},"branchMap":{},"s":{"0":10,"1":10},"f":{"0":10},"b":{},"_coverageSchema":"1a1c01bbd47fc00a2c39e90264f33305004495a9","hash":"8b13f7de223b47efbfaa9733de081bf8fdc8d119"}
,"/Users/squidwardsus/Developer/Code/sawangan_api/src/middleware/auth-middleware.js": {"path":"/Users/squidwardsus/Developer/Code/sawangan_api/src/middleware/auth-middleware.js","statementMap":{"0":{"start":{"line":5,"column":30},"end":{"line":51,"column":1}},"1":{"start":{"line":6,"column":18},"end":{"line":6,"column":73}},"2":{"start":{"line":9,"column":4},"end":{"line":11,"column":5}},"3":{"start":{"line":10,"column":8},"end":{"line":10,"column":66}},"4":{"start":{"line":13,"column":4},"end":{"line":50,"column":5}},"5":{"start":{"line":15,"column":24},"end":{"line":15,"column":65}},"6":{"start":{"line":18,"column":21},"end":{"line":29,"column":10}},"7":{"start":{"line":31,"column":8},"end":{"line":33,"column":9}},"8":{"start":{"line":32,"column":12},"end":{"line":32,"column":80}},"9":{"start":{"line":36,"column":8},"end":{"line":36,"column":24}},"10":{"start":{"line":37,"column":8},"end":{"line":37,"column":15}},"11":{"start":{"line":41,"column":8},"end":{"line":43,"column":9}},"12":{"start":{"line":42,"column":12},"end":{"line":42,"column":76}},"13":{"start":{"line":44,"column":8},"end":{"line":46,"column":9}},"14":{"start":{"line":45,"column":12},"end":{"line":45,"column":69}},"15":{"start":{"line":48,"column":8},"end":{"line":48,"column":44}},"16":{"start":{"line":49,"column":8},"end":{"line":49,"column":73}},"17":{"start":{"line":54,"column":31},"end":{"line":61,"column":1}},"18":{"start":{"line":55,"column":4},"end":{"line":59,"column":5}},"19":{"start":{"line":56,"column":8},"end":{"line":58,"column":11}},"20":{"start":{"line":60,"column":4},"end":{"line":60,"column":11}}},"fnMap":{"0":{"name":"(anonymous_0)","decl":{"start":{"line":5,"column":30},"end":{"line":5,"column":31}},"loc":{"start":{"line":5,"column":56},"end":{"line":51,"column":1}},"line":5},"1":{"name":"(anonymous_1)","decl":{"start":{"line":54,"column":31},"end":{"line":54,"column":32}},"loc":{"start":{"line":54,"column":57},"end":{"line":61,"column":1}},"line":54}},"branchMap":{"0":{"loc":{"start":{"line":9,"column":4},"end":{"line":11,"column":5}},"type":"if","locations":[{"start":{"line":9,"column":4},"end":{"line":11,"column":5}},{"start":{},"end":{}}],"line":9},"1":{"loc":{"start":{"line":31,"column":8},"end":{"line":33,"column":9}},"type":"if","locations":[{"start":{"line":31,"column":8},"end":{"line":33,"column":9}},{"start":{},"end":{}}],"line":31},"2":{"loc":{"start":{"line":41,"column":8},"end":{"line":43,"column":9}},"type":"if","locations":[{"start":{"line":41,"column":8},"end":{"line":43,"column":9}},{"start":{},"end":{}}],"line":41},"3":{"loc":{"start":{"line":44,"column":8},"end":{"line":46,"column":9}},"type":"if","locations":[{"start":{"line":44,"column":8},"end":{"line":46,"column":9}},{"start":{},"end":{}}],"line":44},"4":{"loc":{"start":{"line":55,"column":4},"end":{"line":59,"column":5}},"type":"if","locations":[{"start":{"line":55,"column":4},"end":{"line":59,"column":5}},{"start":{},"end":{}}],"line":55}},"s":{"0":1,"1":7,"2":7,"3":4,"4":3,"5":3,"6":2,"7":2,"8":0,"9":2,"10":2,"11":1,"12":1,"13":0,"14":0,"15":0,"16":0,"17":1,"18":1,"19":1,"20":0},"f":{"0":7,"1":1},"b":{"0":[4,3],"1":[0,2],"2":[1,0],"3":[0,0],"4":[1,0]},"_coverageSchema":"1a1c01bbd47fc00a2c39e90264f33305004495a9","hash":"8d40df1bcfbcf3a6651c0f1fa90ba9005f8dfd82"}
,"/Users/squidwardsus/Developer/Code/sawangan_api/src/middleware/checkout-middleware.js": {"path":"/Users/squidwardsus/Developer/Code/sawangan_api/src/middleware/checkout-middleware.js","statementMap":{},"fnMap":{},"branchMap":{},"s":{},"f":{},"b":{}}
,"/Users/squidwardsus/Developer/Code/sawangan_api/src/middleware/cloudinary-middleware.js": {"path":"/Users/squidwardsus/Developer/Code/sawangan_api/src/middleware/cloudinary-middleware.js","statementMap":{"0":{"start":{"line":4,"column":0},"end":{"line":8,"column":3}},"1":{"start":{"line":10,"column":23},"end":{"line":17,"column":2}},"2":{"start":{"line":20,"column":22},"end":{"line":27,"column":2}}},"fnMap":{},"branchMap":{},"s":{"0":1,"1":1,"2":1},"f":{},"b":{},"_coverageSchema":"1a1c01bbd47fc00a2c39e90264f33305004495a9","hash":"9104a00f8e24f85b6df1e4344c53ae204ad55330"}
,"/Users/squidwardsus/Developer/Code/sawangan_api/src/middleware/error-middleware.js": {"path":"/Users/squidwardsus/Developer/Code/sawangan_api/src/middleware/error-middleware.js","statementMap":{"0":{"start":{"line":4,"column":24},"end":{"line":19,"column":1}},"1":{"start":{"line":5,"column":4},"end":{"line":8,"column":5}},"2":{"start":{"line":6,"column":8},"end":{"line":6,"column":15}},"3":{"start":{"line":7,"column":8},"end":{"line":7,"column":15}},"4":{"start":{"line":10,"column":4},"end":{"line":18,"column":5}},"5":{"start":{"line":11,"column":8},"end":{"line":13,"column":17}},"6":{"start":{"line":15,"column":8},"end":{"line":17,"column":17}}},"fnMap":{"0":{"name":"(anonymous_0)","decl":{"start":{"line":4,"column":24},"end":{"line":4,"column":25}},"loc":{"start":{"line":4,"column":49},"end":{"line":19,"column":1}},"line":4}},"branchMap":{"0":{"loc":{"start":{"line":5,"column":4},"end":{"line":8,"column":5}},"type":"if","locations":[{"start":{"line":5,"column":4},"end":{"line":8,"column":5}},{"start":{},"end":{}}],"line":5},"1":{"loc":{"start":{"line":10,"column":4},"end":{"line":18,"column":5}},"type":"if","locations":[{"start":{"line":10,"column":4},"end":{"line":18,"column":5}},{"start":{"line":14,"column":12},"end":{"line":18,"column":5}}],"line":10}},"s":{"0":1,"1":11,"2":0,"3":0,"4":11,"5":10,"6":1},"f":{"0":11},"b":{"0":[0,11],"1":[10,1]},"_coverageSchema":"1a1c01bbd47fc00a2c39e90264f33305004495a9","hash":"89bee75a66b81e287a00ac102272aa11410d3503"}
,"/Users/squidwardsus/Developer/Code/sawangan_api/src/middleware/profile-middleware.js": {"path":"/Users/squidwardsus/Developer/Code/sawangan_api/src/middleware/profile-middleware.js","statementMap":{"0":{"start":{"line":5,"column":30},"end":{"line":51,"column":1}},"1":{"start":{"line":6,"column":18},"end":{"line":6,"column":73}},"2":{"start":{"line":9,"column":4},"end":{"line":11,"column":5}},"3":{"start":{"line":10,"column":8},"end":{"line":10,"column":66}},"4":{"start":{"line":13,"column":4},"end":{"line":50,"column":5}},"5":{"start":{"line":15,"column":24},"end":{"line":15,"column":65}},"6":{"start":{"line":18,"column":21},"end":{"line":29,"column":10}},"7":{"start":{"line":31,"column":8},"end":{"line":33,"column":9}},"8":{"start":{"line":32,"column":12},"end":{"line":32,"column":80}},"9":{"start":{"line":36,"column":8},"end":{"line":36,"column":24}},"10":{"start":{"line":37,"column":8},"end":{"line":37,"column":15}},"11":{"start":{"line":41,"column":8},"end":{"line":43,"column":9}},"12":{"start":{"line":42,"column":12},"end":{"line":42,"column":76}},"13":{"start":{"line":44,"column":8},"end":{"line":46,"column":9}},"14":{"start":{"line":45,"column":12},"end":{"line":45,"column":69}},"15":{"start":{"line":48,"column":8},"end":{"line":48,"column":44}},"16":{"start":{"line":49,"column":8},"end":{"line":49,"column":73}},"17":{"start":{"line":54,"column":31},"end":{"line":61,"column":1}},"18":{"start":{"line":55,"column":4},"end":{"line":59,"column":5}},"19":{"start":{"line":56,"column":8},"end":{"line":58,"column":11}},"20":{"start":{"line":60,"column":4},"end":{"line":60,"column":11}}},"fnMap":{"0":{"name":"(anonymous_0)","decl":{"start":{"line":5,"column":30},"end":{"line":5,"column":31}},"loc":{"start":{"line":5,"column":56},"end":{"line":51,"column":1}},"line":5},"1":{"name":"(anonymous_1)","decl":{"start":{"line":54,"column":31},"end":{"line":54,"column":32}},"loc":{"start":{"line":54,"column":57},"end":{"line":61,"column":1}},"line":54}},"branchMap":{"0":{"loc":{"start":{"line":9,"column":4},"end":{"line":11,"column":5}},"type":"if","locations":[{"start":{"line":9,"column":4},"end":{"line":11,"column":5}},{"start":{},"end":{}}],"line":9},"1":{"loc":{"start":{"line":31,"column":8},"end":{"line":33,"column":9}},"type":"if","locations":[{"start":{"line":31,"column":8},"end":{"line":33,"column":9}},{"start":{},"end":{}}],"line":31},"2":{"loc":{"start":{"line":41,"column":8},"end":{"line":43,"column":9}},"type":"if","locations":[{"start":{"line":41,"column":8},"end":{"line":43,"column":9}},{"start":{},"end":{}}],"line":41},"3":{"loc":{"start":{"line":44,"column":8},"end":{"line":46,"column":9}},"type":"if","locations":[{"start":{"line":44,"column":8},"end":{"line":46,"column":9}},{"start":{},"end":{}}],"line":44},"4":{"loc":{"start":{"line":55,"column":4},"end":{"line":59,"column":5}},"type":"if","locations":[{"start":{"line":55,"column":4},"end":{"line":59,"column":5}},{"start":{},"end":{}}],"line":55}},"s":{"0":0,"1":0,"2":0,"3":0,"4":0,"5":0,"6":0,"7":0,"8":0,"9":0,"10":0,"11":0,"12":0,"13":0,"14":0,"15":0,"16":0,"17":0,"18":0,"19":0,"20":0},"f":{"0":0,"1":0},"b":{"0":[0,0],"1":[0,0],"2":[0,0],"3":[0,0],"4":[0,0]}}
,"/Users/squidwardsus/Developer/Code/sawangan_api/src/route/admin-route.js": {"path":"/Users/squidwardsus/Developer/Code/sawangan_api/src/route/admin-route.js","statementMap":{"0":{"start":{"line":11,"column":20},"end":{"line":11,"column":28}},"1":{"start":{"line":12,"column":0},"end":{"line":12,"column":32}},"2":{"start":{"line":13,"column":0},"end":{"line":13,"column":33}},"3":{"start":{"line":15,"column":0},"end":{"line":15,"column":60}},"4":{"start":{"line":16,"column":0},"end":{"line":16,"column":58}},"5":{"start":{"line":17,"column":0},"end":{"line":17,"column":55}},"6":{"start":{"line":18,"column":0},"end":{"line":18,"column":91}},"7":{"start":{"line":19,"column":0},"end":{"line":19,"column":64}},"8":{"start":{"line":20,"column":0},"end":{"line":20,"column":69}},"9":{"start":{"line":21,"column":0},"end":{"line":21,"column":70}}},"fnMap":{},"branchMap":{},"s":{"0":1,"1":1,"2":1,"3":1,"4":1,"5":1,"6":1,"7":1,"8":1,"9":1},"f":{},"b":{},"_coverageSchema":"1a1c01bbd47fc00a2c39e90264f33305004495a9","hash":"33621261ccff0c27985b592b1a47069f2206372d"}
,"/Users/squidwardsus/Developer/Code/sawangan_api/src/route/api.js": {"path":"/Users/squidwardsus/Developer/Code/sawangan_api/src/route/api.js","statementMap":{"0":{"start":{"line":16,"column":15},"end":{"line":16,"column":23}},"1":{"start":{"line":17,"column":0},"end":{"line":17,"column":27}},"2":{"start":{"line":21,"column":0},"end":{"line":21,"column":45}},"3":{"start":{"line":24,"column":0},"end":{"line":24,"column":42}},"4":{"start":{"line":25,"column":0},"end":{"line":25,"column":47}},"5":{"start":{"line":26,"column":0},"end":{"line":26,"column":77}},"6":{"start":{"line":27,"column":0},"end":{"line":27,"column":63}},"7":{"start":{"line":31,"column":0},"end":{"line":31,"column":36}},"8":{"start":{"line":32,"column":0},"end":{"line":32,"column":49}},"9":{"start":{"line":33,"column":0},"end":{"line":33,"column":62}},"10":{"start":{"line":34,"column":0},"end":{"line":34,"column":67}},"11":{"start":{"line":35,"column":0},"end":{"line":35,"column":41}},"12":{"start":{"line":39,"column":0},"end":{"line":39,"column":42}},"13":{"start":{"line":43,"column":0},"end":{"line":43,"column":59}},"14":{"start":{"line":44,"column":0},"end":{"line":44,"column":64}},"15":{"start":{"line":47,"column":0},"end":{"line":47,"column":72}},"16":{"start":{"line":51,"column":0},"end":{"line":51,"column":44}},"17":{"start":{"line":52,"column":0},"end":{"line":52,"column":55}},"18":{"start":{"line":53,"column":0},"end":{"line":53,"column":65}},"19":{"start":{"line":58,"column":0},"end":{"line":58,"column":64}},"20":{"start":{"line":59,"column":0},"end":{"line":59,"column":63}},"21":{"start":{"line":60,"column":0},"end":{"line":60,"column":61}},"22":{"start":{"line":61,"column":0},"end":{"line":61,"column":69}},"23":{"start":{"line":66,"column":0},"end":{"line":66,"column":47}},"24":{"start":{"line":67,"column":0},"end":{"line":67,"column":65}},"25":{"start":{"line":68,"column":0},"end":{"line":68,"column":45}},"26":{"start":{"line":69,"column":0},"end":{"line":69,"column":72}}},"fnMap":{},"branchMap":{},"s":{"0":1,"1":1,"2":1,"3":1,"4":1,"5":1,"6":1,"7":1,"8":1,"9":1,"10":1,"11":1,"12":1,"13":1,"14":1,"15":1,"16":1,"17":1,"18":1,"19":1,"20":1,"21":1,"22":1,"23":1,"24":1,"25":1,"26":1},"f":{},"b":{},"_coverageSchema":"1a1c01bbd47fc00a2c39e90264f33305004495a9","hash":"cad204c81893b69d43cf8bc2f922462164b9ac51"}
,"/Users/squidwardsus/Developer/Code/sawangan_api/src/route/public-route.js": {"path":"/Users/squidwardsus/Developer/Code/sawangan_api/src/route/public-route.js","statementMap":{"0":{"start":{"line":7,"column":21},"end":{"line":7,"column":29}},"1":{"start":{"line":9,"column":0},"end":{"line":9,"column":53}},"2":{"start":{"line":10,"column":0},"end":{"line":10,"column":47}},"3":{"start":{"line":11,"column":0},"end":{"line":11,"column":66}},"4":{"start":{"line":12,"column":0},"end":{"line":12,"column":64}},"5":{"start":{"line":13,"column":0},"end":{"line":13,"column":53}},"6":{"start":{"line":17,"column":0},"end":{"line":17,"column":53}},"7":{"start":{"line":18,"column":0},"end":{"line":18,"column":57}}},"fnMap":{},"branchMap":{},"s":{"0":1,"1":1,"2":1,"3":1,"4":1,"5":1,"6":1,"7":1},"f":{},"b":{},"_coverageSchema":"1a1c01bbd47fc00a2c39e90264f33305004495a9","hash":"161726479e0e156fef9a5499911ca4cd82bd32d9"}
,"/Users/squidwardsus/Developer/Code/sawangan_api/src/service/cart-service.js": {"path":"/Users/squidwardsus/Developer/Code/sawangan_api/src/service/cart-service.js","statementMap":{"0":{"start":{"line":5,"column":16},"end":{"line":25,"column":1}},"1":{"start":{"line":6,"column":2},"end":{"line":24,"column":5}},"2":{"start":{"line":27,"column":22},"end":{"line":89,"column":1}},"3":{"start":{"line":29,"column":18},"end":{"line":32,"column":4}},"4":{"start":{"line":34,"column":2},"end":{"line":36,"column":3}},"5":{"start":{"line":35,"column":4},"end":{"line":35,"column":54}},"6":{"start":{"line":38,"column":2},"end":{"line":40,"column":3}},"7":{"start":{"line":39,"column":4},"end":{"line":39,"column":63}},"8":{"start":{"line":42,"column":2},"end":{"line":88,"column":5}},"9":{"start":{"line":91,"column":23},"end":{"line":129,"column":1}},"10":{"start":{"line":93,"column":18},"end":{"line":96,"column":4}},"11":{"start":{"line":98,"column":2},"end":{"line":100,"column":3}},"12":{"start":{"line":99,"column":4},"end":{"line":99,"column":54}},"13":{"start":{"line":102,"column":2},"end":{"line":104,"column":3}},"14":{"start":{"line":103,"column":4},"end":{"line":103,"column":63}},"15":{"start":{"line":107,"column":15},"end":{"line":109,"column":4}},"16":{"start":{"line":111,"column":2},"end":{"line":113,"column":3}},"17":{"start":{"line":112,"column":4},"end":{"line":112,"column":51}},"18":{"start":{"line":116,"column":2},"end":{"line":126,"column":5}},"19":{"start":{"line":128,"column":2},"end":{"line":128,"column":31}},"20":{"start":{"line":132,"column":27},"end":{"line":152,"column":1}},"21":{"start":{"line":134,"column":16},"end":{"line":136,"column":4}},"22":{"start":{"line":138,"column":2},"end":{"line":140,"column":3}},"23":{"start":{"line":139,"column":4},"end":{"line":139,"column":51}},"24":{"start":{"line":142,"column":2},"end":{"line":149,"column":5}},"25":{"start":{"line":151,"column":2},"end":{"line":151,"column":31}},"26":{"start":{"line":154,"column":18},"end":{"line":168,"column":5}},"27":{"start":{"line":155,"column":17},"end":{"line":157,"column":8}},"28":{"start":{"line":159,"column":6},"end":{"line":161,"column":7}},"29":{"start":{"line":160,"column":8},"end":{"line":160,"column":55}},"30":{"start":{"line":163,"column":6},"end":{"line":167,"column":9}}},"fnMap":{"0":{"name":"(anonymous_0)","decl":{"start":{"line":5,"column":16},"end":{"line":5,"column":17}},"loc":{"start":{"line":5,"column":34},"end":{"line":25,"column":1}},"line":5},"1":{"name":"(anonymous_1)","decl":{"start":{"line":27,"column":22},"end":{"line":27,"column":23}},"loc":{"start":{"line":27,"column":49},"end":{"line":89,"column":1}},"line":27},"2":{"name":"(anonymous_2)","decl":{"start":{"line":91,"column":23},"end":{"line":91,"column":24}},"loc":{"start":{"line":91,"column":61},"end":{"line":129,"column":1}},"line":91},"3":{"name":"(anonymous_3)","decl":{"start":{"line":132,"column":27},"end":{"line":132,"column":28}},"loc":{"start":{"line":132,"column":56},"end":{"line":152,"column":1}},"line":132},"4":{"name":"(anonymous_4)","decl":{"start":{"line":154,"column":18},"end":{"line":154,"column":19}},"loc":{"start":{"line":154,"column":36},"end":{"line":168,"column":5}},"line":154}},"branchMap":{"0":{"loc":{"start":{"line":34,"column":2},"end":{"line":36,"column":3}},"type":"if","locations":[{"start":{"line":34,"column":2},"end":{"line":36,"column":3}},{"start":{},"end":{}}],"line":34},"1":{"loc":{"start":{"line":38,"column":2},"end":{"line":40,"column":3}},"type":"if","locations":[{"start":{"line":38,"column":2},"end":{"line":40,"column":3}},{"start":{},"end":{}}],"line":38},"2":{"loc":{"start":{"line":98,"column":2},"end":{"line":100,"column":3}},"type":"if","locations":[{"start":{"line":98,"column":2},"end":{"line":100,"column":3}},{"start":{},"end":{}}],"line":98},"3":{"loc":{"start":{"line":102,"column":2},"end":{"line":104,"column":3}},"type":"if","locations":[{"start":{"line":102,"column":2},"end":{"line":104,"column":3}},{"start":{},"end":{}}],"line":102},"4":{"loc":{"start":{"line":111,"column":2},"end":{"line":113,"column":3}},"type":"if","locations":[{"start":{"line":111,"column":2},"end":{"line":113,"column":3}},{"start":{},"end":{}}],"line":111},"5":{"loc":{"start":{"line":138,"column":2},"end":{"line":140,"column":3}},"type":"if","locations":[{"start":{"line":138,"column":2},"end":{"line":140,"column":3}},{"start":{},"end":{}}],"line":138},"6":{"loc":{"start":{"line":159,"column":6},"end":{"line":161,"column":7}},"type":"if","locations":[{"start":{"line":159,"column":6},"end":{"line":161,"column":7}},{"start":{},"end":{}}],"line":159}},"s":{"0":1,"1":0,"2":1,"3":0,"4":0,"5":0,"6":0,"7":0,"8":0,"9":1,"10":0,"11":0,"12":0,"13":0,"14":0,"15":0,"16":0,"17":0,"18":0,"19":0,"20":1,"21":0,"22":0,"23":0,"24":0,"25":0,"26":1,"27":0,"28":0,"29":0,"30":0},"f":{"0":0,"1":0,"2":0,"3":0,"4":0},"b":{"0":[0,0],"1":[0,0],"2":[0,0],"3":[0,0],"4":[0,0],"5":[0,0],"6":[0,0]},"_coverageSchema":"1a1c01bbd47fc00a2c39e90264f33305004495a9","hash":"f600ee564e0f45d643e4d9b034a3437f07711f55"}
,"/Users/squidwardsus/Developer/Code/sawangan_api/src/service/checkout-service.js": {"path":"/Users/squidwardsus/Developer/Code/sawangan_api/src/service/checkout-service.js","statementMap":{"0":{"start":{"line":6,"column":28},"end":{"line":26,"column":1}},"1":{"start":{"line":7,"column":2},"end":{"line":25,"column":58}},"2":{"start":{"line":8,"column":22},"end":{"line":8,"column":56}},"3":{"start":{"line":9,"column":23},"end":{"line":9,"column":58}},"4":{"start":{"line":11,"column":4},"end":{"line":24,"column":6}},"5":{"start":{"line":28,"column":34},"end":{"line":41,"column":1}},"6":{"start":{"line":29,"column":26},"end":{"line":29,"column":82}},"7":{"start":{"line":29,"column":47},"end":{"line":29,"column":81}},"8":{"start":{"line":31,"column":2},"end":{"line":40,"column":3}},"9":{"start":{"line":32,"column":4},"end":{"line":39,"column":7}},"10":{"start":{"line":33,"column":52},"end":{"line":38,"column":7}},"11":{"start":{"line":43,"column":34},"end":{"line":114,"column":1}},"12":{"start":{"line":44,"column":2},"end":{"line":113,"column":3}},"13":{"start":{"line":46,"column":28},"end":{"line":46,"column":36}},"14":{"start":{"line":48,"column":24},"end":{"line":54,"column":7}},"15":{"start":{"line":48,"column":49},"end":{"line":54,"column":5}},"16":{"start":{"line":56,"column":4},"end":{"line":64,"column":5}},"17":{"start":{"line":57,"column":6},"end":{"line":63,"column":9}},"18":{"start":{"line":66,"column":22},"end":{"line":96,"column":5}},"19":{"start":{"line":98,"column":24},"end":{"line":98,"column":63}},"20":{"start":{"line":100,"column":4},"end":{"line":104,"column":6}},"21":{"start":{"line":107,"column":4},"end":{"line":111,"column":7}},"22":{"start":{"line":112,"column":4},"end":{"line":112,"column":73}},"23":{"start":{"line":116,"column":24},"end":{"line":203,"column":1}},"24":{"start":{"line":117,"column":2},"end":{"line":202,"column":5}},"25":{"start":{"line":118,"column":17},"end":{"line":121,"column":6}},"26":{"start":{"line":123,"column":4},"end":{"line":123,"column":76}},"27":{"start":{"line":123,"column":30},"end":{"line":123,"column":76}},"28":{"start":{"line":125,"column":17},"end":{"line":128,"column":6}},"29":{"start":{"line":130,"column":54},"end":{"line":130,"column":85}},"30":{"start":{"line":131,"column":4},"end":{"line":131,"column":42}},"31":{"start":{"line":133,"column":28},"end":{"line":138,"column":6}},"32":{"start":{"line":140,"column":28},"end":{"line":143,"column":5}},"33":{"start":{"line":141,"column":6},"end":{"line":142,"column":87}},"34":{"start":{"line":145,"column":4},"end":{"line":147,"column":5}},"35":{"start":{"line":146,"column":6},"end":{"line":146,"column":78}},"36":{"start":{"line":150,"column":4},"end":{"line":157,"column":6}},"37":{"start":{"line":152,"column":8},"end":{"line":155,"column":10}},"38":{"start":{"line":159,"column":18},"end":{"line":187,"column":6}},"39":{"start":{"line":163,"column":46},"end":{"line":169,"column":11}},"40":{"start":{"line":189,"column":4},"end":{"line":189,"column":69}},"41":{"start":{"line":191,"column":24},"end":{"line":191,"column":68}},"42":{"start":{"line":193,"column":4},"end":{"line":201,"column":5}},"43":{"start":{"line":209,"column":34},"end":{"line":305,"column":1}},"44":{"start":{"line":210,"column":2},"end":{"line":304,"column":3}},"45":{"start":{"line":212,"column":4},"end":{"line":214,"column":5}},"46":{"start":{"line":213,"column":6},"end":{"line":213,"column":67}},"47":{"start":{"line":217,"column":17},"end":{"line":221,"column":6}},"48":{"start":{"line":224,"column":27},"end":{"line":224,"column":76}},"49":{"start":{"line":227,"column":20},"end":{"line":227,"column":43}},"50":{"start":{"line":229,"column":4},"end":{"line":231,"column":5}},"51":{"start":{"line":230,"column":6},"end":{"line":230,"column":71}},"52":{"start":{"line":234,"column":18},"end":{"line":236,"column":6}},"53":{"start":{"line":238,"column":4},"end":{"line":240,"column":5}},"54":{"start":{"line":239,"column":6},"end":{"line":239,"column":66}},"55":{"start":{"line":243,"column":20},"end":{"line":243,"column":32}},"56":{"start":{"line":244,"column":24},"end":{"line":244,"column":43}},"57":{"start":{"line":246,"column":4},"end":{"line":270,"column":5}},"58":{"start":{"line":248,"column":8},"end":{"line":254,"column":9}},"59":{"start":{"line":249,"column":10},"end":{"line":249,"column":32}},"60":{"start":{"line":250,"column":10},"end":{"line":250,"column":38}},"61":{"start":{"line":251,"column":15},"end":{"line":254,"column":9}},"62":{"start":{"line":252,"column":10},"end":{"line":252,"column":29}},"63":{"start":{"line":253,"column":10},"end":{"line":253,"column":33}},"64":{"start":{"line":255,"column":8},"end":{"line":255,"column":14}},"65":{"start":{"line":257,"column":8},"end":{"line":257,"column":27}},"66":{"start":{"line":258,"column":8},"end":{"line":258,"column":31}},"67":{"start":{"line":259,"column":8},"end":{"line":259,"column":14}},"68":{"start":{"line":263,"column":8},"end":{"line":263,"column":32}},"69":{"start":{"line":264,"column":8},"end":{"line":264,"column":33}},"70":{"start":{"line":265,"column":8},"end":{"line":265,"column":14}},"71":{"start":{"line":267,"column":8},"end":{"line":267,"column":30}},"72":{"start":{"line":268,"column":8},"end":{"line":268,"column":34}},"73":{"start":{"line":269,"column":8},"end":{"line":269,"column":14}},"74":{"start":{"line":273,"column":4},"end":{"line":281,"column":7}},"75":{"start":{"line":284,"column":4},"end":{"line":293,"column":7}},"76":{"start":{"line":295,"column":4},"end":{"line":295,"column":48}},"77":{"start":{"line":298,"column":4},"end":{"line":302,"column":7}},"78":{"start":{"line":303,"column":4},"end":{"line":303,"column":75}}},"fnMap":{"0":{"name":"(anonymous_0)","decl":{"start":{"line":6,"column":28},"end":{"line":6,"column":29}},"loc":{"start":{"line":6,"column":39},"end":{"line":26,"column":1}},"line":6},"1":{"name":"(anonymous_1)","decl":{"start":{"line":7,"column":22},"end":{"line":7,"column":23}},"loc":{"start":{"line":7,"column":37},"end":{"line":25,"column":3}},"line":7},"2":{"name":"(anonymous_2)","decl":{"start":{"line":28,"column":34},"end":{"line":28,"column":35}},"loc":{"start":{"line":28,"column":45},"end":{"line":41,"column":1}},"line":28},"3":{"name":"(anonymous_3)","decl":{"start":{"line":29,"column":39},"end":{"line":29,"column":40}},"loc":{"start":{"line":29,"column":47},"end":{"line":29,"column":81}},"line":29},"4":{"name":"(anonymous_4)","decl":{"start":{"line":33,"column":43},"end":{"line":33,"column":44}},"loc":{"start":{"line":33,"column":52},"end":{"line":38,"column":7}},"line":33},"5":{"name":"(anonymous_5)","decl":{"start":{"line":43,"column":34},"end":{"line":43,"column":35}},"loc":{"start":{"line":43,"column":57},"end":{"line":114,"column":1}},"line":43},"6":{"name":"(anonymous_6)","decl":{"start":{"line":48,"column":40},"end":{"line":48,"column":41}},"loc":{"start":{"line":48,"column":49},"end":{"line":54,"column":5}},"line":48},"7":{"name":"(anonymous_7)","decl":{"start":{"line":116,"column":24},"end":{"line":116,"column":25}},"loc":{"start":{"line":116,"column":56},"end":{"line":203,"column":1}},"line":116},"8":{"name":"(anonymous_8)","decl":{"start":{"line":117,"column":41},"end":{"line":117,"column":42}},"loc":{"start":{"line":117,"column":59},"end":{"line":202,"column":3}},"line":117},"9":{"name":"(anonymous_9)","decl":{"start":{"line":140,"column":49},"end":{"line":140,"column":50}},"loc":{"start":{"line":141,"column":6},"end":{"line":142,"column":87}},"line":141},"10":{"name":"(anonymous_10)","decl":{"start":{"line":151,"column":21},"end":{"line":151,"column":22}},"loc":{"start":{"line":152,"column":8},"end":{"line":155,"column":10}},"line":152},"11":{"name":"(anonymous_11)","decl":{"start":{"line":163,"column":37},"end":{"line":163,"column":38}},"loc":{"start":{"line":163,"column":46},"end":{"line":169,"column":11}},"line":163},"12":{"name":"(anonymous_12)","decl":{"start":{"line":209,"column":34},"end":{"line":209,"column":35}},"loc":{"start":{"line":209,"column":58},"end":{"line":305,"column":1}},"line":209}},"branchMap":{"0":{"loc":{"start":{"line":31,"column":2},"end":{"line":40,"column":3}},"type":"if","locations":[{"start":{"line":31,"column":2},"end":{"line":40,"column":3}},{"start":{},"end":{}}],"line":31},"1":{"loc":{"start":{"line":56,"column":4},"end":{"line":64,"column":5}},"type":"if","locations":[{"start":{"line":56,"column":4},"end":{"line":64,"column":5}},{"start":{},"end":{}}],"line":56},"2":{"loc":{"start":{"line":73,"column":20},"end":{"line":73,"column":62}},"type":"binary-expr","locations":[{"start":{"line":73,"column":20},"end":{"line":73,"column":48}},{"start":{"line":73,"column":52},"end":{"line":73,"column":62}}],"line":73},"3":{"loc":{"start":{"line":74,"column":19},"end":{"line":74,"column":53}},"type":"binary-expr","locations":[{"start":{"line":74,"column":19},"end":{"line":74,"column":47}},{"start":{"line":74,"column":51},"end":{"line":74,"column":53}}],"line":74},"4":{"loc":{"start":{"line":76,"column":15},"end":{"line":76,"column":31}},"type":"binary-expr","locations":[{"start":{"line":76,"column":15},"end":{"line":76,"column":25}},{"start"
[...]
,"/Users/squidwardsus/Developer/Code/sawangan_api/src/service/wishlist-service.js": {"path":"/Users/squidwardsus/Developer/Code/sawangan_api/src/service/wishlist-service.js","statementMap":{"0":{"start":{"line":7,"column":22},"end":{"line":51,"column":1}},"1":{"start":{"line":8,"column":2},"end":{"line":8,"column":48}},"2":{"start":{"line":9,"column":2},"end":{"line":9,"column":74}},"3":{"start":{"line":12,"column":18},"end":{"line":14,"column":4}},"4":{"start":{"line":16,"column":2},"end":{"line":18,"column":3}},"5":{"start":{"line":17,"column":4},"end":{"line":17,"column":54}},"6":{"start":{"line":21,"column":27},"end":{"line":28,"column":4}},"7":{"start":{"line":30,"column":2},"end":{"line":32,"column":3}},"8":{"start":{"line":31,"column":4},"end":{"line":31,"column":64}},"9":{"start":{"line":34,"column":2},"end":{"line":50,"column":5}},"10":{"start":{"line":53,"column":27},"end":{"line":78,"column":1}},"11":{"start":{"line":54,"column":2},"end":{"line":54,"column":48}},"12":{"start":{"line":55,"column":2},"end":{"line":55,"column":74}},"13":{"start":{"line":57,"column":23},"end":{"line":64,"column":4}},"14":{"start":{"line":66,"column":2},"end":{"line":68,"column":3}},"15":{"start":{"line":67,"column":4},"end":{"line":67,"column":66}},"16":{"start":{"line":70,"column":2},"end":{"line":77,"column":5}},"17":{"start":{"line":80,"column":24},"end":{"line":122,"column":1}},"18":{"start":{"line":81,"column":2},"end":{"line":81,"column":48}},"19":{"start":{"line":82,"column":26},"end":{"line":82,"column":66}},"20":{"start":{"line":84,"column":15},"end":{"line":84,"column":33}},"21":{"start":{"line":86,"column":28},"end":{"line":111,"column":4}},"22":{"start":{"line":113,"column":2},"end":{"line":121,"column":4}},"23":{"start":{"line":114,"column":31},"end":{"line":114,"column":43}},"24":{"start":{"line":124,"column":24},"end":{"line":140,"column":1}},"25":{"start":{"line":125,"column":2},"end":{"line":125,"column":48}},"26":{"start":{"line":126,"column":2},"end":{"line":126,"column":74}},"27":{"start":{"line":128,"column":23},"end":{"line":135,"column":4}},"28":{"start":{"line":137,"column":2},"end":{"line":139,"column":4}}},"fnMap":{"0":{"name":"(anonymous_0)","decl":{"start":{"line":7,"column":22},"end":{"line":7,"column":23}},"loc":{"start":{"line":7,"column":51},"end":{"line":51,"column":1}},"line":7},"1":{"name":"(anonymous_1)","decl":{"start":{"line":53,"column":27},"end":{"line":53,"column":28}},"loc":{"start":{"line":53,"column":56},"end":{"line":78,"column":1}},"line":53},"2":{"name":"(anonymous_2)","decl":{"start":{"line":80,"column":24},"end":{"line":80,"column":25}},"loc":{"start":{"line":80,"column":49},"end":{"line":122,"column":1}},"line":80},"3":{"name":"(anonymous_3)","decl":{"start":{"line":114,"column":23},"end":{"line":114,"column":24}},"loc":{"start":{"line":114,"column":31},"end":{"line":114,"column":43}},"line":114},"4":{"name":"(anonymous_4)","decl":{"start":{"line":124,"column":24},"end":{"line":124,"column":25}},"loc":{"start":{"line":124,"column":53},"end":{"line":140,"column":1}},"line":124}},"branchMap":{"0":{"loc":{"start":{"line":16,"column":2},"end":{"line":18,"column":3}},"type":"if","locations":[{"start":{"line":16,"column":2},"end":{"line":18,"column":3}},{"start":{},"end":{}}],"line":16},"1":{"loc":{"start":{"line":30,"column":2},"end":{"line":32,"column":3}},"type":"if","locations":[{"start":{"line":30,"column":2},"end":{"line":32,"column":3}},{"start":{},"end":{}}],"line":30},"2":{"loc":{"start":{"line":66,"column":2},"end":{"line":68,"column":3}},"type":"if","locations":[{"start":{"line":66,"column":2},"end":{"line":68,"column":3}},{"start":{},"end":{}}],"line":66}},"s":{"0":1,"1":0,"2":0,"3":0,"4":0,"5":0,"6":0,"7":0,"8":0,"9":0,"10":1,"11":0,"12":0,"13":0,"14":0,"15":0,"16":0,"17":1,"18":0,"19":0,"20":0,"21":0,"22":0,"23":0,"24":1,"25":0,"26":0,"27":0,"28":0},"f":{"0":0,"1":0,"2":0,"3":0,"4":0},"b":{"0":[0,0],"1":[0,0],"2":[0,0]},"_coverageSchema":"1a1c01bbd47fc00a2c39e90264f33305004495a9","hash":"af0c32523dd5eaefbdfd481a12398ce12fae10da"}
,"/Users/squidwardsus/Developer/Code/sawangan_api/src/utils/avatar.js": {"path":"/Users/squidwardsus/Developer/Code/sawangan_api/src/utils/avatar.js","statementMap":{"0":{"start":{"line":5,"column":19},"end":{"line":12,"column":1}},"1":{"start":{"line":6,"column":23},"end":{"line":6,"column":77}},"2":{"start":{"line":7,"column":2},"end":{"line":11,"column":3}},"3":{"start":{"line":8,"column":4},"end":{"line":8,"column":19}},"4":{"start":{"line":10,"column":4},"end":{"line":10,"column":80}}},"fnMap":{"0":{"name":"(anonymous_0)","decl":{"start":{"line":5,"column":19},"end":{"line":5,"column":20}},"loc":{"start":{"line":5,"column":38},"end":{"line":12,"column":1}},"line":5}},"branchMap":{"0":{"loc":{"start":{"line":7,"column":2},"end":{"line":11,"column":3}},"type":"if","locations":[{"start":{"line":7,"column":2},"end":{"line":11,"column":3}},{"start":{"line":9,"column":9},"end":{"line":11,"column":3}}],"line":7}},"s":{"0":1,"1":0,"2":0,"3":0,"4":0},"f":{"0":0},"b":{"0":[0,0]},"_coverageSchema":"1a1c01bbd47fc00a2c39e90264f33305004495a9","hash":"01660e0902ed6073d50eb592fee72616a789b5eb"}
,"/Users/squidwardsus/Developer/Code/sawangan_api/src/utils/email-sender.js": {"path":"/Users/squidwardsus/Developer/Code/sawangan_api/src/utils/email-sender.js","statementMap":{"0":{"start":{"line":3,"column":20},"end":{"line":16,"column":4}},"1":{"start":{"line":20,"column":40},"end":{"line":67,"column":3}},"2":{"start":{"line":21,"column":24},"end":{"line":64,"column":5}},"3":{"start":{"line":66,"column":4},"end":{"line":66,"column":44}}},"fnMap":{"0":{"name":"(anonymous_0)","decl":{"start":{"line":20,"column":40},"end":{"line":20,"column":41}},"loc":{"start":{"line":20,"column":67},"end":{"line":67,"column":3}},"line":20}},"branchMap":{},"s":{"0":1,"1":1,"2":1,"3":1},"f":{"0":1},"b":{},"_coverageSchema":"1a1c01bbd47fc00a2c39e90264f33305004495a9","hash":"f6baea3d6a42852ba61bc99e0c39ce103cc62729"}
,"/Users/squidwardsus/Developer/Code/sawangan_api/src/utils/google-oauth.js": {"path":"/Users/squidwardsus/Developer/Code/sawangan_api/src/utils/google-oauth.js","statementMap":{"0":{"start":{"line":32,"column":15},"end":{"line":35,"column":2}},"1":{"start":{"line":37,"column":33},"end":{"line":68,"column":1}},"2":{"start":{"line":38,"column":2},"end":{"line":67,"column":3}},"3":{"start":{"line":39,"column":4},"end":{"line":39,"column":80}},"4":{"start":{"line":41,"column":19},"end":{"line":47,"column":6}},"5":{"start":{"line":49,"column":20},"end":{"line":49,"column":39}},"6":{"start":{"line":50,"column":4},"end":{"line":50,"column":43}},"7":{"start":{"line":52,"column":4},"end":{"line":54,"column":5}},"8":{"start":{"line":53,"column":6},"end":{"line":53,"column":53}},"9":{"start":{"line":56,"column":4},"end":{"line":60,"column":6}},"10":{"start":{"line":62,"column":4},"end":{"line":65,"column":7}},"11":{"start":{"line":66,"column":4},"end":{"line":66,"column":62}}},"fnMap":{"0":{"name":"(anonymous_0)","decl":{"start":{"line":37,"column":33},"end":{"line":37,"column":34}},"loc":{"start":{"line":37,"column":50},"end":{"line":68,"column":1}},"line":37}},"branchMap":{"0":{"loc":{"start":{"line":52,"column":4},"end":{"line":54,"column":5}},"type":"if","locations":[{"start":{"line":52,"column":4},"end":{"line":54,"column":5}},{"start":{},"end":{}}],"line":52}},"s":{"0":1,"1":1,"2":0,"3":0,"4":0,"5":0,"6":0,"7":0,"8":0,"9":0,"10":0,"11":0},"f":{"0":0},"b":{"0":[0,0]},"_coverageSchema":"1a1c01bbd47fc00a2c39e90264f33305004495a9","hash":"8e44349f7115290069926157dcc6f87c15dcb38b"}
,"/Users/squidwardsus/Developer/Code/sawangan_api/src/utils/token-utils.js": {"path":"/Users/squidwardsus/Developer/Code/sawangan_api/src/utils/token-utils.js","statementMap":{"0":{"start":{"line":4,"column":34},"end":{"line":6,"column":1}},"1":{"start":{"line":5,"column":2},"end":{"line":5,"column":48}},"2":{"start":{"line":8,"column":25},"end":{"line":10,"column":1}},"3":{"start":{"line":9,"column":2},"end":{"line":9,"column":38}},"4":{"start":{"line":12,"column":29},"end":{"line":14,"column":1}},"5":{"start":{"line":13,"column":2},"end":{"line":13,"column":55}}},"fnMap":{"0":{"name":"(anonymous_0)","decl":{"start":{"line":4,"column":34},"end":{"line":4,"column":35}},"loc":{"start":{"line":4,"column":40},"end":{"line":6,"column":1}},"line":4},"1":{"name":"(anonymous_1)","decl":{"start":{"line":8,"column":25},"end":{"line":8,"column":26}},"loc":{"start":{"line":8,"column":42},"end":{"line":10,"column":1}},"line":8},"2":{"name":"(anonymous_2)","decl":{"start":{"line":12,"column":29},"end":{"line":12,"column":30}},"loc":{"start":{"line":12,"column":64},"end":{"line":14,"column":1}},"line":12}},"branchMap":{},"s":{"0":1,"1":1,"2":1,"3":1,"4":1,"5":0},"f":{"0":1,"1":1,"2":0},"b":{},"_coverageSchema":"1a1c01bbd47fc00a2c39e90264f33305004495a9","hash":"c6ddcd8de2b521c6e6908971d83a79fb8a575528"}
,"/Users/squidwardsus/Developer/Code/sawangan_api/src/utils/upload.js": {"path":"/Users/squidwardsus/Developer/Code/sawangan_api/src/utils/upload.js","statementMap":{"0":{"start":{"line":4,"column":15},"end":{"line":15,"column":2}},"1":{"start":{"line":8,"column":4},"end":{"line":8,"column":64}},"2":{"start":{"line":9,"column":4},"end":{"line":13,"column":5}},"3":{"start":{"line":10,"column":6},"end":{"line":10,"column":21}},"4":{"start":{"line":12,"column":6},"end":{"line":12,"column":66}},"5":{"start":{"line":17,"column":34},"end":{"line":17,"column":56}},"6":{"start":{"line":20,"column":42},"end":{"line":37,"column":1}},"7":{"start":{"line":22,"column":2},"end":{"line":24,"column":3}},"8":{"start":{"line":23,"column":4},"end":{"line":23,"column":18}},"9":{"start":{"line":27,"column":2},"end":{"line":36,"column":5}},"10":{"start":{"line":28,"column":4},"end":{"line":34,"column":5}},"11":{"start":{"line":30,"column":6},"end":{"line":32,"column":7}},"12":{"start":{"line":31,"column":8},"end":{"line":31,"column":22}},"13":{"start":{"line":33,"column":6},"end":{"line":33,"column":23}},"14":{"start":{"line":35,"column":4},"end":{"line":35,"column":11}}},"fnMap":{"0":{"name":"(anonymous_0)","decl":{"start":{"line":7,"column":14},"end":{"line":7,"column":15}},"loc":{"start":{"line":7,"column":33},"end":{"line":14,"column":3}},"line":7},"1":{"name":"(anonymous_1)","decl":{"start":{"line":20,"column":42},"end":{"line":20,"column":43}},"loc":{"start":{"line":20,"column":62},"end":{"line":37,"column":1}},"line":20},"2":{"name":"(anonymous_2)","decl":{"start":{"line":27,"column":35},"end":{"line":27,"column":36}},"loc":{"start":{"line":27,"column":44},"end":{"line":36,"column":3}},"line":27}},"branchMap":{"0":{"loc":{"start":{"line":9,"column":4},"end":{"line":13,"column":5}},"type":"if","locations":[{"start":{"line":9,"column":4},"end":{"line":13,"column":5}},{"start":{"line":11,"column":11},"end":{"line":13,"column":5}}],"line":9},"1":{"loc":{"start":{"line":22,"column":2},"end":{"line":24,"column":3}},"type":"if","locations":[{"start":{"line":22,"column":2},"end":{"line":24,"column":3}},{"start":{},"end":{}}],"line":22},"2":{"loc":{"start":{"line":28,"column":4},"end":{"line":34,"column":5}},"type":"if","locations":[{"start":{"line":28,"column":4},"end":{"line":34,"column":5}},{"start":{},"end":{}}],"line":28},"3":{"loc":{"start":{"line":30,"column":6},"end":{"line":32,"column":7}},"type":"if","locations":[{"start":{"line":30,"column":6},"end":{"line":32,"column":7}},{"start":{},"end":{}}],"line":30},"4":{"loc":{"start":{"line":30,"column":10},"end":{"line":30,"column":90}},"type":"binary-expr","locations":[{"start":{"line":30,"column":10},"end":{"line":30,"column":46}},{"start":{"line":30,"column":50},"end":{"line":30,"column":90}}],"line":30}},"s":{"0":1,"1":0,"2":0,"3":0,"4":0,"5":1,"6":1,"7":0,"8":0,"9":0,"10":0,"11":0,"12":0,"13":0,"14":0},"f":{"0":0,"1":0,"2":0},"b":{"0":[0,0],"1":[0,0],"2":[0,0],"3":[0,0],"4":[0,0]},"_coverageSchema":"1a1c01bbd47fc00a2c39e90264f33305004495a9","hash":"dfae616c8599bad97ba08f3b02f4fc7bff1118f8"}
,"/Users/squidwardsus/Developer/Code/sawangan_api/src/validation/cart-validation.js": {"path":"/Users/squidwardsus/Developer/Code/sawangan_api/src/validation/cart-validation.js","statementMap":{"0":{"start":{"line":3,"column":34},"end":{"line":6,"column":2}},"1":{"start":{"line":8,"column":40},"end":{"line":10,"column":2}}},"fnMap":{},"branchMap":{},"s":{"0":1,"1":1},"f":{},"b":{},"_coverageSchema":"1a1c01bbd47fc00a2c39e90264f33305004495a9","hash":"32b091a446713a03c81b4448e1530f45523e7b2d"}
,"/Users/squidwardsus/Developer/Code/sawangan_api/src/validation/checkout-validation.js": {"path":"/Users/squidwardsus/Developer/Code/sawangan_api/src/validation/checkout-validation.js","statementMap":{"0":{"start":{"line":4,"column":34},"end":{"line":13,"column":33}}},"fnMap":{},"branchMap":{},"s":{"0":1},"f":{},"b":{},"_coverageSchema":"1a1c01bbd47fc00a2c39e90264f33305004495a9","hash":"8c1cf573c38f4b3de1a6cd4ddaf564fd3bcec44b"}
,"/Users/squidwardsus/Developer/Code/sawangan_api/src/validation/order-validation.js": {"path":"/Users/squidwardsus/Developer/Code/sawangan_api/src/validation/order-validation.js","statementMap":{"0":{"start":{"line":4,"column":20},"end":{"line":4,"column":92}},"1":{"start":{"line":6,"column":36},"end":{"line":9,"column":2}},"2":{"start":{"line":11,"column":42},"end":{"line":23,"column":33}},"3":{"start":{"line":25,"column":39},"end":{"line":27,"column":1}},"4":{"start":{"line":29,"column":33},"end":{"line":35,"column":4}}},"fnMap":{},"branchMap":{},"s":{"0":1,"1":1,"2":1,"3":1,"4":1},"f":{},"b":{},"_coverageSchema":"1a1c01bbd47fc00a2c39e90264f33305004495a9","hash":"838157d2c41f59a5f7974295c7f40b0e59c2efd2"}
,"/Users/squidwardsus/Developer/Code/sawangan_api/src/validation/product-validation.js": {"path":"/Users/squidwardsus/Developer/Code/sawangan_api/src/validation/product-validation.js","statementMap":{"0":{"start":{"line":5,"column":36},"end":{"line":23,"column":2}},"1":{"start":{"line":26,"column":35},"end":{"line":26,"column":65}},"2":{"start":{"line":28,"column":39},"end":{"line":47,"column":9}}},"fnMap":{},"branchMap":{},"s":{"0":1,"1":1,"2":1},"f":{},"b":{},"_coverageSchema":"1a1c01bbd47fc00a2c39e90264f33305004495a9","hash":"f648d1891b7e86838e67c8597f6dbe101ba7f1cb"}
,"/Users/squidwardsus/Developer/Code/sawangan_api/src/validation/profile-validation.js": {"path":"/Users/squidwardsus/Developer/Code/sawangan_api/src/validation/profile-validation.js","statementMap":{"0":{"start":{"line":4,"column":32},"end":{"line":7,"column":2}},"1":{"start":{"line":9,"column":33},"end":{"line":14,"column":2}},"2":{"start":{"line":16,"column":25},"end":{"line":20,"column":2}}},"fnMap":{},"branchMap":{},"s":{"0":1,"1":1,"2":1},"f":{},"b":{},"_coverageSchema":"1a1c01bbd47fc00a2c39e90264f33305004495a9","hash":"ba093c3218e6007d13ceb07086e3617909120c39"}
,"/Users/squidwardsus/Developer/Code/sawangan_api/src/validation/review-validation.js": {"path":"/Users/squidwardsus/Developer/Code/sawangan_api/src/validation/review-validation.js","statementMap":{"0":{"start":{"line":4,"column":38},"end":{"line":29,"column":2}},"1":{"start":{"line":31,"column":36},"end":{"line":35,"column":2}}},"fnMap":{},"branchMap":{},"s":{"0":1,"1":1},"f":{},"b":{},"_coverageSchema":"1a1c01bbd47fc00a2c39e90264f33305004495a9","hash":"609deeb1522702a895df1ab8faff1ee7073240d3"}
,"/Users/squidwardsus/Developer/Code/sawangan_api/src/validation/user-validation.js": {"path":"/Users/squidwardsus/Developer/Code/sawangan_api/src/validation/user-validation.js","statementMap":{"0":{"start":{"line":5,"column":23},"end":{"line":10,"column":1}},"1":{"start":{"line":6,"column":2},"end":{"line":8,"column":3}},"2":{"start":{"line":7,"column":4},"end":{"line":7,"column":40}},"3":{"start":{"line":9,"column":2},"end":{"line":9,"column":15}},"4":{"start":{"line":14,"column":27},"end":{"line":14,"column":92}},"5":{"start":{"line":16,"column":27},"end":{"line":24,"column":2}},"6":{"start":{"line":26,"column":24},"end":{"line":29,"column":2}},"7":{"start":{"line":32,"column":33},"end":{"line":34,"column":2}},"8":{"start":{"line":36,"column":33},"end":{"line":41,"column":2}},"9":{"start":{"line":50,"column":29},"end":{"line":55,"column":2}}},"fnMap":{"0":{"name":"(anonymous_0)","decl":{"start":{"line":5,"column":23},"end":{"line":5,"column":24}},"loc":{"start":{"line":5,"column":43},"end":{"line":10,"column":1}},"line":5}},"branchMap":{"0":{"loc":{"start":{"line":6,"column":2},"end":{"line":8,"column":3}},"type":"if","locations":[{"start":{"line":6,"column":2},"end":{"line":8,"column":3}},{"start":{},"end":{}}],"line":6}},"s":{"0":1,"1":0,"2":0,"3":0,"4":1,"5":1,"6":1,"7":1,"8":1,"9":1},"f":{"0":0},"b":{"0":[0,0]},"_coverageSchema":"1a1c01bbd47fc00a2c39e90264f33305004495a9","hash":"e9474b10d838869fdc6b274050929ea27e945a97"}
,"/Users/squidwardsus/Developer/Code/sawangan_api/src/validation/validation.js": {"path":"/Users/squidwardsus/Developer/Code/sawangan_api/src/validation/validation.js","statementMap":{"0":{"start":{"line":4,"column":17},"end":{"line":15,"column":1}},"1":{"start":{"line":5,"column":19},"end":{"line":8,"column":6}},"2":{"start":{"line":10,"column":4},"end":{"line":14,"column":5}},"3":{"start":{"line":11,"column":8},"end":{"line":11,"column":59}},"4":{"start":{"line":13,"column":8},"end":{"line":13,"column":28}}},"fnMap":{"0":{"name":"(anonymous_0)","decl":{"start":{"line":4,"column":17},"end":{"line":4,"column":18}},"loc":{"start":{"line":4,"column":38},"end":{"line":15,"column":1}},"line":4}},"branchMap":{"0":{"loc":{"start":{"line":10,"column":4},"end":{"line":14,"column":5}},"type":"if","locations":[{"start":{"line":10,"column":4},"end":{"line":14,"column":5}},{"start":{"line":12,"column":11},"end":{"line":14,"column":5}}],"line":10}},"s":{"0":1,"1":8,"2":8,"3":4,"4":4},"f":{"0":8},"b":{"0":[4,4]},"_coverageSchema":"1a1c01bbd47fc00a2c39e90264f33305004495a9","hash":"afd50040250fbc0525454712e49f3810cd6907df"}
,"/Users/squidwardsus/Developer/Code/sawangan_api/src/validation/wishlist-validation.js": {"path":"/Users/squidwardsus/Developer/Code/sawangan_api/src/validation/wishlist-validation.js","statementMap":{"0":{"start":{"line":3,"column":20},"end":{"line":3,"column":92}},"1":{"start":{"line":5,"column":40},"end":{"line":13,"column":2}},"2":{"start":{"line":15,"column":39},"end":{"line":18,"column":2}}},"fnMap":{},"branchMap":{},"s":{"0":1,"1":1,"2":1},"f":{},"b":{},"_coverageSchema":"1a1c01bbd47fc00a2c39e90264f33305004495a9","hash":"d9dff9177a111f966c6c0c833fcbc20503208ab6"}
}
