TN:
SF:src/main.js
FN:5,(anonymous_0)
FNF:1
FNH:0
FNDA:0,(anonymous_0)
DA:5,0
DA:6,0
LF:2
LH:0
BRF:0
BRH:0
end_of_record
TN:
SF:src/application/database.js
FN:26,(anonymous_0)
FN:30,(anonymous_1)
FN:34,(anonymous_2)
FN:38,(anonymous_3)
FNF:4
FNH:3
FNDA:466,(anonymous_0)
FNDA:15,(anonymous_1)
FNDA:7,(anonymous_2)
FNDA:0,(anonymous_3)
DA:5,7
DA:26,7
DA:27,466
DA:30,7
DA:31,15
DA:34,7
DA:35,7
DA:38,7
DA:39,0
LF:9
LH:8
BRF:0
BRH:0
end_of_record
TN:
SF:src/application/logger.js
FNF:0
FNH:0
DA:4,7
LF:1
LH:1
BRF:0
BRH:0
end_of_record
TN:
SF:src/application/web.js
FNF:0
FNH:0
DA:10,7
DA:11,7
DA:13,7
DA:14,7
DA:16,7
DA:17,7
DA:18,7
DA:22,7
LF:8
LH:8
BRF:0
BRH:0
end_of_record
TN:
SF:src/controller/cart-controller.js
FN:5,(anonymous_0)
FN:18,(anonymous_1)
FN:33,(anonymous_2)
FN:49,(anonymous_3)
FN:64,(anonymous_4)
FNF:5
FNH:5
FNDA:1,(anonymous_0)
FNDA:3,(anonymous_1)
FNDA:3,(anonymous_2)
FNDA:3,(anonymous_3)
FNDA:2,(anonymous_4)
DA:5,7
DA:6,1
DA:7,1
DA:8,1
DA:9,1
DA:14,0
DA:18,7
DA:19,3
DA:20,3
DA:21,3
DA:23,3
DA:24,1
DA:29,2
DA:33,7
DA:34,3
DA:35,3
DA:36,3
DA:37,3
DA:39,3
DA:40,1
DA:45,2
DA:49,7
DA:50,3
DA:51,3
DA:52,3
DA:54,3
DA:55,1
DA:60,2
DA:64,7
DA:65,2
DA:66,2
DA:67,2
DA:69,1
DA:74,1
LF:34
LH:33
BRF:0
BRH:0
end_of_record
TN:
SF:src/controller/checkout-controller.js
FN:9,(anonymous_0)
FN:29,(anonymous_1)
FN:89,(anonymous_2)
FNF:3
FNH:1
FNDA:5,(anonymous_0)
FNDA:0,(anonymous_1)
FNDA:0,(anonymous_2)
DA:9,7
DA:10,5
DA:11,5
DA:12,5
DA:13,5
DA:15,1
DA:23,4
DA:29,7
DA:30,0
DA:39,0
DA:41,0
DA:42,0
DA:46,0
DA:55,0
DA:57,0
DA:59,0
DA:70,0
DA:71,0
DA:77,0
DA:79,0
DA:89,7
DA:90,0
DA:91,0
DA:94,0
DA:95,0
DA:105,0
DA:108,0
DA:120,0
DA:121,0
DA:130,0
DA:136,0
LF:31
LH:9
BRDA:37,0,0,0
BRDA:38,1,0,0
BRDA:41,2,0,0
BRDA:41,2,1,0
BRDA:41,3,0,0
BRDA:41,3,1,0
BRDA:41,3,2,0
BRDA:50,4,0,0
BRDA:50,4,1,0
BRDA:70,5,0,0
BRDA:70,5,1,0
BRDA:72,6,0,0
BRDA:72,6,1,0
BRDA:74,7,0,0
BRDA:74,7,1,0
BRDA:94,8,0,0
BRDA:94,8,1,0
BRDA:94,9,0,0
BRDA:94,9,1,0
BRDA:94,9,2,0
BRDA:120,10,0,0
BRDA:120,10,1,0
BRDA:124,11,0,0
BRDA:124,11,1,0
BRDA:126,12,0,0
BRDA:126,12,1,0
BRF:26
BRH:0
end_of_record
TN:
SF:src/controller/dashboard-controller.js
FN:4,(anonymous_0)
FN:30,(anonymous_1)
FN:46,(anonymous_2)
FN:72,(anonymous_3)
FNF:4
FNH:0
FNDA:0,(anonymous_0)
FNDA:0,(anonymous_1)
FNDA:0,(anonymous_2)
FNDA:0,(anonymous_3)
DA:4,7
DA:5,0
DA:6,0
DA:8,0
DA:9,0
DA:10,0
DA:16,0
DA:18,0
DA:25,0
DA:30,7
DA:31,0
DA:32,0
DA:34,0
DA:41,0
DA:46,7
DA:47,0
DA:48,0
DA:50,0
DA:51,0
DA:52,0
DA:58,0
DA:60,0
DA:67,0
DA:72,7
DA:73,0
DA:74,0
DA:76,0
DA:83,0
LF:28
LH:4
BRDA:9,0,0,0
BRDA:9,0,1,0
BRDA:9,1,0,0
BRDA:9,1,1,0
BRDA:51,2,0,0
BRDA:51,2,1,0
BRDA:51,3,0,0
BRDA:51,3,1,0
BRF:8
BRH:0
end_of_record
TN:
SF:src/controller/order-controller.js
FN:7,(anonymous_0)
FN:24,(anonymous_1)
FN:44,(anonymous_2)
FN:60,(anonymous_3)
FN:75,(anonymous_4)
FN:110,(anonymous_5)
FN:142,(anonymous_6)
FN:158,(anonymous_7)
FN:173,formatOrderResponse
FN:185,(anonymous_9)
FNF:10
FNH:0
FNDA:0,(anonymous_0)
FNDA:0,(anonymous_1)
FNDA:0,(anonymous_2)
FNDA:0,(anonymous_3)
FNDA:0,(anonymous_4)
FNDA:0,(anonymous_5)
FNDA:0,(anonymous_6)
FNDA:0,(anonymous_7)
FNDA:0,formatOrderResponse
FNDA:0,(anonymous_9)
DA:7,7
DA:8,0
DA:9,0
DA:10,0
DA:12,0
DA:14,0
DA:20,0
DA:24,7
DA:25,0
DA:26,0
DA:27,0
DA:29,0
DA:30,0
DA:33,0
DA:35,0
DA:40,0
DA:44,7
DA:45,0
DA:46,0
DA:47,0
DA:49,0
DA:51,0
DA:56,0
DA:60,7
DA:61,0
DA:62,0
DA:64,0
DA:66,0
DA:71,0
DA:75,7
DA:76,0
DA:77,0
DA:78,0
DA:80,0
DA:82,0
DA:83,0
DA:86,0
DA:87,0
DA:90,0
DA:95,0
DA:106,0
DA:110,7
DA:111,0
DA:112,0
DA:113,0
DA:116,0
DA:120,0
DA:121,0
DA:124,0
DA:125,0
DA:129,0
DA:131,0
DA:137,0
DA:142,7
DA:143,0
DA:144,0
DA:146,0
DA:148,0
DA:154,0
DA:158,7
DA:159,0
DA:160,0
DA:161,0
DA:163,0
DA:168,0
DA:174,0
DA:185,0
LF:67
LH:8
BRDA:29,0,0,0
BRDA:29,0,1,0
BRDA:82,1,0,0
BRDA:82,1,1,0
BRDA:86,2,0,0
BRDA:86,2,1,0
BRDA:86,3,0,0
BRDA:86,3,1,0
BRDA:120,4,0,0
BRDA:120,4,1,0
BRDA:124,5,0,0
BRDA:124,5,1,0
BRDA:192,6,0,0
BRDA:192,6,1,0
BRDA:193,7,0,0
BRDA:193,7,1,0
BRF:16
BRH:0
end_of_record
TN:
SF:src/controller/payment-controller.js
FN:11,(anonymous_0)
FN:20,(anonymous_1)
FN:73,createPaymentLog
FN:90,(anonymous_3)
FNF:4
FNH:0
FNDA:0,(anonymous_0)
FNDA:0,(anonymous_1)
FNDA:0,createPaymentLog
FNDA:0,(anonymous_3)
DA:5,7
DA:11,7
DA:12,0
DA:13,0
DA:17,0
DA:20,7
DA:21,0
DA:22,0
DA:23,0
DA:26,0
DA:27,0
DA:31,0
DA:34,0
DA:38,0
DA:39,0
DA:40,0
DA:44,0
DA:58,0
DA:64,0
DA:66,0
DA:68,0
DA:69,0
DA:74,0
DA:90,7
DA:91,0
DA:101,0
LF:26
LH:4
BRDA:26,0,0,0
BRDA:26,0,1,0
BRDA:38,1,0,0
BRDA:38,1,1,0
BRDA:48,2,0,0
BRDA:48,2,1,0
BRDA:49,3,0,0
BRDA:49,3,1,0
BRDA:51,4,0,0
BRDA:51,4,1,0
BRDA:82,5,0,0
BRDA:82,5,1,0
BRDA:83,6,0,0
BRDA:83,6,1,0
BRDA:101,7,0,0
BRDA:101,7,1,0
BRF:16
BRH:0
end_of_record
TN:
SF:src/controller/product-controller.js
FN:11,(anonymous_0)
FN:66,(anonymous_1)
FN:79,(anonymous_2)
FN:94,(anonymous_3)
FN:127,(anonymous_4)
FNF:5
FNH:5
FNDA:4,(anonymous_0)
FNDA:3,(anonymous_1)
FNDA:3,(anonymous_2)
FNDA:6,(anonymous_3)
FNDA:4,(anonymous_4)
DA:9,7
DA:12,4
DA:13,4
DA:14,1
DA:21,3
DA:22,3
DA:23,1
DA:27,2
DA:35,2
DA:36,1
DA:39,2
DA:41,2
DA:47,2
DA:56,2
DA:57,1
DA:59,2
DA:66,7
DA:67,3
DA:68,3
DA:69,3
DA:74,0
DA:79,7
DA:80,3
DA:81,3
DA:82,3
DA:83,1
DA:85,2
DA:90,1
DA:94,7
DA:95,6
DA:97,6
DA:98,6
DA:101,6
DA:102,6
DA:103,6
DA:105,6
DA:111,3
DA:117,3
DA:118,1
DA:120,3
DA:127,7
DA:128,4
DA:129,4
DA:130,4
DA:132,2
DA:137,2
LF:46
LH:45
BRDA:13,0,0,1
BRDA:13,0,1,3
BRDA:22,1,0,1
BRDA:22,1,1,2
BRDA:35,2,0,1
BRDA:35,2,1,1
BRDA:56,3,0,1
BRDA:56,3,1,1
BRDA:82,4,0,1
BRDA:82,4,1,2
BRDA:117,5,0,1
BRDA:117,5,1,2
BRF:12
BRH:12
end_of_record
TN:
SF:src/controller/profile-controller.js
FN:4,(anonymous_0)
FN:17,(anonymous_1)
FN:28,(anonymous_2)
FN:50,(anonymous_3)
FNF:4
FNH:4
FNDA:2,(anonymous_0)
FNDA:2,(anonymous_1)
FNDA:3,(anonymous_2)
FNDA:3,(anonymous_3)
DA:4,7
DA:5,2
DA:6,2
DA:7,2
DA:12,0
DA:17,7
DA:18,2
DA:19,2
DA:20,1
DA:22,1
DA:28,7
DA:29,3
DA:34,3
DA:36,3
DA:43,0
DA:50,7
DA:51,3
DA:52,3
DA:58,1
DA:60,2
LF:20
LH:18
BRF:0
BRH:0
end_of_record
TN:
SF:src/controller/review-controller.js
FN:10,(anonymous_0)
FN:32,(anonymous_1)
FN:48,(anonymous_2)
FNF:3
FNH:0
FNDA:0,(anonymous_0)
FNDA:0,(anonymous_1)
FNDA:0,(anonymous_2)
DA:10,7
DA:11,0
DA:12,0
DA:13,0
DA:16,0
DA:17,0
DA:18,0
DA:20,0
DA:22,0
DA:27,0
DA:28,0
DA:32,7
DA:33,0
DA:34,0
DA:35,0
DA:37,0
DA:39,0
DA:44,0
DA:48,7
DA:49,0
DA:50,0
DA:51,0
DA:53,0
DA:55,0
DA:61,0
LF:25
LH:3
BRDA:12,0,0,0
BRDA:12,0,1,0
BRF:2
BRH:0
end_of_record
TN:
SF:src/controller/user-controller.js
FN:5,(anonymous_0)
FN:19,(anonymous_1)
FN:35,(anonymous_2)
FN:53,(anonymous_3)
FN:66,(anonymous_4)
FN:81,(anonymous_5)
FN:100,(anonymous_6)
FN:114,(anonymous_7)
FNF:8
FNH:7
FNDA:4,(anonymous_0)
FNDA:21,(anonymous_1)
FNDA:1,(anonymous_2)
FNDA:3,(anonymous_3)
FNDA:3,(anonymous_4)
FNDA:4,(anonymous_5)
FNDA:2,(anonymous_6)
FNDA:0,(anonymous_7)
DA:5,7
DA:6,4
DA:8,4
DA:10,1
DA:14,3
DA:19,7
DA:20,21
DA:23,21
DA:25,19
DA:29,2
DA:35,7
DA:36,1
DA:37,1
DA:40,1
DA:47,0
DA:53,7
DA:54,3
DA:55,3
DA:56,3
DA:57,1
DA:61,2
DA:66,7
DA:67,3
DA:68,3
DA:69,3
DA:70,1
DA:74,2
DA:81,7
DA:82,4
DA:84,4
DA:87,4
DA:89,2
DA:94,2
DA:100,7
DA:101,2
DA:102,2
DA:103,1
DA:108,1
DA:114,7
DA:115,0
DA:116,0
DA:117,0
DA:119,0
DA:124,0
LF:44
LH:38
BRF:0
BRH:0
end_of_record
TN:
SF:src/controller/wishlist-controller.js
FN:3,(anonymous_0)
FN:19,(anonymous_1)
FN:35,(anonymous_2)
FN:52,(anonymous_3)
FNF:4
FNH:0
FNDA:0,(anonymous_0)
FNDA:0,(anonymous_1)
FNDA:0,(anonymous_2)
FNDA:0,(anonymous_3)
DA:3,7
DA:4,0
DA:5,0
DA:10,0
DA:15,0
DA:19,7
DA:20,0
DA:21,0
DA:26,0
DA:31,0
DA:35,7
DA:36,0
DA:37,0
DA:42,0
DA:48,0
DA:52,7
DA:53,0
DA:54,0
DA:59,0
DA:64,0
LF:20
LH:4
BRF:0
BRH:0
end_of_record
TN:
SF:src/error/response-error.js
FN:3,(anonymous_0)
FNF:1
FNH:1
FNDA:32,(anonymous_0)
DA:4,32
DA:5,32
LF:2
LH:2
BRF:0
BRH:0
end_of_record
TN:
SF:src/middleware/auth-middleware.js
FN:5,(anonymous_0)
FN:49,(anonymous_1)
FNF:2
FNH:2
FNDA:75,(anonymous_0)
FNDA:17,(anonymous_1)
DA:5,7
DA:6,75
DA:8,75
DA:9,4
DA:12,71
DA:13,71
DA:16,68
DA:28,68
DA:29,1
DA:32,67
DA:33,67
DA:35,3
DA:36,3
DA:38,0
DA:39,0
DA:42,0
DA:43,0
DA:49,7
DA:50,17
DA:51,1
DA:55,16
LF:21
LH:17
BRDA:8,0,0,4
BRDA:8,0,1,71
BRDA:28,1,0,1
BRDA:28,1,1,67
BRDA:35,2,0,3
BRDA:35,2,1,0
BRDA:38,3,0,0
BRDA:38,3,1,0
BRDA:50,4,0,1
BRDA:50,4,1,16
BRF:10
BRH:7
end_of_record
TN:
SF:src/middleware/checkavatar-middleware.js
FN:4,(anonymous_0)
FNF:1
FNH:1
FNDA:4,(anonymous_0)
DA:4,7
DA:5,4
DA:6,1
DA:8,3
LF:4
LH:4
BRDA:5,0,0,1
BRDA:5,0,1,3
BRF:2
BRH:2
end_of_record
TN:
SF:src/middleware/cloudinary-middleware.js
FNF:0
FNH:0
DA:4,7
DA:10,7
DA:20,7
LF:3
LH:3
BRF:0
BRH:0
end_of_record
TN:
SF:src/middleware/error-middleware.js
FN:4,(anonymous_0)
FNF:1
FNH:1
FNDA:36,(anonymous_0)
DA:4,7
DA:5,36
DA:6,0
DA:7,0
DA:10,36
DA:11,31
DA:14,5
DA:15,0
DA:18,5
DA:28,1
DA:32,4
DA:33,4
LF:12
LH:9
BRDA:5,0,0,0
BRDA:5,0,1,36
BRDA:10,1,0,31
BRDA:10,1,1,5
BRDA:14,2,0,0
BRDA:14,2,1,5
BRDA:18,3,0,1
BRDA:18,3,1,4
BRDA:18,4,0,5
BRDA:18,4,1,5
BRDA:18,4,2,4
BRDA:18,4,3,4
BRDA:18,4,4,4
BRDA:18,4,5,4
BRDA:18,4,6,4
BRDA:18,4,7,4
BRDA:34,5,0,4
BRDA:34,5,1,0
BRF:18
BRH:15
end_of_record
TN:
SF:src/route/admin-route.js
FNF:0
FNH:0
DA:12,7
DA:13,7
DA:14,7
DA:16,7
DA:17,7
DA:18,7
DA:19,7
DA:20,7
DA:21,7
DA:22,7
DA:23,7
DA:24,7
DA:28,7
DA:29,7
DA:30,7
DA:31,7
LF:16
LH:16
BRF:0
BRH:0
end_of_record
TN:
SF:src/route/api.js
FNF:0
FNH:0
DA:17,7
DA:18,7
DA:22,7
DA:25,7
DA:26,7
DA:27,7
DA:34,7
DA:37,7
DA:41,7
DA:42,7
DA:43,7
DA:44,7
DA:45,7
DA:49,7
DA:53,7
DA:54,7
DA:59,7
DA:60,7
DA:61,7
DA:66,7
DA:67,7
DA:68,7
DA:69,7
DA:74,7
DA:75,7
DA:76,7
DA:77,7
LF:27
LH:27
BRF:0
BRH:0
end_of_record
TN:
SF:src/route/public-route.js
FNF:0
FNH:0
DA:7,7
DA:9,7
DA:10,7
DA:11,7
DA:12,7
DA:13,7
DA:17,7
LF:7
LH:7
BRF:0
BRH:0
end_of_record
TN:
SF:src/route/webhook-route.js
FNF:0
FNH:0
DA:5,7
DA:8,7
LF:2
LH:2
BRF:0
BRH:0
end_of_record
TN:
SF:src/service/cart-service.js
FN:5,(anonymous_0)
FN:27,(anonymous_1)
FN:91,(anonymous_2)
FN:132,(anonymous_3)
FN:154,(anonymous_4)
FNF:5
FNH:5
FNDA:3,(anonymous_0)
FNDA:3,(anonymous_1)
FNDA:3,(anonymous_2)
FNDA:3,(anonymous_3)
FNDA:2,(anonymous_4)
DA:5,7
DA:6,3
DA:27,7
DA:29,3
DA:34,3
DA:35,1
DA:38,2
DA:39,1
DA:42,1
DA:91,7
DA:93,3
DA:98,3
DA:99,1
DA:102,2
DA:103,1
DA:107,1
DA:116,1
DA:128,1
DA:132,7
DA:134,3
DA:138,3
DA:139,1
DA:142,2
DA:151,1
DA:154,7
DA:155,2
DA:159,2
DA:160,1
DA:163,1
LF:29
LH:29
BRDA:34,0,0,1
BRDA:34,0,1,2
BRDA:38,1,0,1
BRDA:38,1,1,1
BRDA:98,2,0,1
BRDA:98,2,1,2
BRDA:102,3,0,1
BRDA:102,3,1,1
BRDA:138,4,0,1
BRDA:138,4,1,2
BRDA:159,5,0,1
BRDA:159,5,1,1
BRF:12
BRH:12
end_of_record
TN:
SF:src/service/checkout-service.js
FN:7,(anonymous_0)
FN:8,(anonymous_1)
FN:29,(anonymous_2)
FN:30,(anonymous_3)
FN:34,(anonymous_4)
FN:44,(anonymous_5)
FN:50,(anonymous_6)
FN:118,(anonymous_7)
FN:119,(anonymous_8)
FN:142,(anonymous_9)
FN:153,(anonymous_10)
FN:166,(anonymous_11)
FNF:12
FNH:12
FNDA:4,(anonymous_0)
FNDA:4,(anonymous_1)
FNDA:4,(anonymous_2)
FNDA:4,(anonymous_3)
FNDA:1,(anonymous_4)
FNDA:2,(anonymous_5)
FNDA:2,(anonymous_6)
FNDA:5,(anonymous_7)
FNDA:5,(anonymous_8)
FNDA:5,(anonymous_9)
FNDA:2,(anonymous_10)
FNDA:2,(anonymous_11)
DA:7,7
DA:8,4
DA:9,4
DA:10,4
DA:12,4
DA:29,7
DA:30,4
DA:32,4
DA:33,1
DA:34,1
DA:44,7
DA:45,2
DA:47,2
DA:50,2
DA:58,2
DA:59,2
DA:68,2
DA:100,2
DA:102,1
DA:114,1
DA:118,7
DA:119,5
DA:120,5
DA:125,5
DA:127,4
DA:132,4
DA:133,4
DA:135,3
DA:142,3
DA:143,5
DA:147,3
DA:148,1
DA:152,2
DA:154,2
DA:161,2
DA:166,2
DA:193,2
DA:195,2
DA:197,1
LF:39
LH:39
BRDA:32,0,0,1
BRDA:32,0,1,3
BRDA:58,1,0,2
BRDA:58,1,1,0
BRDA:75,2,0,2
BRDA:75,2,1,0
BRDA:76,3,0,2
BRDA:76,3,1,0
BRDA:78,4,0,2
BRDA:78,4,1,0
BRDA:125,5,0,1
BRDA:125,5,1,4
BRDA:143,6,0,5
BRDA:143,6,1,2
BRDA:147,7,0,1
BRDA:147,7,1,2
BRDA:187,8,0,2
BRDA:187,8,1,0
BRF:18
BRH:13
end_of_record
TN:
SF:src/service/dashboard-service.js
FN:5,(anonymous_0)
FN:11,(anonymous_1)
FN:15,(anonymous_2)
FN:29,(anonymous_3)
FNF:4
FNH:0
FNDA:0,(anonymous_0)
FNDA:0,(anonymous_1)
FNDA:0,(anonymous_2)
FNDA:0,(anonymous_3)
DA:5,7
DA:6,0
DA:11,7
DA:12,0
DA:15,7
DA:16,0
DA:26,0
DA:29,7
DA:30,0
LF:9
LH:4
BRDA:5,0,0,0
BRDA:15,1,0,0
BRDA:26,2,0,0
BRDA:26,2,1,0
BRF:4
BRH:0
end_of_record
TN:
SF:src/service/komerce-service.js
FN:5,(anonymous_0)
FN:19,(anonymous_1)
FN:76,(anonymous_2)
FN:122,(anonymous_3)
FNF:4
FNH:3
FNDA:7,(anonymous_0)
FNDA:0,(anonymous_1)
FNDA:2,(anonymous_2)
FNDA:14,(anonymous_3)
DA:6,7
DA:7,7
DA:8,7
DA:20,0
DA:21,0
DA:22,0
DA:25,0
DA:30,0
DA:36,0
DA:37,0
DA:40,0
DA:41,0
DA:48,0
DA:49,0
DA:52,0
DA:54,0
DA:65,0
DA:77,2
DA:78,2
DA:79,0
DA:82,2
DA:88,2
DA:91,2
DA:103,2
DA:105,2
DA:106,0
DA:109,2
DA:110,0
DA:117,2
DA:118,0
DA:122,14
DA:134,0
DA:143,0
LF:33
LH:13
BRDA:21,0,0,0
BRDA:21,0,1,0
BRDA:21,1,0,0
BRDA:21,1,1,0
BRDA:27,2,0,0
BRDA:27,2,1,0
BRDA:36,3,0,0
BRDA:36,3,1,0
BRDA:40,4,0,0
BRDA:40,4,1,0
BRDA:42,5,0,0
BRDA:42,5,1,0
BRDA:43,6,0,0
BRDA:43,6,1,0
BRDA:48,7,0,0
BRDA:48,7,1,0
BRDA:66,8,0,0
BRDA:66,8,1,0
BRDA:67,9,0,0
BRDA:67,9,1,0
BRDA:78,10,0,0
BRDA:78,10,1,2
BRDA:78,11,0,2
BRDA:78,11,1,2
BRDA:78,11,2,2
BRDA:96,12,0,2
BRDA:96,12,1,0
BRDA:97,13,0,0
BRDA:97,13,1,2
BRDA:98,14,0,2
BRDA:98,14,1,2
BRDA:99,15,0,2
BRDA:99,15,1,2
BRDA:105,16,0,0
BRDA:105,16,1,2
BRDA:105,17,0,2
BRDA:105,17,1,2
BRDA:109,18,0,0
BRDA:109,18,1,2
BRDA:111,19,0,0
BRDA:111,19,1,0
BRDA:112,20,0,0
BRDA:112,20,1,0
BRDA:117,21,0,0
BRDA:117,21,1,2
BRDA:144,22,0,0
BRDA:144,22,1,0
BRF:47
BRH:15
end_of_record
TN:
SF:src/service/midtrans-service.js
FN:13,(anonymous_0)
FN:14,(anonymous_1)
FN:30,(anonymous_2)
FN:31,(anonymous_3)
FNF:4
FNH:0
FNDA:0,(anonymous_0)
FNDA:0,(anonymous_1)
FNDA:0,(anonymous_2)
FNDA:0,(anonymous_3)
DA:4,6
DA:11,6
DA:12,6
DA:13,0
DA:15,0
DA:16,0
DA:21,6
DA:28,6
DA:29,6
DA:30,0
DA:32,0
DA:33,0
LF:12
LH:6
BRF:0
BRH:0
end_of_record
TN:
SF:src/service/order-service.js
FN:5,(anonymous_0)
FN:44,(anonymous_1)
FN:46,(anonymous_2)
FN:62,(anonymous_3)
FN:177,(anonymous_4)
FN:194,(anonymous_5)
FN:197,(anonymous_6)
FN:278,(anonymous_7)
FN:279,(anonymous_8)
FN:294,(anonymous_9)
FN:328,(anonymous_10)
FN:329,(anonymous_11)
FN:398,(anonymous_12)
FN:420,(anonymous_13)
FN:452,sendCancellationNotifications
FN:465,(anonymous_15)
FN:496,(anonymous_16)
FN:534,(anonymous_17)
FN:555,(anonymous_18)
FN:556,(anonymous_19)
FN:607,(anonymous_20)
FN:660,(anonymous_21)
FN:662,(anonymous_22)
FN:688,(anonymous_23)
FN:797,(anonymous_24)
FNF:25
FNH:0
FNDA:0,(anonymous_0)
FNDA:0,(anonymous_1)
FNDA:0,(anonymous_2)
FNDA:0,(anonymous_3)
FNDA:0,(anonymous_4)
FNDA:0,(anonymous_5)
FNDA:0,(anonymous_6)
FNDA:0,(anonymous_7)
FNDA:0,(anonymous_8)
FNDA:0,(anonymous_9)
FNDA:0,(anonymous_10)
FNDA:0,(anonymous_11)
FNDA:0,(anonymous_12)
FNDA:0,(anonymous_13)
FNDA:0,sendCancellationNotifications
FNDA:0,(anonymous_15)
FNDA:0,(anonymous_16)
FNDA:0,(anonymous_17)
FNDA:0,(anonymous_18)
FNDA:0,(anonymous_19)
FNDA:0,(anonymous_20)
FNDA:0,(anonymous_21)
FNDA:0,(anonymous_22)
FNDA:0,(anonymous_23)
FNDA:0,(anonymous_24)
DA:5,7
DA:7,0
DA:8,0
DA:39,0
DA:40,0
DA:43,0
DA:44,0
DA:46,0
DA:57,0
DA:58,0
DA:62,7
DA:63,0
DA:64,0
DA:124,0
DA:125,0
DA:129,0
DA:130,0
DA:131,0
DA:132,0
DA:133,0
DA:145,0
DA:150,0
DA:151,0
DA:153,0
DA:154,0
DA:155,0
DA:160,0
DA:164,0
DA:177,0
DA:188,0
DA:189,0
DA:194,7
DA:197,0
DA:198,0
DA:211,0
DA:212,0
DA:215,0
DA:223,0
DA:224,0
DA:230,0
DA:242,0
DA:243,0
DA:246,0
DA:249,0
DA:252,0
DA:274,0
DA:278,7
DA:279,0
DA:280,0
DA:288,0
DA:289,0
DA:292,0
DA:293,0
DA:295,0
DA:305,0
DA:306,0
DA:311,0
DA:315,0
DA:319,0
DA:328,7
DA:329,0
DA:331,0
DA:358,0
DA:359,0
DA:363,0
DA:364,0
DA:365,0
DA:372,0
DA:373,0
DA:374,0
DA:375,0
DA:379,0
DA:381,0
DA:382,0
DA:387,0
DA:397,0
DA:399,0
DA:407,0
DA:420,0
DA:434,0
DA:436,0
DA:453,0
DA:454,0
DA:465,0
DA:472,0
DA:474,0
DA:475,0
DA:489,0
DA:496,7
DA:497,0
DA:498,0
DA:500,0
DA:513,0
DA:516,0
DA:525,0
DA:526,0
DA:529,0
DA:530,0
DA:534,0
DA:543,0
DA:544,0
DA:545,0
DA:546,0
DA:547,0
DA:549,0
DA:555,7
DA:556,0
DA:558,0
DA:568,0
DA:569,0
DA:573,0
DA:574,0
DA:578,0
DA:601,0
DA:607,7
DA:608,0
DA:619,0
DA:620,0
DA:659,0
DA:660,0
DA:662,0
DA:680,0
DA:681,0
DA:688,7
DA:689,0
DA:690,0
DA:755,0
DA:756,0
DA:760,0
DA:761,0
DA:762,0
DA:763,0
DA:765,0
DA:770,0
DA:771,0
DA:773,0
DA:774,0
DA:775,0
DA:780,0
DA:784,0
DA:797,0
DA:808,0
DA:809,0
LF:143
LH:9
BRDA:39,0,0,0
BRDA:39,0,1,0
BRDA:48,1,0,0
BRDA:48,1,1,0
BRDA:124,2,0,0
BRDA:124,2,1,0
BRDA:130,3,0,0
BRDA:130,3,1,0
BRDA:135,4,0,0
BRDA:135,4,1,0
BRDA:153,5,0,0
BRDA:153,5,1,0
BRDA:153,6,0,0
BRDA:153,6,1,0
BRDA:153,6,2,0
BRDA:179,7,0,0
BRDA:179,7,1,0
BRDA:211,8,0,0
BRDA:211,8,1,0
BRDA:223,9,0,0
BRDA:223,9,1,0
BRDA:232,10,0,0
BRDA:232,10,1,0
BRDA:233,11,0,0
BRDA:233,11,1,0
BRDA:234,12,0,0
BRDA:234,12,1,0
BRDA:236,13,0,0
BRDA:236,13,1,0
BRDA:237,14,0,0
BRDA:237,14,1,0
BRDA:239,15,0,0
BRDA:239,15,1,0
BRDA:242,16,0,0
BRDA:242,16,1,0
BRDA:242,17,0,0
BRDA:242,17,1,0
BRDA:246,18,0,0
BRDA:246,18,1,0
BRDA:246,19,0,0
BRDA:246,19,1,0
BRDA:288,20,0,0
BRDA:288,20,1,0
BRDA:292,21,0,0
BRDA:292,21,1,0
BRDA:305,22,0,0
BRDA:305,22,1,0
BRDA:358,23,0,0
BRDA:358,23,1,0
BRDA:364,24,0,0
BRDA:364,24,1,0
BRDA:373,25,0,0
BRDA:373,25,1,0
BRDA:373,26,0,0
BRDA:373,26,1,0
BRDA:391,27,0,0
BRDA:391,27,1,0
BRDA:412,28,0,0
BRDA:412,28,1,0
BRDA:414,29,0,0
BRDA:414,29,1,0
BRDA:415,30,0,0
BRDA:415,30,1,0
BRDA:425,31,0,0
BRDA:425,31,1,0
BRDA:439,32,0,0
BRDA:439,32,1,0
BRDA:461,33,0,0
BRDA:461,33,1,0
BRDA:474,34,0,0
BRDA:474,34,1,0
BRDA:513,35,0,0
BRDA:513,35,1,0
BRDA:525,36,0,0
BRDA:525,36,1,0
BRDA:525,37,0,0
BRDA:525,37,1,0
BRDA:531,38,0,0
BRDA:531,38,1,0
BRDA:532,39,0,0
BRDA:532,39,1,0
BRDA:533,40,0,0
BRDA:533,40,1,0
BRDA:534,41,0,0
BRDA:534,41,1,0
BRDA:539,42,0,0
BRDA:539,42,1,0
BRDA:540,43,0,0
BRDA:540,43,1,0
BRDA:544,44,0,0
BRDA:544,44,1,0
BRDA:545,45,0,0
BRDA:545,45,1,0
BRDA:546,46,0,0
BRDA:546,46,1,0
BRDA:568,47,0,0
BRDA:568,47,1,0
BRDA:573,48,0,0
BRDA:573,48,1,0
BRDA:609,49,0,0
BRDA:609,49,1,0
BRDA:610,50,0,0
BRDA:610,50,1,0
BRDA:611,51,0,0
BRDA:611,51,1,0
BRDA:611,51,2,0
BRDA:613,52,0,0
BRDA:613,52,1,0
BRDA:614,53,0,0
BRDA:614,53,1,0
BRDA:663,54,0,0
BRDA:663,54,1,0
BRDA:755,55,0,0
BRDA:755,55,1,0
BRDA:761,56,0,0
BRDA:761,56,1,0
BRDA:773,57,0,0
BRDA:773,57,1,0
BRDA:773,58,0,0
BRDA:773,58,1,0
BRDA:773,58,2,0
BRDA:799,59,0,0
BRDA:799,59,1,0
BRF:123
BRH:0
end_of_record
TN:
SF:src/service/product-service.js
FN:8,(anonymous_0)
FN:51,(anonymous_1)
FN:80,(anonymous_2)
FN:84,(anonymous_3)
FN:98,(anonymous_4)
FN:174,(anonymous_5)
FN:202,(anonymous_6)
FN:249,(anonymous_7)
FN:250,(anonymous_8)
FN:277,(anonymous_9)
FN:320,(anonymous_10)
FN:333,(anonymous_11)
FN:362,(anonymous_12)
FNF:13
FNH:11
FNDA:2,(anonymous_0)
FNDA:3,(anonymous_1)
FNDA:1,(anonymous_2)
FNDA:0,(anonymous_3)
FNDA:3,(anonymous_4)
FNDA:2,(anonymous_5)
FNDA:6,(anonymous_6)
FNDA:4,(anonymous_7)
FNDA:4,(anonymous_8)
FNDA:2,(anonymous_9)
FNDA:2,(anonymous_10)
FNDA:0,(anonymous_11)
FNDA:2,(anonymous_12)
DA:8,7
DA:10,2
DA:12,2
DA:24,2
DA:28,2
DA:51,7
DA:52,3
DA:80,3
DA:82,1
DA:83,1
DA:84,0
DA:87,1
DA:98,7
DA:99,3
DA:145,3
DA:148,2
DA:153,2
DA:154,2
DA:155,1
DA:159,1
DA:162,2
DA:170,2
DA:171,2
DA:172,10
DA:174,2
DA:175,2
DA:179,2
DA:202,7
DA:204,6
DA:207,5
DA:208,2
DA:212,5
DA:215,3
DA:216,3
DA:217,1
DA:220,1
DA:223,3
DA:249,7
DA:250,4
DA:252,4
DA:255,4
DA:271,4
DA:272,1
DA:276,3
DA:277,2
DA:280,3
DA:281,1
DA:290,2
DA:295,2
DA:300,2
DA:301,2
DA:302,2
DA:303,2
DA:309,2
DA:320,7
DA:321,2
DA:327,2
DA:333,7
DA:334,0
DA:336,0
DA:343,0
DA:348,0
DA:356,0
DA:357,0
DA:362,7
DA:363,2
LF:66
LH:59
BRDA:83,0,0,0
BRDA:83,0,1,1
BRDA:145,1,0,1
BRDA:145,1,1,2
BRDA:153,2,0,2
BRDA:153,2,1,2
BRDA:154,3,0,1
BRDA:154,3,1,1
BRDA:207,4,0,2
BRDA:207,4,1,3
BRDA:216,5,0,1
BRDA:216,5,1,2
BRDA:271,6,0,1
BRDA:271,6,1,3
BRDA:280,7,0,1
BRDA:280,7,1,2
BRDA:300,8,0,2
BRDA:300,8,1,0
BRDA:328,9,0,2
BRDA:328,9,1,1
BRDA:343,10,0,0
BRDA:343,10,1,0
BRDA:352,11,0,0
BRDA:352,11,1,0
BRF:24
BRH:18
end_of_record
TN:
SF:src/service/profile-service.js
FN:9,(anonymous_0)
FN:44,(anonymous_1)
FN:66,(anonymous_2)
FN:94,(anonymous_3)
FNF:4
FNH:4
FNDA:2,(anonymous_0)
FNDA:2,(anonymous_1)
FNDA:3,(anonymous_2)
FNDA:3,(anonymous_3)
DA:9,7
DA:10,2
DA:12,2
DA:25,2
DA:26,2
DA:44,7
DA:45,2
DA:47,1
DA:66,7
DA:67,3
DA:70,3
DA:76,3
DA:77,2
DA:78,2
DA:82,3
DA:94,7
DA:96,3
DA:97,1
DA:100,2
DA:106,2
DA:107,2
DA:110,1
DA:111,1
LF:23
LH:23
BRDA:25,0,0,0
BRDA:25,0,1,2
BRDA:76,1,0,2
BRDA:76,1,1,1
BRDA:96,2,0,1
BRDA:96,2,1,2
BRDA:107,3,0,1
BRDA:107,3,1,1
BRF:8
BRH:7
end_of_record
TN:
SF:src/service/review-service.js
FN:7,(anonymous_0)
FN:9,(anonymous_1)
FN:80,(anonymous_2)
FN:81,(anonymous_3)
FN:118,(anonymous_4)
FNF:5
FNH:0
FNDA:0,(anonymous_0)
FNDA:0,(anonymous_1)
FNDA:0,(anonymous_2)
FNDA:0,(anonymous_3)
FNDA:0,(anonymous_4)
DA:7,7
DA:8,0
DA:9,0
DA:11,0
DA:23,0
DA:24,0
DA:27,0
DA:28,0
DA:31,0
DA:32,0
DA:36,0
DA:40,0
DA:41,0
DA:45,0
DA:65,0
DA:67,0
DA:73,0
DA:74,0
DA:80,7
DA:81,0
DA:82,0
DA:87,0
DA:88,0
DA:93,0
DA:111,0
DA:118,7
DA:120,0
DA:138,0
LF:28
LH:3
BRDA:23,0,0,0
BRDA:23,0,1,0
BRDA:27,1,0,0
BRDA:27,1,1,0
BRDA:31,2,0,0
BRDA:31,2,1,0
BRDA:40,3,0,0
BRDA:40,3,1,0
BRDA:51,4,0,0
BRDA:51,4,1,0
BRDA:87,5,0,0
BRDA:87,5,1,0
BRDA:89,6,0,0
BRDA:89,6,1,0
BRF:14
BRH:0
end_of_record
TN:
SF:src/service/user-service.js
FN:16,(anonymous_0)
FN:57,(anonymous_1)
FN:120,(anonymous_2)
FN:148,(anonymous_3)
FN:177,(anonymous_4)
FN:217,(anonymous_5)
FN:295,(anonymous_6)
FN:318,(anonymous_7)
FN:368,(anonymous_8)
FN:387,(anonymous_9)
FN:396,(anonymous_10)
FN:405,(anonymous_11)
FNF:12
FNH:7
FNDA:4,(anonymous_0)
FNDA:21,(anonymous_1)
FNDA:1,(anonymous_2)
FNDA:3,(anonymous_3)
FNDA:3,(anonymous_4)
FNDA:4,(anonymous_5)
FNDA:2,(anonymous_6)
FNDA:0,(anonymous_7)
FNDA:0,(anonymous_8)
FNDA:0,(anonymous_9)
FNDA:0,(anonymous_10)
FNDA:0,(anonymous_11)
DA:16,7
DA:18,4
DA:21,2
DA:25,2
DA:26,1
DA:30,1
DA:33,1
DA:57,7
DA:59,21
DA:62,21
DA:78,21
DA:79,1
DA:89,20
DA:90,20
DA:91,1
DA:95,19
DA:102,19
DA:108,19
DA:120,7
DA:122,1
DA:125,1
DA:134,1
DA:140,1
DA:148,7
DA:149,3
DA:156,3
DA:159,1
DA:160,1
DA:161,1
DA:162,1
DA:164,1
DA:172,1
DA:177,7
DA:179,3
DA:180,1
DA:184,2
DA:191,2
DA:192,2
DA:193,2
DA:194,2
DA:195,1
DA:196,1
DA:200,2
DA:201,1
DA:205,1
DA:206,1
DA:217,7
DA:218,4
DA:220,4
DA:223,3
DA:237,3
DA:238,1
DA:258,2
DA:260,1
DA:264,2
DA:271,2
DA:276,2
DA:289,2
DA:295,7
DA:296,2
DA:318,7
DA:320,0
DA:323,0
DA:348,0
DA:349,0
DA:353,0
DA:354,0
DA:355,0
DA:356,0
DA:357,0
DA:363,0
DA:365,0
DA:368,0
DA:374,0
DA:382,0
DA:384,0
DA:387,0
DA:393,0
DA:396,0
DA:402,0
DA:405,0
DA:411,0
DA:419,0
DA:420,0
DA:428,0
DA:432,0
LF:86
LH:61
BRDA:25,0,0,1
BRDA:25,0,1,1
BRDA:78,1,0,1
BRDA:78,1,1,20
BRDA:90,2,0,1
BRDA:90,2,1,19
BRDA:156,3,0,2
BRDA:156,3,1,1
BRDA:179,4,0,1
BRDA:179,4,1,2
BRDA:194,5,0,1
BRDA:194,5,1,1
BRDA:200,6,0,1
BRDA:200,6,1,1
BRDA:237,7,0,1
BRDA:237,7,1,2
BRDA:242,8,0,1
BRDA:242,8,1,0
BRDA:243,9,0,1
BRDA:243,9,1,0
BRDA:258,10,0,1
BRDA:258,10,1,1
BRDA:289,11,0,2
BRDA:289,11,1,0
BRDA:348,12,0,0
BRDA:348,12,1,0
BRDA:353,13,0,0
BRDA:353,13,1,0
BRDA:355,14,0,0
BRDA:355,14,1,0
BRDA:363,15,0,0
BRDA:363,15,1,0
BRDA:382,16,0,0
BRDA:382,16,1,0
BRDA:419,17,0,0
BRDA:419,17,1,0
BRF:36
BRH:21
end_of_record
TN:
SF:src/service/wishlist-service.js
FN:7,(anonymous_0)
FN:52,(anonymous_1)
FN:80,(anonymous_2)
FN:101,(anonymous_3)
FN:104,(anonymous_4)
FN:123,(anonymous_5)
FNF:6
FNH:0
FNDA:0,(anonymous_0)
FNDA:0,(anonymous_1)
FNDA:0,(anonymous_2)
FNDA:0,(anonymous_3)
FNDA:0,(anonymous_4)
FNDA:0,(anonymous_5)
DA:7,7
DA:8,0
DA:9,0
DA:12,0
DA:16,0
DA:17,0
DA:21,0
DA:30,0
DA:31,0
DA:34,0
DA:52,7
DA:53,0
DA:54,0
DA:56,0
DA:65,0
DA:66,0
DA:69,0
DA:80,7
DA:81,0
DA:83,0
DA:101,0
DA:102,0
DA:103,0
DA:104,0
DA:107,0
DA:118,0
DA:123,7
DA:124,0
DA:125,0
DA:127,0
DA:136,0
LF:31
LH:4
BRDA:16,0,0,0
BRDA:16,0,1,0
BRDA:30,1,0,0
BRDA:30,1,1,0
BRDA:65,2,0,0
BRDA:65,2,1,0
BRDA:103,3,0,0
BRDA:103,3,1,0
BRF:8
BRH:0
end_of_record
TN:
SF:src/utils/avatar.js
FN:5,(anonymous_0)
FNF:1
FNH:1
FNDA:4,(anonymous_0)
DA:5,7
DA:6,4
DA:7,4
DA:8,3
DA:10,1
LF:5
LH:5
BRDA:7,0,0,3
BRDA:7,0,1,1
BRF:2
BRH:2
end_of_record
TN:
SF:src/utils/email-sender.js
FN:20,(anonymous_0)
FNF:1
FNH:0
FNDA:0,(anonymous_0)
DA:3,6
DA:20,6
DA:21,0
DA:66,0
LF:4
LH:2
BRF:0
BRH:0
end_of_record
TN:
SF:src/utils/google-oauth.js
FN:10,(anonymous_0)
FNF:1
FNH:1
FNDA:4,(anonymous_0)
DA:5,7
DA:10,7
DA:11,4
DA:14,4
DA:22,4
DA:25,4
DA:26,0
DA:29,0
DA:35,4
DA:39,4
LF:10
LH:8
BRDA:25,0,0,0
BRDA:25,0,1,0
BRF:2
BRH:0
end_of_record
TN:
SF:src/utils/token-utils.js
FN:4,(anonymous_0)
FN:8,(anonymous_1)
FN:12,(anonymous_2)
FNF:3
FNH:3
FNDA:4,(anonymous_0)
FNDA:7,(anonymous_1)
FNDA:6,(anonymous_2)
DA:4,8
DA:5,4
DA:8,8
DA:9,7
DA:12,8
DA:13,6
LF:6
LH:6
BRF:0
BRH:0
end_of_record
TN:
SF:src/utils/upload.js
FN:7,(anonymous_0)
FN:20,(anonymous_1)
FN:27,(anonymous_2)
FNF:3
FNH:3
FNDA:5,(anonymous_0)
FNDA:6,(anonymous_1)
FNDA:2,(anonymous_2)
DA:4,7
DA:8,5
DA:9,5
DA:10,5
DA:12,0
DA:17,7
DA:20,7
DA:22,6
DA:23,4
DA:27,2
DA:28,2
DA:30,0
DA:31,0
DA:33,0
DA:35,2
LF:15
LH:11
BRDA:9,0,0,5
BRDA:9,0,1,0
BRDA:22,1,0,4
BRDA:22,1,1,2
BRDA:28,2,0,0
BRDA:28,2,1,2
BRDA:30,3,0,0
BRDA:30,3,1,0
BRDA:30,4,0,0
BRDA:30,4,1,0
BRF:10
BRH:4
end_of_record
TN:
SF:src/validation/cart-validation.js
FNF:0
FNH:0
DA:3,7
DA:8,7
LF:2
LH:2
BRF:0
BRH:0
end_of_record
TN:
SF:src/validation/checkout-validation.js
FNF:0
FNH:0
DA:4,7
LF:1
LH:1
BRF:0
BRH:0
end_of_record
TN:
SF:src/validation/order-validation.js
FNF:0
FNH:0
DA:4,7
DA:6,7
DA:11,7
DA:25,7
DA:29,7
DA:39,7
LF:6
LH:6
BRF:0
BRH:0
end_of_record
TN:
SF:src/validation/product-validation.js
FNF:0
FNH:0
DA:5,7
DA:25,7
DA:27,7
LF:3
LH:3
BRF:0
BRH:0
end_of_record
TN:
SF:src/validation/profile-validation.js
FNF:0
FNH:0
DA:4,7
DA:9,7
DA:16,7
LF:3
LH:3
BRF:0
BRH:0
end_of_record
TN:
SF:src/validation/review-validation.js
FNF:0
FNH:0
DA:4,7
DA:31,7
LF:2
LH:2
BRF:0
BRH:0
end_of_record
TN:
SF:src/validation/user-validation.js
FN:5,(anonymous_0)
FNF:1
FNH:1
FNDA:6,(anonymous_0)
DA:5,7
DA:6,6
DA:7,0
DA:9,6
DA:14,7
DA:16,7
DA:26,7
DA:32,7
DA:36,7
DA:44,7
LF:10
LH:9
BRDA:6,0,0,0
BRDA:6,0,1,6
BRF:2
BRH:1
end_of_record
TN:
SF:src/validation/validation.js
FN:4,(anonymous_0)
FNF:1
FNH:1
FNDA:65,(anonymous_0)
DA:4,7
DA:5,65
DA:10,65
DA:11,6
DA:13,59
LF:5
LH:5
BRDA:10,0,0,6
BRDA:10,0,1,59
BRF:2
BRH:2
end_of_record
TN:
SF:src/validation/wishlist-validation.js
FNF:0
FNH:0
DA:3,7
DA:5,7
DA:15,7
LF:3
LH:3
BRF:0
BRH:0
end_of_record
