TN:
SF:src/main.js
FN:5,(anonymous_0)
FNF:1
FNH:0
FNDA:0,(anonymous_0)
DA:5,0
DA:6,0
LF:2
LH:0
BRF:0
BRH:0
end_of_record
TN:
SF:src/application/database.js
FN:26,(anonymous_0)
FN:30,(anonymous_1)
FN:34,(anonymous_2)
FN:38,(anonymous_3)
FNF:4
FNH:3
FNDA:58,(anonymous_0)
FNDA:2,(anonymous_1)
FNDA:1,(anonymous_2)
FNDA:0,(anonymous_3)
DA:5,1
DA:26,1
DA:27,58
DA:30,1
DA:31,2
DA:34,1
DA:35,1
DA:38,1
DA:39,0
LF:9
LH:8
BRF:0
BRH:0
end_of_record
TN:
SF:src/application/logger.js
FNF:0
FNH:0
DA:4,1
LF:1
LH:1
BRF:0
BRH:0
end_of_record
TN:
SF:src/application/web.js
FNF:0
FNH:0
DA:9,1
DA:11,1
DA:12,1
DA:14,1
DA:15,1
DA:16,1
DA:18,1
LF:7
LH:7
BRF:0
BRH:0
end_of_record
TN:
SF:src/controller/cart-controller.js
FN:5,(anonymous_0)
FN:18,(anonymous_1)
FN:33,(anonymous_2)
FN:49,(anonymous_3)
FN:64,(anonymous_4)
FNF:5
FNH:0
FNDA:0,(anonymous_0)
FNDA:0,(anonymous_1)
FNDA:0,(anonymous_2)
FNDA:0,(anonymous_3)
FNDA:0,(anonymous_4)
DA:5,1
DA:6,0
DA:7,0
DA:8,0
DA:9,0
DA:14,0
DA:18,1
DA:19,0
DA:20,0
DA:21,0
DA:23,0
DA:24,0
DA:29,0
DA:33,1
DA:34,0
DA:35,0
DA:36,0
DA:37,0
DA:39,0
DA:40,0
DA:45,0
DA:49,1
DA:50,0
DA:51,0
DA:52,0
DA:54,0
DA:55,0
DA:60,0
DA:64,1
DA:65,0
DA:66,0
DA:67,0
DA:69,0
DA:74,0
LF:34
LH:5
BRF:0
BRH:0
end_of_record
TN:
SF:src/controller/checkout-controller.js
FN:9,(anonymous_0)
FN:29,(anonymous_1)
FN:89,(anonymous_2)
FNF:3
FNH:0
FNDA:0,(anonymous_0)
FNDA:0,(anonymous_1)
FNDA:0,(anonymous_2)
DA:9,1
DA:10,0
DA:11,0
DA:12,0
DA:13,0
DA:15,0
DA:23,0
DA:29,1
DA:30,0
DA:39,0
DA:41,0
DA:42,0
DA:46,0
DA:55,0
DA:57,0
DA:59,0
DA:70,0
DA:71,0
DA:77,0
DA:79,0
DA:89,1
DA:90,0
DA:91,0
DA:94,0
DA:95,0
DA:105,0
DA:108,0
DA:120,0
DA:121,0
DA:130,0
DA:136,0
LF:31
LH:3
BRDA:37,0,0,0
BRDA:38,1,0,0
BRDA:41,2,0,0
BRDA:41,2,1,0
BRDA:41,3,0,0
BRDA:41,3,1,0
BRDA:41,3,2,0
BRDA:50,4,0,0
BRDA:50,4,1,0
BRDA:70,5,0,0
BRDA:70,5,1,0
BRDA:72,6,0,0
BRDA:72,6,1,0
BRDA:74,7,0,0
BRDA:74,7,1,0
BRDA:94,8,0,0
BRDA:94,8,1,0
BRDA:94,9,0,0
BRDA:94,9,1,0
BRDA:94,9,2,0
BRDA:120,10,0,0
BRDA:120,10,1,0
BRDA:124,11,0,0
BRDA:124,11,1,0
BRDA:126,12,0,0
BRDA:126,12,1,0
BRF:26
BRH:0
end_of_record
TN:
SF:src/controller/midtrans-controller.js
FN:98,(anonymous_0)
FN:211,(anonymous_1)
FN:282,returnProductStock
FN:292,(anonymous_3)
FN:302,sendOrderNotification
FNF:5
FNH:0
FNDA:0,(anonymous_0)
FNDA:0,(anonymous_1)
FNDA:0,returnProductStock
FNDA:0,(anonymous_3)
FNDA:0,sendOrderNotification
DA:92,1
DA:98,1
DA:99,0
DA:100,0
DA:103,0
DA:104,0
DA:105,0
DA:106,0
DA:108,0
DA:111,0
DA:124,0
DA:125,0
DA:129,0
DA:130,0
DA:131,0
DA:133,0
DA:135,0
DA:136,0
DA:137,0
DA:138,0
DA:139,0
DA:140,0
DA:141,0
DA:143,0
DA:146,0
DA:147,0
DA:148,0
DA:149,0
DA:154,0
DA:155,0
DA:158,0
DA:159,0
DA:162,0
DA:163,0
DA:164,0
DA:168,0
DA:169,0
DA:172,0
DA:173,0
DA:177,0
DA:188,0
DA:200,0
DA:201,0
DA:204,0
DA:206,0
DA:207,0
DA:211,1
DA:212,0
DA:213,0
DA:216,0
DA:223,0
DA:224,0
DA:228,0
DA:229,0
DA:233,0
DA:234,0
DA:235,0
DA:236,0
DA:238,0
DA:239,0
DA:244,0
DA:253,0
DA:256,0
DA:271,0
DA:277,0
DA:283,0
DA:291,0
DA:293,0
DA:303,0
DA:305,0
DA:306,0
DA:320,0
LF:72
LH:3
BRDA:124,0,0,0
BRDA:124,0,1,0
BRDA:133,1,0,0
BRDA:133,1,1,0
BRDA:133,1,2,0
BRDA:133,1,3,0
BRDA:133,1,4,0
BRDA:133,1,5,0
BRDA:133,1,6,0
BRDA:133,1,7,0
BRDA:135,2,0,0
BRDA:135,2,1,0
BRDA:138,3,0,0
BRDA:138,3,1,0
BRDA:182,4,0,0
BRDA:182,4,1,0
BRDA:200,5,0,0
BRDA:200,5,1,0
BRDA:223,6,0,0
BRDA:223,6,1,0
BRDA:228,7,0,0
BRDA:228,7,1,0
BRDA:233,8,0,0
BRDA:233,8,1,0
BRDA:233,9,0,0
BRDA:233,9,1,0
BRDA:248,10,0,0
BRDA:248,10,1,0
BRDA:265,11,0,0
BRDA:265,11,1,0
BRF:30
BRH:0
end_of_record
TN:
SF:src/controller/order-controller.js
FN:7,(anonymous_0)
FN:24,(anonymous_1)
FN:44,(anonymous_2)
FN:60,(anonymous_3)
FN:75,(anonymous_4)
FN:128,(anonymous_5)
FN:160,formatOrderResponse
FN:172,(anonymous_7)
FNF:8
FNH:0
FNDA:0,(anonymous_0)
FNDA:0,(anonymous_1)
FNDA:0,(anonymous_2)
FNDA:0,(anonymous_3)
FNDA:0,(anonymous_4)
FNDA:0,(anonymous_5)
FNDA:0,formatOrderResponse
FNDA:0,(anonymous_7)
DA:7,1
DA:8,0
DA:9,0
DA:10,0
DA:12,0
DA:14,0
DA:20,0
DA:24,1
DA:25,0
DA:26,0
DA:27,0
DA:29,0
DA:30,0
DA:33,0
DA:35,0
DA:40,0
DA:44,1
DA:45,0
DA:46,0
DA:47,0
DA:49,0
DA:51,0
DA:56,0
DA:60,1
DA:61,0
DA:62,0
DA:64,0
DA:66,0
DA:71,0
DA:75,1
DA:76,0
DA:77,0
DA:78,0
DA:80,0
DA:82,0
DA:83,0
DA:86,0
DA:87,0
DA:90,0
DA:95,0
DA:106,0
DA:128,1
DA:129,0
DA:130,0
DA:131,0
DA:134,0
DA:138,0
DA:139,0
DA:142,0
DA:143,0
DA:147,0
DA:149,0
DA:155,0
DA:161,0
DA:172,0
LF:55
LH:6
BRDA:29,0,0,0
BRDA:29,0,1,0
BRDA:82,1,0,0
BRDA:82,1,1,0
BRDA:86,2,0,0
BRDA:86,2,1,0
BRDA:86,3,0,0
BRDA:86,3,1,0
BRDA:138,4,0,0
BRDA:138,4,1,0
BRDA:142,5,0,0
BRDA:142,5,1,0
BRDA:179,6,0,0
BRDA:179,6,1,0
BRDA:180,7,0,0
BRDA:180,7,1,0
BRF:16
BRH:0
end_of_record
TN:
SF:src/controller/product-controller.js
FN:11,(anonymous_0)
FN:66,(anonymous_1)
FN:79,(anonymous_2)
FN:123,(anonymous_3)
FN:156,(anonymous_4)
FNF:5
FNH:0
FNDA:0,(anonymous_0)
FNDA:0,(anonymous_1)
FNDA:0,(anonymous_2)
FNDA:0,(anonymous_3)
FNDA:0,(anonymous_4)
DA:9,1
DA:12,0
DA:13,0
DA:14,0
DA:17,0
DA:18,0
DA:21,0
DA:22,0
DA:23,0
DA:27,0
DA:35,0
DA:36,0
DA:39,0
DA:41,0
DA:47,0
DA:56,0
DA:57,0
DA:59,0
DA:66,1
DA:67,0
DA:68,0
DA:69,0
DA:74,0
DA:79,1
DA:80,0
DA:81,0
DA:82,0
DA:83,0
DA:85,0
DA:90,0
DA:123,1
DA:124,0
DA:126,0
DA:127,0
DA:130,0
DA:131,0
DA:132,0
DA:134,0
DA:140,0
DA:146,0
DA:147,0
DA:149,0
DA:156,1
DA:157,0
DA:158,0
DA:159,0
DA:161,0
DA:166,0
LF:48
LH:5
BRDA:13,0,0,0
BRDA:13,0,1,0
BRDA:22,1,0,0
BRDA:22,1,1,0
BRDA:35,2,0,0
BRDA:35,2,1,0
BRDA:56,3,0,0
BRDA:56,3,1,0
BRDA:82,4,0,0
BRDA:82,4,1,0
BRDA:146,5,0,0
BRDA:146,5,1,0
BRF:12
BRH:0
end_of_record
TN:
SF:src/controller/profile-controller.js
FN:4,(anonymous_0)
FN:17,(anonymous_1)
FN:28,(anonymous_2)
FN:50,(anonymous_3)
FNF:4
FNH:0
FNDA:0,(anonymous_0)
FNDA:0,(anonymous_1)
FNDA:0,(anonymous_2)
FNDA:0,(anonymous_3)
DA:4,1
DA:5,0
DA:6,0
DA:7,0
DA:12,0
DA:17,1
DA:18,0
DA:19,0
DA:20,0
DA:22,0
DA:28,1
DA:29,0
DA:30,0
DA:31,0
DA:34,0
DA:36,0
DA:43,0
DA:50,1
DA:51,0
DA:52,0
DA:58,0
DA:60,0
LF:22
LH:4
BRDA:30,0,0,0
BRDA:30,0,1,0
BRF:2
BRH:0
end_of_record
TN:
SF:src/controller/review-controller.js
FN:10,(anonymous_0)
FN:32,(anonymous_1)
FN:48,(anonymous_2)
FNF:3
FNH:0
FNDA:0,(anonymous_0)
FNDA:0,(anonymous_1)
FNDA:0,(anonymous_2)
DA:10,1
DA:11,0
DA:12,0
DA:13,0
DA:16,0
DA:17,0
DA:18,0
DA:20,0
DA:22,0
DA:27,0
DA:28,0
DA:32,1
DA:33,0
DA:34,0
DA:35,0
DA:37,0
DA:39,0
DA:44,0
DA:48,1
DA:49,0
DA:50,0
DA:51,0
DA:53,0
DA:55,0
DA:61,0
LF:25
LH:3
BRDA:12,0,0,0
BRDA:12,0,1,0
BRF:2
BRH:0
end_of_record
TN:
SF:src/controller/user-controller.js
FN:5,(anonymous_0)
FN:19,(anonymous_1)
FN:33,(anonymous_2)
FN:46,(anonymous_3)
FN:64,(anonymous_4)
FN:77,(anonymous_5)
FN:104,(anonymous_6)
FN:123,(anonymous_7)
FN:137,(anonymous_8)
FNF:9
FNH:4
FNDA:3,(anonymous_0)
FNDA:5,(anonymous_1)
FNDA:0,(anonymous_2)
FNDA:0,(anonymous_3)
FNDA:2,(anonymous_4)
FNDA:3,(anonymous_5)
FNDA:0,(anonymous_6)
FNDA:0,(anonymous_7)
FNDA:0,(anonymous_8)
DA:5,1
DA:6,3
DA:8,3
DA:10,0
DA:14,3
DA:19,1
DA:20,5
DA:23,5
DA:25,2
DA:29,3
DA:33,1
DA:34,0
DA:36,0
DA:37,0
DA:41,0
DA:46,1
DA:47,0
DA:48,0
DA:51,0
DA:58,0
DA:64,1
DA:65,2
DA:66,2
DA:67,2
DA:68,0
DA:72,2
DA:77,1
DA:78,3
DA:79,3
DA:80,3
DA:81,0
DA:85,3
DA:104,1
DA:105,0
DA:107,0
DA:109,0
DA:110,0
DA:112,0
DA:116,0
DA:117,0
DA:123,1
DA:124,0
DA:125,0
DA:126,0
DA:131,0
DA:137,1
DA:138,0
DA:139,0
DA:140,0
DA:142,0
DA:147,0
LF:51
LH:24
BRF:0
BRH:0
end_of_record
TN:
SF:src/controller/wishlist-controller.js
FN:3,(anonymous_0)
FN:19,(anonymous_1)
FN:35,(anonymous_2)
FN:52,(anonymous_3)
FNF:4
FNH:0
FNDA:0,(anonymous_0)
FNDA:0,(anonymous_1)
FNDA:0,(anonymous_2)
FNDA:0,(anonymous_3)
DA:3,1
DA:4,0
DA:5,0
DA:10,0
DA:15,0
DA:19,1
DA:20,0
DA:21,0
DA:26,0
DA:31,0
DA:35,1
DA:36,0
DA:37,0
DA:42,0
DA:48,0
DA:52,1
DA:53,0
DA:54,0
DA:59,0
DA:64,0
LF:20
LH:4
BRF:0
BRH:0
end_of_record
TN:
SF:src/error/response-error.js
FN:3,(anonymous_0)
FNF:1
FNH:1
FNDA:10,(anonymous_0)
DA:4,10
DA:5,10
LF:2
LH:2
BRF:0
BRH:0
end_of_record
TN:
SF:src/middleware/auth-middleware.js
FN:5,(anonymous_0)
FN:54,(anonymous_1)
FNF:2
FNH:2
FNDA:7,(anonymous_0)
FNDA:1,(anonymous_1)
DA:5,1
DA:6,7
DA:9,7
DA:10,4
DA:13,3
DA:15,3
DA:18,2
DA:31,2
DA:32,0
DA:36,2
DA:37,2
DA:41,1
DA:42,1
DA:44,0
DA:45,0
DA:48,0
DA:49,0
DA:54,1
DA:55,1
DA:56,1
DA:60,0
LF:21
LH:15
BRDA:9,0,0,4
BRDA:9,0,1,3
BRDA:31,1,0,0
BRDA:31,1,1,2
BRDA:41,2,0,1
BRDA:41,2,1,0
BRDA:44,3,0,0
BRDA:44,3,1,0
BRDA:55,4,0,1
BRDA:55,4,1,0
BRF:10
BRH:5
end_of_record
TN:
SF:src/middleware/checkout-middleware.js
FNF:0
FNH:0
LF:0
LH:0
BRF:0
BRH:0
end_of_record
TN:
SF:src/middleware/cloudinary-middleware.js
FNF:0
FNH:0
DA:4,1
DA:10,1
DA:20,1
LF:3
LH:3
BRF:0
BRH:0
end_of_record
TN:
SF:src/middleware/error-middleware.js
FN:4,(anonymous_0)
FNF:1
FNH:1
FNDA:11,(anonymous_0)
DA:4,1
DA:5,11
DA:6,0
DA:7,0
DA:10,11
DA:11,10
DA:15,1
LF:7
LH:5
BRDA:5,0,0,0
BRDA:5,0,1,11
BRDA:10,1,0,10
BRDA:10,1,1,1
BRF:4
BRH:3
end_of_record
TN:
SF:src/middleware/profile-middleware.js
FN:5,(anonymous_0)
FN:54,(anonymous_1)
FNF:2
FNH:0
FNDA:0,(anonymous_0)
FNDA:0,(anonymous_1)
DA:5,0
DA:6,0
DA:9,0
DA:10,0
DA:13,0
DA:15,0
DA:18,0
DA:31,0
DA:32,0
DA:36,0
DA:37,0
DA:41,0
DA:42,0
DA:44,0
DA:45,0
DA:48,0
DA:49,0
DA:54,0
DA:55,0
DA:56,0
DA:60,0
LF:21
LH:0
BRDA:9,0,0,0
BRDA:9,0,1,0
BRDA:31,1,0,0
BRDA:31,1,1,0
BRDA:41,2,0,0
BRDA:41,2,1,0
BRDA:44,3,0,0
BRDA:44,3,1,0
BRDA:55,4,0,0
BRDA:55,4,1,0
BRF:10
BRH:0
end_of_record
TN:
SF:src/route/admin-route.js
FNF:0
FNH:0
DA:11,1
DA:12,1
DA:13,1
DA:15,1
DA:16,1
DA:17,1
DA:18,1
DA:19,1
DA:20,1
DA:21,1
LF:10
LH:10
BRF:0
BRH:0
end_of_record
TN:
SF:src/route/api.js
FNF:0
FNH:0
DA:16,1
DA:17,1
DA:21,1
DA:24,1
DA:25,1
DA:26,1
DA:27,1
DA:31,1
DA:32,1
DA:33,1
DA:34,1
DA:35,1
DA:39,1
DA:43,1
DA:44,1
DA:47,1
DA:51,1
DA:52,1
DA:53,1
DA:58,1
DA:59,1
DA:60,1
DA:61,1
DA:66,1
DA:67,1
DA:68,1
DA:69,1
LF:27
LH:27
BRF:0
BRH:0
end_of_record
TN:
SF:src/route/public-route.js
FNF:0
FNH:0
DA:7,1
DA:9,1
DA:10,1
DA:11,1
DA:12,1
DA:13,1
DA:17,1
DA:18,1
LF:8
LH:8
BRF:0
BRH:0
end_of_record
TN:
SF:src/service/cart-service.js
FN:5,(anonymous_0)
FN:27,(anonymous_1)
FN:91,(anonymous_2)
FN:132,(anonymous_3)
FN:154,(anonymous_4)
FNF:5
FNH:0
FNDA:0,(anonymous_0)
FNDA:0,(anonymous_1)
FNDA:0,(anonymous_2)
FNDA:0,(anonymous_3)
FNDA:0,(anonymous_4)
DA:5,1
DA:6,0
DA:27,1
DA:29,0
DA:34,0
DA:35,0
DA:38,0
DA:39,0
DA:42,0
DA:91,1
DA:93,0
DA:98,0
DA:99,0
DA:102,0
DA:103,0
DA:107,0
DA:111,0
DA:112,0
DA:116,0
DA:128,0
DA:132,1
DA:134,0
DA:138,0
DA:139,0
DA:142,0
DA:151,0
DA:154,1
DA:155,0
DA:159,0
DA:160,0
DA:163,0
LF:31
LH:5
BRDA:34,0,0,0
BRDA:34,0,1,0
BRDA:38,1,0,0
BRDA:38,1,1,0
BRDA:98,2,0,0
BRDA:98,2,1,0
BRDA:102,3,0,0
BRDA:102,3,1,0
BRDA:111,4,0,0
BRDA:111,4,1,0
BRDA:138,5,0,0
BRDA:138,5,1,0
BRDA:159,6,0,0
BRDA:159,6,1,0
BRF:14
BRH:0
end_of_record
TN:
SF:src/service/checkout-service.js
FN:6,(anonymous_0)
FN:7,(anonymous_1)
FN:28,(anonymous_2)
FN:29,(anonymous_3)
FN:33,(anonymous_4)
FN:43,(anonymous_5)
FN:48,(anonymous_6)
FN:116,(anonymous_7)
FN:117,(anonymous_8)
FN:140,(anonymous_9)
FN:151,(anonymous_10)
FN:163,(anonymous_11)
FN:209,(anonymous_12)
FNF:13
FNH:0
FNDA:0,(anonymous_0)
FNDA:0,(anonymous_1)
FNDA:0,(anonymous_2)
FNDA:0,(anonymous_3)
FNDA:0,(anonymous_4)
FNDA:0,(anonymous_5)
FNDA:0,(anonymous_6)
FNDA:0,(anonymous_7)
FNDA:0,(anonymous_8)
FNDA:0,(anonymous_9)
FNDA:0,(anonymous_10)
FNDA:0,(anonymous_11)
FNDA:0,(anonymous_12)
DA:6,1
DA:7,0
DA:8,0
DA:9,0
DA:11,0
DA:28,1
DA:29,0
DA:31,0
DA:32,0
DA:33,0
DA:43,1
DA:44,0
DA:46,0
DA:48,0
DA:56,0
DA:57,0
DA:66,0
DA:98,0
DA:100,0
DA:107,0
DA:112,0
DA:116,1
DA:117,0
DA:118,0
DA:123,0
DA:125,0
DA:130,0
DA:131,0
DA:133,0
DA:140,0
DA:141,0
DA:145,0
DA:146,0
DA:150,0
DA:152,0
DA:159,0
DA:163,0
DA:189,0
DA:191,0
DA:193,0
DA:209,1
DA:210,0
DA:212,0
DA:213,0
DA:217,0
DA:224,0
DA:227,0
DA:229,0
DA:230,0
DA:234,0
DA:238,0
DA:239,0
DA:243,0
DA:244,0
DA:246,0
DA:248,0
DA:249,0
DA:250,0
DA:251,0
DA:252,0
DA:253,0
DA:255,0
DA:257,0
DA:258,0
DA:259,0
DA:263,0
DA:264,0
DA:265,0
DA:267,0
DA:268,0
DA:269,0
DA:273,0
DA:284,0
DA:295,0
DA:298,0
DA:303,0
LF:76
LH:5
BRDA:31,0,0,0
BRDA:31,0,1,0
BRDA:56,1,0,0
BRDA:56,1,1,0
BRDA:73,2,0,0
BRDA:73,2,1,0
BRDA:74,3,0,0
BRDA:74,3,1,0
BRDA:76,4,0,0
BRDA:76,4,1,0
BRDA:123,5,0,0
BRDA:123,5,1,0
BRDA:141,6,0,0
BRDA:141,6,1,0
BRDA:145,7,0,0
BRDA:145,7,1,0
BRDA:184,8,0,0
BRDA:184,8,1,0
BRDA:212,9,0,0
BRDA:212,9,1,0
BRDA:212,10,0,0
BRDA:212,10,1,0
BRDA:229,11,0,0
BRDA:229,11,1,0
BRDA:238,12,0,0
BRDA:238,12,1,0
BRDA:246,13,0,0
BRDA:246,13,1,0
BRDA:246,13,2,0
BRDA:246,13,3,0
BRDA:246,13,4,0
BRDA:246,13,5,0
BRDA:248,14,0,0
BRDA:248,14,1,0
BRDA:251,15,0,0
BRDA:251,15,1,0
BRDA:279,16,0,0
BRDA:279,16,1,0
BRF:38
BRH:0
end_of_record
TN:
SF:src/service/komerce-service.js
FN:5,(anonymous_0)
FN:19,(anonymous_1)
FN:76,(anonymous_2)
FN:122,(anonymous_3)
FNF:4
FNH:1
FNDA:1,(anonymous_0)
FNDA:0,(anonymous_1)
FNDA:0,(anonymous_2)
FNDA:0,(anonymous_3)
DA:6,1
DA:7,1
DA:8,1
DA:20,0
DA:21,0
DA:22,0
DA:25,0
DA:30,0
DA:36,0
DA:37,0
DA:40,0
DA:41,0
DA:48,0
DA:49,0
DA:52,0
DA:54,0
DA:65,0
DA:77,0
DA:78,0
DA:79,0
DA:82,0
DA:88,0
DA:91,0
DA:103,0
DA:105,0
DA:106,0
DA:109,0
DA:110,0
DA:117,0
DA:118,0
DA:122,0
DA:134,0
DA:143,0
LF:33
LH:3
BRDA:21,0,0,0
BRDA:21,0,1,0
BRDA:21,1,0,0
BRDA:21,1,1,0
BRDA:27,2,0,0
BRDA:27,2,1,0
BRDA:36,3,0,0
BRDA:36,3,1,0
BRDA:40,4,0,0
BRDA:40,4,1,0
BRDA:42,5,0,0
BRDA:42,5,1,0
BRDA:43,6,0,0
BRDA:43,6,1,0
BRDA:48,7,0,0
BRDA:48,7,1,0
BRDA:66,8,0,0
BRDA:66,8,1,0
BRDA:67,9,0,0
BRDA:67,9,1,0
BRDA:78,10,0,0
BRDA:78,10,1,0
BRDA:78,11,0,0
BRDA:78,11,1,0
BRDA:78,11,2,0
BRDA:96,12,0,0
BRDA:96,12,1,0
BRDA:97,13,0,0
BRDA:97,13,1,0
BRDA:98,14,0,0
BRDA:98,14,1,0
BRDA:99,15,0,0
BRDA:99,15,1,0
BRDA:105,16,0,0
BRDA:105,16,1,0
BRDA:105,17,0,0
BRDA:105,17,1,0
BRDA:109,18,0,0
BRDA:109,18,1,0
BRDA:111,19,0,0
BRDA:111,19,1,0
BRDA:112,20,0,0
BRDA:112,20,1,0
BRDA:117,21,0,0
BRDA:117,21,1,0
BRDA:144,22,0,0
BRDA:144,22,1,0
BRF:47
BRH:0
end_of_record
TN:
SF:src/service/midtrans-service.js
FNF:0
FNH:0
DA:4,1
LF:1
LH:1
BRF:0
BRH:0
end_of_record
TN:
SF:src/service/order-service.js
FN:5,(anonymous_0)
FN:46,(anonymous_1)
FN:48,(anonymous_2)
FN:68,(anonymous_3)
FN:142,(anonymous_4)
FN:165,(anonymous_5)
FN:168,(anonymous_6)
FN:249,(anonymous_7)
FN:250,(anonymous_8)
FN:264,(anonymous_9)
FN:471,(anonymous_10)
FN:472,(anonymous_11)
FN:541,(anonymous_12)
FN:563,(anonymous_13)
FN:591,sendCancellationNotifications
FN:604,(anonymous_15)
FN:635,(anonymous_16)
FN:673,(anonymous_17)
FN:694,(anonymous_18)
FN:695,(anonymous_19)
FN:744,sendOrderNotification
FNF:21
FNH:0
FNDA:0,(anonymous_0)
FNDA:0,(anonymous_1)
FNDA:0,(anonymous_2)
FNDA:0,(anonymous_3)
FNDA:0,(anonymous_4)
FNDA:0,(anonymous_5)
FNDA:0,(anonymous_6)
FNDA:0,(anonymous_7)
FNDA:0,(anonymous_8)
FNDA:0,(anonymous_9)
FNDA:0,(anonymous_10)
FNDA:0,(anonymous_11)
FNDA:0,(anonymous_12)
FNDA:0,(anonymous_13)
FNDA:0,sendCancellationNotifications
FNDA:0,(anonymous_15)
FNDA:0,(anonymous_16)
FNDA:0,(anonymous_17)
FNDA:0,(anonymous_18)
FNDA:0,(anonymous_19)
FNDA:0,sendOrderNotification
DA:5,1
DA:6,0
DA:8,0
DA:9,0
DA:41,0
DA:42,0
DA:45,0
DA:46,0
DA:48,0
DA:63,0
DA:64,0
DA:68,1
DA:69,0
DA:70,0
DA:111,0
DA:112,0
DA:116,0
DA:117,0
DA:119,0
DA:120,0
DA:121,0
DA:126,0
DA:130,0
DA:142,0
DA:160,0
DA:161,0
DA:165,1
DA:168,0
DA:169,0
DA:182,0
DA:183,0
DA:186,0
DA:194,0
DA:195,0
DA:201,0
DA:213,0
DA:214,0
DA:217,0
DA:220,0
DA:223,0
DA:241,0
DA:242,0
DA:245,0
DA:249,1
DA:250,0
DA:251,0
DA:258,0
DA:259,0
DA:262,0
DA:263,0
DA:265,0
DA:275,0
DA:279,0
DA:283,0
DA:471,1
DA:472,0
DA:474,0
DA:501,0
DA:502,0
DA:506,0
DA:507,0
DA:508,0
DA:515,0
DA:516,0
DA:517,0
DA:518,0
DA:522,0
DA:524,0
DA:525,0
DA:530,0
DA:540,0
DA:542,0
DA:550,0
DA:563,0
DA:577,0
DA:579,0
DA:592,0
DA:593,0
DA:604,0
DA:611,0
DA:613,0
DA:614,0
DA:628,0
DA:635,1
DA:636,0
DA:637,0
DA:639,0
DA:652,0
DA:655,0
DA:664,0
DA:665,0
DA:668,0
DA:669,0
DA:673,0
DA:682,0
DA:683,0
DA:684,0
DA:685,0
DA:686,0
DA:688,0
DA:694,1
DA:695,0
DA:697,0
DA:707,0
DA:708,0
DA:712,0
DA:713,0
DA:717,0
DA:738,0
DA:740,0
DA:745,0
DA:747,0
DA:748,0
DA:754,0
LF:114
LH:7
BRDA:5,0,0,0
BRDA:5,1,0,0
BRDA:41,2,0,0
BRDA:41,2,1,0
BRDA:49,3,0,0
BRDA:49,3,1,0
BRDA:111,4,0,0
BRDA:111,4,1,0
BRDA:119,5,0,0
BRDA:119,5,1,0
BRDA:119,6,0,0
BRDA:119,6,1,0
BRDA:119,6,2,0
BRDA:143,7,0,0
BRDA:143,7,1,0
BRDA:182,8,0,0
BRDA:182,8,1,0
BRDA:194,9,0,0
BRDA:194,9,1,0
BRDA:203,10,0,0
BRDA:203,10,1,0
BRDA:204,11,0,0
BRDA:204,11,1,0
BRDA:205,12,0,0
BRDA:205,12,1,0
BRDA:207,13,0,0
BRDA:207,13,1,0
BRDA:208,14,0,0
BRDA:208,14,1,0
BRDA:210,15,0,0
BRDA:210,15,1,0
BRDA:213,16,0,0
BRDA:213,16,1,0
BRDA:213,17,0,0
BRDA:213,17,1,0
BRDA:217,18,0,0
BRDA:217,18,1,0
BRDA:217,19,0,0
BRDA:217,19,1,0
BRDA:241,20,0,0
BRDA:241,20,1,0
BRDA:258,21,0,0
BRDA:258,21,1,0
BRDA:262,22,0,0
BRDA:262,22,1,0
BRDA:501,23,0,0
BRDA:501,23,1,0
BRDA:507,24,0,0
BRDA:507,24,1,0
BRDA:516,25,0,0
BRDA:516,25,1,0
BRDA:516,26,0,0
BRDA:516,26,1,0
BRDA:534,27,0,0
BRDA:534,27,1,0
BRDA:555,28,0,0
BRDA:555,28,1,0
BRDA:557,29,0,0
BRDA:557,29,1,0
BRDA:558,30,0,0
BRDA:558,30,1,0
BRDA:568,31,0,0
BRDA:568,31,1,0
BRDA:582,32,0,0
BRDA:582,32,1,0
BRDA:600,33,0,0
BRDA:600,33,1,0
BRDA:613,34,0,0
BRDA:613,34,1,0
BRDA:652,35,0,0
BRDA:652,35,1,0
BRDA:664,36,0,0
BRDA:664,36,1,0
BRDA:664,37,0,0
BRDA:664,37,1,0
BRDA:670,38,0,0
BRDA:670,38,1,0
BRDA:671,39,0,0
BRDA:671,39,1,0
BRDA:672,40,0,0
BRDA:672,40,1,0
BRDA:673,41,0,0
BRDA:673,41,1,0
BRDA:678,42,0,0
BRDA:678,42,1,0
BRDA:679,43,0,0
BRDA:679,43,1,0
BRDA:683,44,0,0
BRDA:683,44,1,0
BRDA:684,45,0,0
BRDA:684,45,1,0
BRDA:685,46,0,0
BRDA:685,46,1,0
BRDA:707,47,0,0
BRDA:707,47,1,0
BRDA:712,48,0,0
BRDA:712,48,1,0
BRF:97
BRH:0
end_of_record
TN:
SF:src/service/product-service.js
FN:8,(anonymous_0)
FN:51,(anonymous_1)
FN:94,(anonymous_2)
FN:106,(anonymous_3)
FN:166,(anonymous_4)
FN:183,(anonymous_5)
FN:230,(anonymous_6)
FN:231,(anonymous_7)
FN:258,(anonymous_8)
FN:301,(anonymous_9)
FN:314,(anonymous_10)
FN:337,(anonymous_11)
FNF:12
FNH:0
FNDA:0,(anonymous_0)
FNDA:0,(anonymous_1)
FNDA:0,(anonymous_2)
FNDA:0,(anonymous_3)
FNDA:0,(anonymous_4)
FNDA:0,(anonymous_5)
FNDA:0,(anonymous_6)
FNDA:0,(anonymous_7)
FNDA:0,(anonymous_8)
FNDA:0,(anonymous_9)
FNDA:0,(anonymous_10)
FNDA:0,(anonymous_11)
DA:8,1
DA:10,0
DA:12,0
DA:20,0
DA:21,0
DA:24,0
DA:28,0
DA:51,1
DA:52,0
DA:94,0
DA:106,1
DA:107,0
DA:150,0
DA:153,0
DA:162,0
DA:163,0
DA:164,0
DA:166,0
DA:167,0
DA:170,0
DA:183,1
DA:185,0
DA:188,0
DA:189,0
DA:193,0
DA:196,0
DA:197,0
DA:198,0
DA:201,0
DA:204,0
DA:230,1
DA:231,0
DA:233,0
DA:236,0
DA:252,0
DA:253,0
DA:257,0
DA:258,0
DA:261,0
DA:262,0
DA:271,0
DA:276,0
DA:281,0
DA:282,0
DA:283,0
DA:284,0
DA:286,0
DA:290,0
DA:301,1
DA:302,0
DA:308,0
DA:314,1
DA:315,0
DA:317,0
DA:324,0
DA:332,0
DA:333,0
DA:337,1
DA:338,0
LF:59
LH:8
BRDA:20,0,0,0
BRDA:20,0,1,0
BRDA:98,1,0,0
BRDA:98,1,1,0
BRDA:150,2,0,0
BRDA:150,2,1,0
BRDA:173,3,0,0
BRDA:173,3,1,0
BRDA:188,4,0,0
BRDA:188,4,1,0
BRDA:197,5,0,0
BRDA:197,5,1,0
BRDA:252,6,0,0
BRDA:252,6,1,0
BRDA:261,7,0,0
BRDA:261,7,1,0
BRDA:281,8,0,0
BRDA:281,8,1,0
BRDA:309,9,0,0
BRDA:309,9,1,0
BRDA:327,10,0,0
BRDA:327,10,1,0
BRDA:328,11,0,0
BRDA:328,11,1,0
BRF:24
BRH:0
end_of_record
TN:
SF:src/service/profile-service.js
FN:8,(anonymous_0)
FN:29,(anonymous_1)
FN:44,(anonymous_2)
FN:72,(anonymous_3)
FNF:4
FNH:0
FNDA:0,(anonymous_0)
FNDA:0,(anonymous_1)
FNDA:0,(anonymous_2)
FNDA:0,(anonymous_3)
DA:8,1
DA:9,0
DA:11,0
DA:24,0
DA:25,0
DA:29,1
DA:30,0
DA:32,0
DA:44,1
DA:45,0
DA:48,0
DA:54,0
DA:55,0
DA:56,0
DA:60,0
DA:72,1
DA:74,0
DA:75,0
DA:78,0
DA:84,0
DA:85,0
DA:88,0
DA:89,0
LF:23
LH:4
BRDA:24,0,0,0
BRDA:24,0,1,0
BRDA:54,1,0,0
BRDA:54,1,1,0
BRDA:74,2,0,0
BRDA:74,2,1,0
BRDA:85,3,0,0
BRDA:85,3,1,0
BRF:8
BRH:0
end_of_record
TN:
SF:src/service/review-service.js
FN:7,(anonymous_0)
FN:9,(anonymous_1)
FN:80,(anonymous_2)
FN:81,(anonymous_3)
FN:118,(anonymous_4)
FNF:5
FNH:0
FNDA:0,(anonymous_0)
FNDA:0,(anonymous_1)
FNDA:0,(anonymous_2)
FNDA:0,(anonymous_3)
FNDA:0,(anonymous_4)
DA:7,1
DA:8,0
DA:9,0
DA:11,0
DA:23,0
DA:24,0
DA:27,0
DA:28,0
DA:31,0
DA:32,0
DA:36,0
DA:40,0
DA:41,0
DA:45,0
DA:65,0
DA:67,0
DA:73,0
DA:74,0
DA:80,1
DA:81,0
DA:82,0
DA:87,0
DA:88,0
DA:93,0
DA:111,0
DA:118,1
DA:119,0
DA:121,0
DA:139,0
LF:29
LH:3
BRDA:23,0,0,0
BRDA:23,0,1,0
BRDA:27,1,0,0
BRDA:27,1,1,0
BRDA:31,2,0,0
BRDA:31,2,1,0
BRDA:40,3,0,0
BRDA:40,3,1,0
BRDA:51,4,0,0
BRDA:51,4,1,0
BRDA:87,5,0,0
BRDA:87,5,1,0
BRDA:89,6,0,0
BRDA:89,6,1,0
BRDA:118,7,0,0
BRDA:118,8,0,0
BRF:16
BRH:0
end_of_record
TN:
SF:src/service/user-service.js
FN:16,(anonymous_0)
FN:97,(anonymous_1)
FN:160,(anonymous_2)
FN:188,(anonymous_3)
FN:244,(anonymous_4)
FN:275,(anonymous_5)
FN:386,(anonymous_6)
FN:464,(anonymous_7)
FN:487,(anonymous_8)
FN:537,(anonymous_9)
FN:556,(anonymous_10)
FN:565,(anonymous_11)
FN:574,(anonymous_12)
FNF:13
FNH:4
FNDA:3,(anonymous_0)
FNDA:5,(anonymous_1)
FNDA:0,(anonymous_2)
FNDA:0,(anonymous_3)
FNDA:2,(anonymous_4)
FNDA:3,(anonymous_5)
FNDA:0,(anonymous_6)
FNDA:0,(anonymous_7)
FNDA:0,(anonymous_8)
FNDA:0,(anonymous_9)
FNDA:0,(anonymous_10)
FNDA:0,(anonymous_11)
FNDA:0,(anonymous_12)
DA:16,1
DA:18,3
DA:21,0
DA:25,0
DA:26,0
DA:30,0
DA:33,0
DA:97,1
DA:99,5
DA:102,4
DA:118,4
DA:119,1
DA:123,3
DA:124,0
DA:129,3
DA:130,3
DA:131,1
DA:135,2
DA:142,2
DA:148,2
DA:160,1
DA:162,0
DA:165,0
DA:170,0
DA:171,0
DA:174,0
DA:180,0
DA:188,1
DA:190,0
DA:193,0
DA:209,0
DA:210,0
DA:214,0
DA:215,0
DA:216,0
DA:220,0
DA:227,0
DA:232,0
DA:244,1
DA:245,2
DA:252,2
DA:257,1
DA:258,1
DA:259,1
DA:260,1
DA:262,1
DA:270,1
DA:275,1
DA:277,3
DA:278,1
DA:282,2
DA:289,2
DA:290,2
DA:291,0
DA:292,0
DA:293,0
DA:294,0
DA:298,2
DA:299,2
DA:303,0
DA:304,0
DA:386,1
DA:387,0
DA:389,0
DA:392,0
DA:406,0
DA:407,0
DA:427,0
DA:429,0
DA:433,0
DA:440,0
DA:445,0
DA:457,0
DA:458,0
DA:464,1
DA:465,0
DA:487,1
DA:489,0
DA:492,0
DA:517,0
DA:518,0
DA:522,0
DA:523,0
DA:524,0
DA:525,0
DA:526,0
DA:532,0
DA:534,0
DA:537,0
DA:543,0
DA:551,0
DA:553,0
DA:556,0
DA:562,0
DA:565,0
DA:571,0
DA:574,0
DA:580,0
DA:588,0
DA:589,0
DA:597,0
DA:601,0
LF:102
LH:36
BRDA:25,0,0,0
BRDA:25,0,1,0
BRDA:118,1,0,1
BRDA:118,1,1,3
BRDA:123,2,0,0
BRDA:123,2,1,3
BRDA:130,3,0,1
BRDA:130,3,1,2
BRDA:170,4,0,0
BRDA:170,4,1,0
BRDA:209,5,0,0
BRDA:209,5,1,0
BRDA:215,6,0,0
BRDA:215,6,1,0
BRDA:252,7,0,1
BRDA:252,7,1,1
BRDA:277,8,0,1
BRDA:277,8,1,2
BRDA:292,9,0,0
BRDA:292,9,1,0
BRDA:298,10,0,2
BRDA:298,10,1,0
BRDA:406,11,0,0
BRDA:406,11,1,0
BRDA:411,12,0,0
BRDA:411,12,1,0
BRDA:412,13,0,0
BRDA:412,13,1,0
BRDA:427,14,0,0
BRDA:427,14,1,0
BRDA:458,15,0,0
BRDA:458,15,1,0
BRDA:517,16,0,0
BRDA:517,16,1,0
BRDA:522,17,0,0
BRDA:522,17,1,0
BRDA:524,18,0,0
BRDA:524,18,1,0
BRDA:532,19,0,0
BRDA:532,19,1,0
BRDA:551,20,0,0
BRDA:551,20,1,0
BRDA:588,21,0,0
BRDA:588,21,1,0
BRF:44
BRH:10
end_of_record
TN:
SF:src/service/wishlist-service.js
FN:7,(anonymous_0)
FN:53,(anonymous_1)
FN:80,(anonymous_2)
FN:114,(anonymous_3)
FN:124,(anonymous_4)
FNF:5
FNH:0
FNDA:0,(anonymous_0)
FNDA:0,(anonymous_1)
FNDA:0,(anonymous_2)
FNDA:0,(anonymous_3)
FNDA:0,(anonymous_4)
DA:7,1
DA:8,0
DA:9,0
DA:12,0
DA:16,0
DA:17,0
DA:21,0
DA:30,0
DA:31,0
DA:34,0
DA:53,1
DA:54,0
DA:55,0
DA:57,0
DA:66,0
DA:67,0
DA:70,0
DA:80,1
DA:81,0
DA:82,0
DA:84,0
DA:86,0
DA:113,0
DA:114,0
DA:124,1
DA:125,0
DA:126,0
DA:128,0
DA:137,0
LF:29
LH:4
BRDA:16,0,0,0
BRDA:16,0,1,0
BRDA:30,1,0,0
BRDA:30,1,1,0
BRDA:66,2,0,0
BRDA:66,2,1,0
BRF:6
BRH:0
end_of_record
TN:
SF:src/utils/avatar.js
FN:5,(anonymous_0)
FNF:1
FNH:0
FNDA:0,(anonymous_0)
DA:5,1
DA:6,0
DA:7,0
DA:8,0
DA:10,0
LF:5
LH:1
BRDA:7,0,0,0
BRDA:7,0,1,0
BRF:2
BRH:0
end_of_record
TN:
SF:src/utils/email-sender.js
FN:20,(anonymous_0)
FNF:1
FNH:1
FNDA:1,(anonymous_0)
DA:3,1
DA:20,1
DA:21,1
DA:66,1
LF:4
LH:4
BRF:0
BRH:0
end_of_record
TN:
SF:src/utils/google-oauth.js
FN:37,(anonymous_0)
FNF:1
FNH:0
FNDA:0,(anonymous_0)
DA:32,1
DA:37,1
DA:38,0
DA:39,0
DA:41,0
DA:49,0
DA:50,0
DA:52,0
DA:53,0
DA:56,0
DA:62,0
DA:66,0
LF:12
LH:2
BRDA:52,0,0,0
BRDA:52,0,1,0
BRF:2
BRH:0
end_of_record
TN:
SF:src/utils/token-utils.js
FN:4,(anonymous_0)
FN:8,(anonymous_1)
FN:12,(anonymous_2)
FNF:3
FNH:2
FNDA:1,(anonymous_0)
FNDA:1,(anonymous_1)
FNDA:0,(anonymous_2)
DA:4,1
DA:5,1
DA:8,1
DA:9,1
DA:12,1
DA:13,0
LF:6
LH:5
BRF:0
BRH:0
end_of_record
TN:
SF:src/utils/upload.js
FN:7,(anonymous_0)
FN:20,(anonymous_1)
FN:27,(anonymous_2)
FNF:3
FNH:0
FNDA:0,(anonymous_0)
FNDA:0,(anonymous_1)
FNDA:0,(anonymous_2)
DA:4,1
DA:8,0
DA:9,0
DA:10,0
DA:12,0
DA:17,1
DA:20,1
DA:22,0
DA:23,0
DA:27,0
DA:28,0
DA:30,0
DA:31,0
DA:33,0
DA:35,0
LF:15
LH:3
BRDA:9,0,0,0
BRDA:9,0,1,0
BRDA:22,1,0,0
BRDA:22,1,1,0
BRDA:28,2,0,0
BRDA:28,2,1,0
BRDA:30,3,0,0
BRDA:30,3,1,0
BRDA:30,4,0,0
BRDA:30,4,1,0
BRF:10
BRH:0
end_of_record
TN:
SF:src/validation/cart-validation.js
FNF:0
FNH:0
DA:3,1
DA:8,1
LF:2
LH:2
BRF:0
BRH:0
end_of_record
TN:
SF:src/validation/checkout-validation.js
FNF:0
FNH:0
DA:4,1
LF:1
LH:1
BRF:0
BRH:0
end_of_record
TN:
SF:src/validation/order-validation.js
FNF:0
FNH:0
DA:4,1
DA:6,1
DA:11,1
DA:25,1
DA:29,1
LF:5
LH:5
BRF:0
BRH:0
end_of_record
TN:
SF:src/validation/product-validation.js
FNF:0
FNH:0
DA:5,1
DA:26,1
DA:28,1
LF:3
LH:3
BRF:0
BRH:0
end_of_record
TN:
SF:src/validation/profile-validation.js
FNF:0
FNH:0
DA:4,1
DA:9,1
DA:16,1
LF:3
LH:3
BRF:0
BRH:0
end_of_record
TN:
SF:src/validation/review-validation.js
FNF:0
FNH:0
DA:4,1
DA:31,1
LF:2
LH:2
BRF:0
BRH:0
end_of_record
TN:
SF:src/validation/user-validation.js
FN:5,(anonymous_0)
FNF:1
FNH:0
FNDA:0,(anonymous_0)
DA:5,1
DA:6,0
DA:7,0
DA:9,0
DA:14,1
DA:16,1
DA:26,1
DA:32,1
DA:36,1
DA:50,1
LF:10
LH:7
BRDA:6,0,0,0
BRDA:6,0,1,0
BRF:2
BRH:0
end_of_record
TN:
SF:src/validation/validation.js
FN:4,(anonymous_0)
FNF:1
FNH:1
FNDA:8,(anonymous_0)
DA:4,1
DA:5,8
DA:10,8
DA:11,4
DA:13,4
LF:5
LH:5
BRDA:10,0,0,4
BRDA:10,0,1,4
BRF:2
BRH:2
end_of_record
TN:
SF:src/validation/wishlist-validation.js
FNF:0
FNH:0
DA:3,1
DA:5,1
DA:15,1
LF:3
LH:3
BRF:0
BRH:0
end_of_record
